///////////////////////////////////////////////////////////////////////////////////
///                                                                             ///
///                                                                             ///
///              QQQ       UUU  UUU    KKK   KK    EEEEEEE    TTTTTTT           ///
///             Q   Q       u    U      K   K       E    E    T  T  T           ///
///            Q     Q      U    U      K  K        E  E         T              ///
///            Q     Q      U    U      KKK         EEEE         T              ///
///            Q QQQ Q      U    U      K  K        E  E         T              ///
///             Q   Q       U    U      K   K       E    E       T              ///
///              QQQ QQ      UUUU      KKK   KK    EEEEEEE      TTT             ///
///                                                                             ///
///                      Quantum Computing Simulator Ver 0.8.1                  ///
///                                                                             ///
///        Copyright 2019-2022                                                  ///
///        The Quket Developers                                                 ///
///        All rights Reserved.                                                 ///
///                                                                             ///
///////////////////////////////////////////////////////////////////////////////////
2022-05-25 10:39:12.581288: 
56 processes x 1 = Total 56 cores

##################### INPUT ########################
basis        = sto-6G
multiplicity = 1
charge       = 0
n_electrons  = 6
n_orbitals   = 5
method       = vqe
ansatz       = uccsd
geometry
H   1.818585887 1.250512313 0
O   0   -0.157587329    0
H   -1.818585887    1.250512313 0
maxiter      = 0

@@@
maxiter      = 1000
pyscf_guess  = read
geometry
H   1.976723791 1.359252514 0
O   0   -0.171290575    0
H   -1.976723791    1.359252514 0
kappa_guess  = read
ansatz       = uhf

@@@
theta_guess  = zero
kappa_to_T1  = 1
kappa_guess  = read
ansatz       = uccsd
rho          = 1

####################################################

+-------------+
|  Job #   1  |
+-------------+
Basis set = sto-6G

*** Geometry ******************************
  H     1.8185859    1.2505123    0.0000000
  O     0.0000000   -0.1575873    0.0000000
  H    -1.8185859    1.2505123    0.0000000
*******************************************

Symmetry C2v : C2v(Abelian)
E[FCI]    = -75.46331558033351     (Spin = 1   Ms = 0)
E[HF]     = -74.99009251884594    (Spin = 1   Ms = 0)
NBasis = 7

[Molecular Orbitals]
---+-------+------------+------------------
 # |  Sym  |   energy   |     category
---+-------+------------+------------------
 0 |   A1  |   -20.5644 | Frozen Core
 1 |   A1  |    -1.1333 | Frozen Core
 2 |   B2  |    -0.4142 | Active (occupied)
 3 |   B1  |    -0.2535 | Active (occupied)
 4 |   A1  |    -0.2445 | Active (occupied)
 5 |   A1  |     0.0585 | Active (virtual)
 6 |   B1  |     0.0717 | Active (virtual)
---+-------+------------+------------------


   Skipping job since maxiter = 0.

Saved in ./bsuccsd_h2o.qkt.
+-------------+
|  Job #   2  |
+-------------+
Basis set = sto-6G

*** Geometry ******************************
  H     1.9767238    1.3592525    0.0000000
  O     0.0000000   -0.1712906    0.0000000
  H    -1.9767238    1.3592525    0.0000000
*******************************************

Symmetry C2v : C2v(Abelian)
E[FCI]    = -75.46035718349653     (Spin = 1   Ms = 0)
E[HF]     = -74.92680637169788    (Spin = 1   Ms = 0)
TODO: Pauli_list is not supported for ansatz = uhf.
NBasis = 7

[Molecular Orbitals]
---+-------+------------+------------------
 # |  Sym  |   energy   |     category
---+-------+------------+------------------
 0 |   A1  |   -20.5576 | Frozen Core
 1 |   A1  |    -1.1310 | Frozen Core
 2 |   B2  |    -0.4128 | Active (occupied)
 3 |   B1  |    -0.2298 | Active (occupied)
 4 |   A1  |    -0.2236 | Active (occupied)
 5 |   A1  |     0.0390 | Active (virtual)
 6 |   B1  |     0.0481 | Active (virtual)
---+-------+------------+------------------

Entered VQE driver
Number of parameters: Singles 12    Doubles 0    Total 12
Performing VQE for uhf
Number of VQE parameters: 12
Initial configuration: |0000111111>
Convergence criteria: ftol = 1E-09, gtol = 1E-05
Derivatives: Analytical

               0          
    0     -0.0000078  
    1     -0.0000166  
    2     -0.0000044  
    3      0.7311234  
    4     -0.7405707  
    5     -0.0000017  
    6      0.0013148  
    7      0.0014166  
    8      0.0000015  
    9     -0.7439625  
   10      0.7562971  
   11     -0.0000005  

     1: E[UHF] = -75.458512255545  <S**2> = +1.985411987185361  Grad = 2.93e-05  CPU Time = 0.12425  (0.00456 / step)
     2: E[UHF] = -75.458512255545  <S**2> = +1.985411987185361  Grad = 2.93e-05  CPU Time = 0.00643  (0.00447 / step)
(UHF state)
     Basis             Coef
| 0000111111 > : +0.2941 +0.0000i
| 0001101111 > : +0.2688 +0.0000i
| 0010011111 > : +0.2774 +0.0000i
| 0011001111 > : -0.2536 +0.0000i
| 0100111011 > : -0.2638 +0.0000i
| 0101101011 > : -0.2411 +0.0000i
| 0110011011 > : -0.2488 +0.0000i
| 0111001011 > : +0.2275 +0.0000i
| 1000110111 > : -0.2707 +0.0000i
| 1001100111 > : -0.2474 +0.0000i
| 1010010111 > : -0.2553 +0.0000i
| 1011000111 > : +0.2334 +0.0000i
| 1100110011 > : -0.2428 +0.0000i
| 1101100011 > : -0.2219 +0.0000i
| 1110010011 > : -0.2290 +0.0000i
| 1111000011 > : +0.2094 +0.0000i


VQE Done: CPU Time =          0.1422

uhf (vqe) 
     Basis             Coef
| 0000111111 > : +0.2941 +0.0000i
| 0001101111 > : +0.2688 +0.0000i
| 0010011111 > : +0.2774 +0.0000i
| 0011001111 > : -0.2536 +0.0000i
| 0100111011 > : -0.2638 +0.0000i
| 0101101011 > : -0.2411 +0.0000i
| 0110011011 > : -0.2488 +0.0000i
| 0111001011 > : +0.2275 +0.0000i
| 1000110111 > : -0.2707 +0.0000i
| 1001100111 > : -0.2474 +0.0000i
| 1010010111 > : -0.2553 +0.0000i
| 1011000111 > : +0.2334 +0.0000i
| 1100110011 > : -0.2428 +0.0000i
| 1101100011 > : -0.2219 +0.0000i
| 1110010011 > : -0.2290 +0.0000i
| 1111000011 > : +0.2094 +0.0000i

 === Computing 1RDM === 
 === Computing 2RDM === 

Dipole moment from 1RDM (in Debye):
x = -0.00000  y = 0.00268  z = 0.00001
| mu | = 0.00268

Dipole moment from relaxed 1RDM (in Debye):
x = -0.01044     y = -0.01157    z = -0.00000
| mu | = 0.01558
Saved in ./bsuccsd_h2o.qkt.
+-------------+
|  Job #   3  |
+-------------+
Basis set = sto-6G

*** Geometry ******************************
  H     1.9767238    1.3592525    0.0000000
  O     0.0000000   -0.1712906    0.0000000
  H    -1.9767238    1.3592525    0.0000000
*******************************************

Symmetry C2v : C2v(Abelian)
E[FCI]    = -75.46035718190926     (Spin = 1   Ms = 0)
E[HF]     = -74.92680637169661    (Spin = 1   Ms = 0)
NBasis = 7

[Molecular Orbitals]
---+-------+------------+------------------
 # |  Sym  |   energy   |     category
---+-------+------------+------------------
 0 |   A1  |   -20.5576 | Frozen Core
 1 |   A1  |    -1.1310 | Frozen Core
 2 |   B2  |    -0.4128 | Active (occupied)
 3 |   B1  |    -0.2298 | Active (occupied)
 4 |   A1  |    -0.2236 | Active (occupied)
 5 |   A1  |     0.0390 | Active (virtual)
 6 |   B1  |     0.0481 | Active (virtual)
---+-------+------------+------------------

Entered VQE driver
Performing VQE for uccsd
Number of VQE parameters: 54
Initial configuration: |0000111111>
Convergence criteria: ftol = 1E-09, gtol = 1E-05
Derivatives: Analytical

               0          
    0     -0.0000078  
    1     -0.0000167  
    2     -0.0000045  
    3      0.7311233  
    4     -0.7405707  
    5     -0.0000016  
    6      0.0013148  
    7      0.0014165  
    8      0.0000015  
    9     -0.7439625  
   10      0.7562971  
   11     -0.0000005  

Initial T1 amplitudes will be read from kappa.
Circuit order: Exp[T1] Exp[T2] |0>
Initial E[uccsd] = -75.458512254211  <S**2> = +1.985411987185361  rho = 1  

grad
               0          
    0      0.0000000  
    1      0.0000000  
    2     -0.0020407  
    3     -0.0041780  
    4      0.0000000  
    5      0.0000000  
    6     -0.0052836  
    7      0.0000000  
    8      0.0000000  
    9      0.0000000  
   10      0.0000000  
   11      0.0000000  
   12      0.0000000  
   13      0.0000000  
   14      0.0000000  
   15      0.0000000  
   16      0.0000000  
   17      0.0000000  
   18      0.0000000  
   19     -0.0011653  
   20      0.0000000  
   21      0.0000000  
   22     -0.0038682  
   23      0.0000000  
   24      0.0005826  
   25     -0.0028621  
   26      0.0000000  
   27     -0.0000171  
   28      0.0000000  
   29      0.0000000  
   30      0.0000000  
   31      0.0000000  
   32     -0.0027342  
   33      0.0009294  
   34      0.0000000  
   35     -0.0013898  
   36      0.0000000  
   37      0.0000000  
   38     -0.0013159  
   39      0.0000000  
   40      0.0000000  
   41     -0.0012818  
   42      0.0000000  
   43      0.0000000  
   44      0.0000000  
   45      0.0000000  
   46      0.0000000  
   47      0.0000000  
   48      0.0000000  
   49      0.0000000  
   50      0.0000000  
   51      0.0000000  
   52      0.0000000  
   53      0.0000000  


grad
               0          
    0     -0.0000483  
    1     -0.0000568  
    2      0.5318924  
    3      0.3063718  
    4      0.0000000  
    5      0.0000000  
    6      0.4126520  
    7      0.0000313  
    8      0.0000000  
    9     -0.0000398  
   10      0.0000426  
   11     -0.0000313  
   12     -0.0000256  
   13     -0.0000171  
   14     -0.0000341  
   15     -0.0000199  
   16      0.0000398  
   17      0.0000455  
   18     -0.0001165  
   19     -0.0715005  
   20      0.0000000  
   21      0.0000000  
   22      0.0953889  
   23      0.0000000  
   24      0.1191722  
   25      0.0488683  
   26      0.0000000  
   27      0.0009635  
   28      0.0000512  
   29     -0.0000455  
   30      0.0001251  
   31      0.0000000  
   32      0.0382897  
   33      0.0188038  
   34      0.0000000  
   35     -0.0281659  
   36      0.0000000  
   37      0.0000000  
   38     -0.0329152  
   39     -0.0001990  
   40      0.0000000  
   41      0.0670354  
   42      0.0000000  
   43     -0.0000853  
   44      0.0000000  
   45      0.0418936  
   46     -0.0368402  
   47      0.0000000  
   48      0.0000398  
   49     -0.0000682  
   50      0.0000000  
   51     -0.0014580  
   52      0.0173031  
   53      0.0000000  


grad
               0          
    0      0.0000000  
    1      0.0000000  
    2      0.0036266  
    3      0.0002217  
    4      0.0000000  
    5      0.0000000  
    6      0.0003212  
    7      0.0000000  
    8      0.0000000  
    9      0.0000000  
   10      0.0000000  
   11      0.0000000  
   12      0.0000000  
   13      0.0000000  
   14      0.0000000  
   15      0.0000000  
   16      0.0000000  
   17      0.0000000  
   18      0.0000000  
   19     -0.0019128  
   20      0.0000000  
   21      0.0000000  
   22     -0.0019128  
   23      0.0000000  
   24      0.0022766  
   25     -0.0014211  
   26      0.0000000  
   27      0.0000000  
   28      0.0000000  
   29      0.0000000  
   30      0.0000000  
   31      0.0000000  
   32     -0.0014808  
   33      0.0013472  
   34      0.0000000  
   35     -0.0010658  
   36      0.0000000  
   37      0.0000000  
   38     -0.0019043  
   39      0.0000000  
   40      0.0000000  
   41      0.0021743  
   42      0.0000000  
   43      0.0000000  
   44      0.0000000  
   45      0.0008868  
   46     -0.0006935  
   47      0.0000000  
   48      0.0000000  
   49      0.0000000  
   50      0.0000000  
   51     -0.0004718  
   52      0.0003297  
   53      0.0000000  

     1: E[uccsd] = -75.458551538502  <S**2> = +1.974736349913334  Grad = 6.55e-03  CPU Time =    0.04886  (0.00 / step)

grad
               0          
    0      0.0000000  
    1      0.0000000  
    2     -0.0018474  
    3      0.0021288  
    4      0.0000000  
    5      0.0000000  
    6      0.0027370  
    7      0.0000000  
    8      0.0000000  
    9      0.0000000  
   10      0.0000000  
   11      0.0000000  
   12      0.0000000  
   13      0.0000000  
   14      0.0000000  
   15      0.0000000  
   16      0.0000000  
   17      0.0000000  
   18      0.0000000  
   19     -0.0018389  
   20      0.0000000  
   21      0.0000000  
   22     -0.0011113  
   23      0.0000000  
   24      0.0028933  
   25     -0.0008043  
   26      0.0000000  
   27      0.0000000  
   28      0.0000000  
   29      0.0000000  
   30      0.0000000  
   31      0.0000000  
   32     -0.0009351  
   33      0.0014836  
   34      0.0000000  
   35     -0.0011710  
   36      0.0000000  
   37      0.0000000  
   38     -0.0017394  
   39      0.0000000  
   40      0.0000000  
   41     -0.0009095  
   42      0.0000000  
   43      0.0000000  
   44      0.0000000  
   45      0.0007219  
   46     -0.0005230  
   47      0.0000000  
   48      0.0000000  
   49      0.0000000  
   50      0.0000000  
   51     -0.0005230  
   52      0.0003610  
   53      0.0000000  

     2: E[uccsd] = -75.458572511612  <S**2> = +1.960823892916356  Grad = 6.21e-03  CPU Time =    0.01235  (0.00 / step)

grad
               0          
    0      0.0000000  
    1      0.0000000  
    2     -0.0026716  
    3      0.0029388  
    4      0.0000000  
    5      0.0000000  
    6      0.0037062  
    7      0.0000000  
    8      0.0000000  
    9      0.0000000  
   10      0.0000000  
   11      0.0000000  
   12      0.0000000  
   13      0.0000000  
   14      0.0000000  
   15      0.0000000  
   16      0.0000000  
   17      0.0000000  
   18      0.0000000  
   19     -0.0011937  
   20      0.0000000  
   21      0.0000000  
   22     -0.0007958  
   23      0.0000000  
   24      0.0029615  
   25     -0.0003581  
   26      0.0000000  
   27      0.0000199  
   28      0.0000000  
   29      0.0000000  
   30      0.0000000  
   31      0.0000000  
   32     -0.0004377  
   33      0.0015547  
   34      0.0000000  
   35     -0.0014154  
   36      0.0000000  
   37      0.0000000  
   38     -0.0010914  
   39      0.0000000  
   40      0.0000000  
   41     -0.0016911  
   42      0.0000000  
   43      0.0000000  
   44      0.0000000  
   45      0.0001762  
   46     -0.0001137  
   47      0.0000000  
   48      0.0000000  
   49      0.0000000  
   50      0.0000000  
   51     -0.0004462  
   52      0.0003610  
   53      0.0000000  

     3: E[uccsd] = -75.458602421997  <S**2> = +1.936206307396667  Grad = 7.04e-03  CPU Time =    0.01196  (0.00 / step)

grad
               0          
    0      0.0000000  
    1      0.0000000  
    2     -0.0045361  
    3      0.0020293  
    4      0.0000000  
    5      0.0000000  
    6      0.0026944  
    7      0.0000000  
    8      0.0000000  
    9      0.0000000  
   10      0.0000000  
   11      0.0000000  
   12      0.0000000  
   13      0.0000000  
   14      0.0000000  
   15      0.0000000  
   16      0.0000000  
   17      0.0000000  
   18      0.0000000  
   19     -0.0002672  
   20      0.0000000  
   21      0.0000000  
   22      0.0000284  
   23      0.0000000  
   24      0.0024528  
   25      0.0030099  
   26      0.0000000  
   27     -0.0000881  
   28      0.0000000  
   29      0.0000000  
   30      0.0000000  
   31      0.0000000  
   32      0.0025977  
   33      0.0024158  
   34      0.0000000  
   35     -0.0016541  
   36      0.0000000  
   37      0.0000000  
   38      0.0001876  
   39      0.0000000  
   40      0.0000000  
   41      0.0032429  
   42      0.0000000  
   43      0.0000000  
   44      0.0000000  
   45      0.0016627  
   46     -0.0011823  
   47      0.0000000  
   48      0.0000000  
   49      0.0000000  
   50      0.0000000  
   51     -0.0004093  
   52      0.0001279  
   53      0.0000000  

     4: E[uccsd] = -75.458689591698  <S**2> = +1.816306272738538  Grad = 8.79e-03  CPU Time =    0.01217  (0.00 / step)

grad
               0          
    0      0.0000000  
    1      0.0000000  
    2      0.0177806  
    3      0.0010175  
    4      0.0000000  
    5      0.0000000  
    6      0.0012449  
    7      0.0000000  
    8      0.0000000  
    9     -0.0000171  
   10      0.0000000  
   11      0.0000000  
   12      0.0000000  
   13      0.0000000  
   14      0.0000000  
   15      0.0000000  
   16      0.0000000  
   17      0.0000000  
   18      0.0000000  
   19      0.0052523  
   20      0.0000000  
   21      0.0000000  
   22     -0.0008498  
   23      0.0000000  
   24      0.0007731  
   25      0.0011283  
   26      0.0000000  
   27      0.0000227  
   28      0.0000000  
   29      0.0000000  
   30      0.0000000  
   31      0.0000000  
   32      0.0017110  
   33      0.0022794  
   34      0.0000000  
   35     -0.0029530  
   36      0.0000000  
   37      0.0000000  
   38      0.0046896  
   39      0.0000000  
   40      0.0000000  
   41     -0.0261281  
   42      0.0000000  
   43      0.0000000  
   44      0.0000000  
   45     -0.0010687  
   46      0.0005429  
   47      0.0000000  
   48      0.0000000  
   49      0.0000000  
   50      0.0000000  
   51      0.0000625  
   52     -0.0001052  
   53      0.0000000  


grad
               0          
    0      0.0000000  
    1      0.0000000  
    2      0.0026063  
    3      0.0017081  
    4      0.0000000  
    5      0.0000000  
    6      0.0022339  
    7      0.0000000  
    8      0.0000000  
    9      0.0000000  
   10      0.0000000  
   11      0.0000000  
   12      0.0000000  
   13      0.0000000  
   14      0.0000000  
   15      0.0000000  
   16      0.0000000  
   17      0.0000000  
   18      0.0000000  
   19      0.0015092  
   20      0.0000000  
   21      0.0000000  
   22     -0.0002672  
   23      0.0000000  
   24      0.0019043  
   25      0.0024016  
   26      0.0000000  
   27     -0.0000256  
   28      0.0000000  
   29      0.0000000  
   30      0.0000000  
   31      0.0000000  
   32      0.0022993  
   33      0.0023675  
   34      0.0000000  
   35     -0.0020805  
   36      0.0000000  
   37      0.0000000  
   38      0.0016456  
   39      0.0000000  
   40      0.0000000  
   41     -0.0061817  
   42      0.0000000  
   43      0.0000000  
   44      0.0000000  
   45      0.0007503  
   46     -0.0005883  
   47      0.0000000  
   48      0.0000000  
   49      0.0000000  
   50      0.0000000  
   51     -0.0001961  
   52      0.0000000  
   53      0.0000000  

     5: E[uccsd] = -75.458716898460  <S**2> = +1.761543224491952  Grad = 9.14e-03  CPU Time =    0.01941  (0.00 / step)

grad
               0          
    0      0.0000000  
    1      0.0000000  
    2      0.0020577  
    3     -0.0001933  
    4      0.0000000  
    5      0.0000000  
    6     -0.0001592  
    7      0.0000000  
    8      0.0000000  
    9      0.0000000  
   10      0.0000000  
   11      0.0000000  
   12      0.0000000  
   13      0.0000000  
   14      0.0000000  
   15      0.0000000  
   16      0.0000000  
   17      0.0000000  
   18      0.0000000  
   19      0.0025437  
   20      0.0000000  
   21      0.0000000  
   22     -0.0009493  
   23      0.0000000  
   24      0.0010346  
   25      0.0021231  
   26      0.0000000  
   27     -0.0000398  
   28      0.0000000  
   29      0.0000000  
   30      0.0000000  
   31      0.0000000  
   32      0.0021657  
   33      0.0023618  
   34      0.0000000  
   35     -0.0022624  
   36      0.0000000  
   37      0.0000000  
   38      0.0024471  
   39      0.0000000  
   40      0.0000000  
   41     -0.0033168  
   42      0.0000000  
   43      0.0000000  
   44      0.0000000  
   45      0.0003894  
   46     -0.0003183  
   47      0.0000000  
   48      0.0000000  
   49      0.0000000  
   50      0.0000000  
   51     -0.0000597  
   52     -0.0000313  
   53      0.0000000  

     6: E[uccsd] = -75.458750391912  <S**2> = +1.711752764421935  Grad = 7.06e-03  CPU Time =    0.01230  (0.00 / step)

grad
               0          
    0      0.0000000  
    1      0.0000000  
    2      0.0020918  
    3     -0.0036948  
    4      0.0000000  
    5      0.0000000  
    6     -0.0047095  
    7      0.0000000  
    8      0.0000000  
    9      0.0000000  
   10      0.0000000  
   11      0.0000000  
   12      0.0000000  
   13      0.0000000  
   14      0.0000000  
   15      0.0000000  
   16      0.0000000  
   17      0.0000000  
   18      0.0000000  
   19      0.0038369  
   20      0.0000000  
   21      0.0000000  
   22     -0.0025153  
   23      0.0000000  
   24     -0.0007674  
   25      0.0015575  
   26      0.0000000  
   27      0.0000284  
   28      0.0000000  
   29      0.0000000  
   30      0.0000000  
   31      0.0000000  
   32      0.0018190  
   33      0.0021458  
   34      0.0000000  
   35     -0.0026404  
   36      0.0000000  
   37      0.0000000  
   38      0.0034134  
   39      0.0000000  
   40      0.0000000  
   41      0.0016286  
   42      0.0000000  
   43      0.0000000  
   44      0.0000000  
   45     -0.0005713  
   46      0.0003581  
   47      0.0000000  
   48      0.0000000  
   49      0.0000000  
   50      0.0000000  
   51      0.0002103  
   52     -0.0001023  
   53      0.0000000  

     7: E[uccsd] = -75.458835878365  <S**2> = +1.571066650236730  Grad = 9.69e-03  CPU Time =    0.01243  (0.00 / step)

grad
               0          
    0      0.0000000  
    1      0.0000000  
    2      0.0022652  
    3     -0.0079524  
    4      0.0000000  
    5      0.0000000  
    6     -0.0101153  
    7      0.0000000  
    8      0.0000000  
    9      0.0000000  
   10      0.0000000  
   11      0.0000000  
   12      0.0000000  
   13      0.0000000  
   14      0.0000000  
   15      0.0000000  
   16      0.0000000  
   17      0.0000000  
   18      0.0000000  
   19      0.0052836  
   20      0.0000000  
   21      0.0000000  
   22     -0.0043315  
   23      0.0000000  
   24     -0.0030326  
   25      0.0006594  
   26      0.0000000  
   27      0.0001364  
   28      0.0000000  
   29      0.0000000  
   30      0.0000000  
   31      0.0000000  
   32      0.0012733  
   33      0.0016968  
   34      0.0000000  
   35     -0.0029246  
   36      0.0000000  
   37      0.0000000  
   38      0.0043087  
   39      0.0000000  
   40      0.0000000  
   41      0.0073669  
   42      0.0000000  
   43      0.0000000  
   44      0.0000000  
   45     -0.0011426  
   46      0.0008583  
   47      0.0000000  
   48      0.0000000  
   49      0.0000000  
   50      0.0000000  
   51      0.0002075  
   52      0.0001620  
   53      0.0000000  

     8: E[uccsd] = -75.459006013618  <S**2> = +1.276250885825206  Grad = 1.77e-02  CPU Time =    0.01230  (0.00 / step)

grad
               0          
    0      0.0000000  
    1      0.0000000  
    2      0.0014779  
    3     -0.0116245  
    4      0.0000000  
    5      0.0000000  
    6     -0.0150465  
    7      0.0000000  
    8      0.0000000  
    9     -0.0000284  
   10      0.0000256  
   11     -0.0000199  
   12     -0.0000227  
   13      0.0000000  
   14      0.0000000  
   15      0.0000000  
   16     -0.0000171  
   17      0.0000000  
   18     -0.0000199  
   19      0.0060368  
   20      0.0000000  
   21      0.0000000  
   22     -0.0065256  
   23      0.0000000  
   24     -0.0069662  
   25      0.0002018  
   26      0.0000000  
   27      0.0000711  
   28      0.0000000  
   29     -0.0000199  
   30      0.0000000  
   31      0.0000000  
   32      0.0007645  
   33     -0.0008924  
   34      0.0000000  
   35     -0.0035982  
   36      0.0000000  
   37      0.0000000  
   38      0.0043116  
   39      0.0000000  
   40      0.0000000  
   41      0.0124089  
   42      0.0000199  
   43      0.0000000  
   44      0.0000000  
   45      0.0004036  
   46     -0.0004349  
   47      0.0000000  
   48      0.0000000  
   49      0.0000227  
   50      0.0000000  
   51     -0.0019270  
   52      0.0019980  
   53      0.0000000  

     9: E[uccsd] = -75.459316749060  <S**2> = +0.751908956328066  Grad = 2.62e-02  CPU Time =    0.01254  (0.00 / step)

grad
               0          
    0      0.0000000  
    1      0.0000000  
    2     -0.0010203  
    3     -0.0098680  
    4      0.0000000  
    5      0.0000000  
    6     -0.0115989  
    7      0.0000000  
    8      0.0000000  
    9      0.0000000  
   10      0.0000341  
   11     -0.0000256  
   12      0.0000000  
   13      0.0000000  
   14      0.0000000  
   15      0.0000000  
   16      0.0000995  
   17      0.0000000  
   18      0.0000483  
   19      0.0054939  
   20      0.0000000  
   21      0.0000000  
   22     -0.0012136  
   23      0.0000000  
   24     -0.0032117  
   25     -0.0026489  
   26      0.0000000  
   27      0.0004604  
   28      0.0000000  
   29      0.0000313  
   30      0.0000000  
   31      0.0000000  
   32     -0.0024414  
   33      0.0010772  
   34      0.0000000  
   35     -0.0001108  
   36      0.0000000  
   37      0.0000000  
   38      0.0043968  
   39      0.0000000  
   40      0.0000000  
   41      0.0150578  
   42     -0.0000483  
   43     -0.0000256  
   44      0.0000000  
   45     -0.0001904  
   46      0.0001677  
   47      0.0000000  
   48      0.0000227  
   49      0.0000000  
   50      0.0000000  
   51     -0.0010317  
   52      0.0013330  
   53      0.0000000  

    10: E[uccsd] = -75.459552442978  <S**2> = +0.457383729690386  Grad = 2.32e-02  CPU Time =    0.01561  (0.00 / step)

grad
               0          
    0      0.0000000  
    1      0.0000000  
    2      0.0011852  
    3      0.0005969  
    4      0.0000000  
    5      0.0000000  
    6     -0.0037232  
    7      0.0000000  
    8      0.0000000  
    9     -0.0000853  
   10     -0.0000909  
   11      0.0000426  
   12     -0.0001222  
   13      0.0000000  
   14      0.0000000  
   15      0.0000000  
   16     -0.0005230  
   17      0.0000171  
   18     -0.0001904  
   19     -0.0084754  
   20      0.0000000  
   21      0.0000000  
   22     -0.0104535  
   23      0.0000000  
   24     -0.0090097  
   25      0.0066734  
   26      0.0000000  
   27     -0.0011795  
   28      0.0000000  
   29     -0.0000909  
   30     -0.0000369  
   31      0.0000000  
   32      0.0073413  
   33     -0.0045844  
   34      0.0000000  
   35     -0.0031889  
   36      0.0000000  
   37      0.0000000  
   38     -0.0043599  
   39     -0.0000171  
   40      0.0000000  
   41      0.0053575  
   42      0.0000000  
   43      0.0000796  
   44      0.0000000  
   45     -0.0029075  
   46      0.0008072  
   47      0.0000000  
   48      0.0000000  
   49      0.0000284  
   50      0.0000000  
   51      0.0031093  
   52     -0.0023846  
   53      0.0000000  


grad
               0          
    0      0.0000000  
    1      0.0000000  
    2      0.0000369  
    3     -0.0048402  
    4      0.0000000  
    5      0.0000000  
    6     -0.0078018  
    7      0.0000000  
    8      0.0000000  
    9     -0.0000398  
   10     -0.0000256  
   11      0.0000000  
   12     -0.0000682  
   13      0.0000000  
   14      0.0000000  
   15      0.0000000  
   16     -0.0001876  
   17      0.0000000  
   18     -0.0000568  
   19     -0.0012392  
   20      0.0000000  
   21      0.0000000  
   22     -0.0056303  
   23      0.0000000  
   24     -0.0060254  
   25      0.0018986  
   26      0.0000000  
   27     -0.0003098  
   28      0.0000000  
   29      0.0000000  
   30      0.0000000  
   31      0.0000000  
   32      0.0023078  
   33     -0.0016570  
   34      0.0000000  
   35     -0.0015746  
   36      0.0000000  
   37      0.0000000  
   38      0.0001222  
   39      0.0000000  
   40      0.0000000  
   41      0.0103597  
   42     -0.0000171  
   43      0.0000341  
   44      0.0000000  
   45     -0.0015120  
   46      0.0005116  
   47      0.0000000  
   48      0.0000000  
   49      0.0000256  
   50      0.0000000  
   51      0.0010033  
   52     -0.0004803  
   53      0.0000000  

    11: E[uccsd] = -75.459640380750  <S**2> = +0.450072949120911  Grad = 1.67e-02  CPU Time =    0.02462  (0.00 / step)

grad
               0          
    0      0.0000000  
    1      0.0000000  
    2      0.0005087  
    3     -0.0015433  
    4      0.0000000  
    5      0.0000000  
    6     -0.0022595  
    7      0.0000000  
    8      0.0000000  
    9      0.0000000  
   10      0.0000000  
   11      0.0000000  
   12      0.0000000  
   13      0.0000000  
   14      0.0000000  
   15      0.0000000  
   16     -0.0000568  
   17      0.0000000  
   18      0.0000000  
   19      0.0002359  
   20      0.0000000  
   21      0.0000000  
   22      0.0001364  
   23      0.0000000  
   24      0.0020862  
   25     -0.0011852  
   26      0.0000000  
   27     -0.0001307  
   28      0.0000000  
   29      0.0000000  
   30      0.0000000  
   31      0.0000000  
   32     -0.0000938  
   33      0.0030667  
   34      0.0000000  
   35      0.0001933  
   36      0.0000000  
   37      0.0000000  
   38      0.0003439  
   39      0.0000000  
   40      0.0000000  
   41      0.0052211  
   42      0.0000000  
   43      0.0000000  
   44      0.0000000  
   45     -0.0045645  
   46      0.0035072  
   47      0.0000000  
   48      0.0000000  
   49      0.0000227  
   50      0.0000000  
   51      0.0039847  
   52     -0.0027825  
   53      0.0000000  

    12: E[uccsd] = -75.459669177140  <S**2> = +0.519760551449796  Grad = 1.04e-02  CPU Time =    0.01569  (0.00 / step)

grad
               0          
    0      0.0000000  
    1      0.0000000  
    2     -0.0033310  
    3     -0.0008527  
    4      0.0000000  
    5      0.0000000  
    6     -0.0004604  
    7      0.0000000  
    8      0.0000000  
    9      0.0000000  
   10      0.0000000  
   11      0.0000000  
   12      0.0000000  
   13      0.0000000  
   14      0.0000000  
   15      0.0000000  
   16      0.0000483  
   17      0.0000000  
   18      0.0000000  
   19      0.0014893  
   20      0.0000000  
   21      0.0000000  
   22      0.0002899  
   23      0.0000000  
   24     -0.0001677  
   25     -0.0006906  
   26      0.0000000  
   27      0.0000313  
   28      0.0000000  
   29     -0.0000512  
   30      0.0000000  
   31      0.0000000  
   32      0.0002672  
   33      0.0001421  
   34      0.0000000  
   35     -0.0009720  
   36      0.0000000  
   37      0.0000000  
   38      0.0008185  
   39      0.0000000  
   40      0.0000000  
   41     -0.0005258  
   42      0.0000000  
   43      0.0000000  
   44      0.0000000  
   45     -0.0009067  
   46      0.0009436  
   47      0.0000000  
   48      0.0000000  
   49      0.0000000  
   50      0.0000000  
   51      0.0016371  
   52     -0.0009209  
   53      0.0000000  

    13: E[uccsd] = -75.459727592669  <S**2> = +0.458138644481377  Grad = 4.70e-03  CPU Time =    0.01561  (0.00 / step)

grad
               0          
    0      0.0000000  
    1      0.0000000  
    2      0.0086118  
    3     -0.0002728  
    4      0.0000000  
    5      0.0000000  
    6     -0.0004519  
    7      0.0000000  
    8      0.0000000  
    9      0.0000000  
   10      0.0000256  
   11     -0.0000171  
   12      0.0000000  
   13      0.0000000  
   14      0.0000000  
   15      0.0000000  
   16      0.0000256  
   17      0.0000000  
   18      0.0000000  
   19      0.0000540  
   20      0.0000000  
   21      0.0000000  
   22     -0.0001194  
   23      0.0000000  
   24     -0.0007304  
   25      0.0003098  
   26      0.0000000  
   27      0.0000597  
   28      0.0000000  
   29      0.0000455  
   30      0.0000000  
   31      0.0000000  
   32      0.0000682  
   33     -0.0001251  
   34      0.0000000  
   35     -0.0003126  
   36      0.0000000  
   37      0.0000000  
   38      0.0007077  
   39      0.0000000  
   40      0.0000000  
   41      0.0007589  
   42      0.0000199  
   43     -0.0000199  
   44      0.0000000  
   45     -0.0005230  
   46      0.0000853  
   47      0.0000000  
   48      0.0000000  
   49      0.0000000  
   50      0.0000000  
   51      0.0000568  
   52     -0.0001336  
   53      0.0000000  

    14: E[uccsd] = -75.459731154515  <S**2> = +0.460207841513027  Grad = 8.75e-03  CPU Time =    0.01589  (0.00 / step)

grad
               0          
    0      0.0000000  
    1      0.0000000  
    2      0.0018190  
    3     -0.0003325  
    4      0.0000000  
    5      0.0000000  
    6     -0.0004292  
    7      0.0000000  
    8      0.0000000  
    9      0.0000000  
   10      0.0000341  
   11      0.0000000  
   12      0.0000256  
   13      0.0000000  
   14      0.0000000  
   15      0.0000000  
   16      0.0000313  
   17      0.0000000  
   18      0.0000199  
   19      0.0001421  
   20      0.0000000  
   21      0.0000000  
   22     -0.0001847  
   23      0.0000000  
   24     -0.0004491  
   25      0.0002643  
   26      0.0000000  
   27      0.0000341  
   28      0.0000000  
   29      0.0000227  
   30      0.0000000  
   31      0.0000000  
   32      0.0001819  
   33     -0.0000256  
   34      0.0000000  
   35     -0.0003865  
   36      0.0000000  
   37      0.0000000  
   38      0.0004803  
   39      0.0000000  
   40      0.0000000  
   41      0.0007020  
   42      0.0000341  
   43      0.0000000  
   44      0.0000000  
   45     -0.0005315  
   46      0.0002842  
   47      0.0000000  
   48      0.0000000  
   49      0.0000171  
   50      0.0000000  
   51      0.0003723  
   52     -0.0003212  
   53      0.0000000  

    15: E[uccsd] = -75.459745961038  <S**2> = +0.477857329916953  Grad = 2.33e-03  CPU Time =    0.01592  (0.00 / step)

grad
               0          
    0      0.0000000  
    1      0.0000000  
    2     -0.0003496  
    3      0.0000000  
    4      0.0000000  
    5      0.0000000  
    6      0.0000000  
    7      0.0000000  
    8      0.0000000  
    9      0.0000000  
   10      0.0000000  
   11     -0.0000199  
   12      0.0000000  
   13      0.0000000  
   14      0.0000000  
   15      0.0000000  
   16      0.0000000  
   17      0.0000000  
   18      0.0000000  
   19      0.0000739  
   20      0.0000000  
   21      0.0000000  
   22      0.0000000  
   23      0.0000000  
   24     -0.0001307  
   25      0.0002416  
   26      0.0000000  
   27      0.0000227  
   28      0.0000000  
   29      0.0000000  
   30      0.0000000  
   31      0.0000000  
   32      0.0000739  
   33      0.0000000  
   34      0.0000000  
   35     -0.0002473  
   36      0.0000000  
   37      0.0000000  
   38      0.0002700  
   39      0.0000000  
   40      0.0000000  
   41      0.0002245  
   42      0.0000284  
   43     -0.0000171  
   44      0.0000000  
   45     -0.0002530  
   46      0.0001734  
   47      0.0000000  
   48      0.0000000  
   49      0.0000000  
   50      0.0000000  
   51      0.0001080  
   52     -0.0001421  
   53      0.0000000  

    16: E[uccsd] = -75.459749765364  <S**2> = +0.492320068334616  Grad = 7.22e-04  CPU Time =    0.01559  (0.00 / step)

grad
               0          
    0      0.0000000  
    1      0.0000000  
    2     -0.0002132  
    3      0.0001251  
    4      0.0000000  
    5      0.0000000  
    6      0.0001165  
    7      0.0000000  
    8      0.0000000  
    9      0.0000000  
   10      0.0000256  
   11      0.0000000  
   12      0.0000000  
   13      0.0000000  
   14      0.0000000  
   15      0.0000000  
   16      0.0000313  
   17      0.0000000  
   18      0.0000000  
   19      0.0000313  
   20      0.0000000  
   21      0.0000000  
   22      0.0000199  
   23      0.0000000  
   24      0.0000227  
   25      0.0001137  
   26      0.0000000  
   27      0.0000000  
   28      0.0000000  
   29      0.0000227  
   30      0.0000000  
   31      0.0000000  
   32      0.0000654  
   33      0.0000995  
   34      0.0000000  
   35      0.0000000  
   36      0.0000000  
   37      0.0000000  
   38      0.0000199  
   39      0.0000000  
   40      0.0000000  
   41      0.0000711  
   42      0.0000000  
   43      0.0000000  
   44      0.0000000  
   45      0.0000199  
   46      0.0000000  
   47      0.0000000  
   48      0.0000000  
   49      0.0000000  
   50      0.0000000  
   51      0.0000000  
   52     -0.0000227  
   53      0.0000000  

    17: E[uccsd] = -75.459750457282  <S**2> = +0.498794937875116  Grad = 3.35e-04  CPU Time =    0.01574  (0.00 / step)

grad
               0          
    0      0.0000000  
    1      0.0000000  
    2      0.0000711  
    3     -0.0002331  
    4      0.0000000  
    5      0.0000000  
    6     -0.0003411  
    7      0.0000000  
    8      0.0000000  
    9     -0.0000256  
   10     -0.0000625  
   11      0.0000000  
   12     -0.0000739  
   13      0.0000000  
   14      0.0000000  
   15      0.0000000  
   16     -0.0001393  
   17      0.0000000  
   18      0.0000000  
   19     -0.0000455  
   20      0.0000000  
   21      0.0000000  
   22     -0.0000568  
   23      0.0000000  
   24     -0.0000284  
   25     -0.0000341  
   26      0.0000000  
   27     -0.0000568  
   28      0.0000000  
   29     -0.0000767  
   30      0.0000000  
   31      0.0000000  
   32     -0.0000341  
   33     -0.0000938  
   34      0.0000000  
   35     -0.0000597  
   36      0.0000000  
   37      0.0000000  
   38     -0.0000284  
   39      0.0000000  
   40      0.0000000  
   41     -0.0004547  
   42      0.0000000  
   43      0.0000000  
   44      0.0000000  
   45     -0.0002132  
   46      0.0001222  
   47      0.0000000  
   48      0.0000000  
   49      0.0000000  
   50      0.0000000  
   51     -0.0001222  
   52      0.0000909  
   53      0.0000000  


grad
               0          
    0      0.0000000  
    1      0.0000000  
    2     -0.0000909  
    3     -0.0000341  
    4      0.0000000  
    5      0.0000000  
    6     -0.0000597  
    7      0.0000000  
    8      0.0000000  
    9      0.0000000  
   10      0.0000000  
   11      0.0000000  
   12     -0.0000256  
   13      0.0000000  
   14      0.0000000  
   15      0.0000000  
   16     -0.0000256  
   17      0.0000000  
   18      0.0000000  
   19      0.0000000  
   20      0.0000000  
   21      0.0000000  
   22      0.0000000  
   23      0.0000000  
   24      0.0000000  
   25      0.0000597  
   26      0.0000000  
   27     -0.0000398  
   28      0.0000000  
   29      0.0000000  
   30      0.0000000  
   31      0.0000000  
   32      0.0000000  
   33      0.0000000  
   34      0.0000000  
   35     -0.0000313  
   36      0.0000000  
   37      0.0000000  
   38      0.0000000  
   39      0.0000000  
   40      0.0000000  
   41     -0.0001535  
   42      0.0000000  
   43      0.0000000  
   44      0.0000000  
   45     -0.0000824  
   46      0.0000369  
   47      0.0000000  
   48      0.0000000  
   49      0.0000000  
   50      0.0000000  
   51     -0.0000739  
   52      0.0000000  
   53      0.0000000  

    18: E[uccsd] = -75.459750527672  <S**2> = +0.497261154102491  Grad = 2.40e-04  CPU Time =    0.02533  (0.00 / step)
 Final: E[uccsd] = -75.459750527672  <S**2> = +0.497261154102491  rho = 1 

(uccsd state)
     Basis             Coef
| 0000111111 > : +0.4460 +0.0000i
| 0001101111 > : +0.1916 +0.0000i
| 0010011111 > : +0.2048 +0.0000i
| 0011001111 > : -0.3690 +0.0000i
| 0100111011 > : -0.1851 +0.0000i
| 0101101011 > : -0.1072 +0.0000i
| 0110011011 > : -0.1324 +0.0000i
| 0110100111 > : +0.2454 +0.0000i
| 0111001011 > : +0.1527 +0.0000i
| 1000110111 > : -0.1959 +0.0000i
| 1001011011 > : +0.2481 +0.0000i
| 1001100111 > : -0.1315 +0.0000i
| 1010010111 > : -0.1175 +0.0000i
| 1011000111 > : +0.1624 +0.0000i
| 1100110011 > : -0.3554 +0.0000i
| 1101100011 > : -0.1489 +0.0000i
| 1110010011 > : -0.1603 +0.0000i
| 1111000011 > : +0.3275 +0.0000i


VQE Done: CPU Time =          0.3349

uccsd (vqe) 
     Basis             Coef
| 0000111111 > : +0.4460 +0.0000i
| 0001101111 > : +0.1916 +0.0000i
| 0010011111 > : +0.2048 +0.0000i
| 0011001111 > : -0.3690 +0.0000i
| 0100111011 > : -0.1851 +0.0000i
| 0101101011 > : -0.1072 +0.0000i
| 0110011011 > : -0.1324 +0.0000i
| 0110100111 > : +0.2454 +0.0000i
| 0111001011 > : +0.1527 +0.0000i
| 1000110111 > : -0.1959 +0.0000i
| 1001011011 > : +0.2481 +0.0000i
| 1001100111 > : -0.1315 +0.0000i
| 1010010111 > : -0.1175 +0.0000i
| 1011000111 > : +0.1624 +0.0000i
| 1100110011 > : -0.3554 +0.0000i
| 1101100011 > : -0.1489 +0.0000i
| 1110010011 > : -0.1603 +0.0000i
| 1111000011 > : +0.3275 +0.0000i

 === Computing 1RDM === 
 === Computing 2RDM === 

Dipole moment from 1RDM (in Debye):
x = -0.00000  y = 0.00842  z = 0.00002
| mu | = 0.00842

Dipole moment from relaxed 1RDM (in Debye):
x = -0.01331     y = -0.00703    z = -0.00000
| mu | = 0.01505
Saved in ./bsuccsd_h2o.qkt.
Normal termination of quket at 2022-05-25 10:39:15.125624
