///////////////////////////////////////////////////////////////////////////////////
///                                                                             ///
///                                                                             ///
///              QQQ       UUU  UUU    KKK   KK    EEEEEEE    TTTTTTT           ///
///             Q   Q       u    U      K   K       E    E    T  T  T           ///
///            Q     Q      U    U      K  K        E  E         T              ///
///            Q     Q      U    U      KKK         EEEE         T              ///
///            Q QQQ Q      U    U      K  K        E  E         T              ///
///             Q   Q       U    U      K   K       E    E       T              ///
///              QQQ QQ      UUUU      KKK   KK    EEEEEEE      TTT             ///
///                                                                             ///
///                      Quantum Computing Simulator Ver 0.8.1                  ///
///                                                                             ///
///        Copyright 2019-2022                                                  ///
///        The Quket Developers                                                 ///
///        All rights Reserved.                                                 ///
///                                                                             ///
///////////////////////////////////////////////////////////////////////////////////
2022-05-25 12:38:13.967846: 
16 processes x 2 = Total 32 cores

##################### INPUT ########################
basis        = sto-6G
multiplicity = 1
charge       = 0
n_electrons  = 6
n_orbitals   = 5
geometry
H   1.818585887 1.250512313 0
O   0   -0.157587329    0
H   -1.818585887    1.250512313 0
maxiter      = 0
ansatz        = sauccsd

@@@
maxiter      = 1000
pyscf_guess  = read
geometry
H   1.976723791 1.359252514 0
O   0   -0.171290575    0
H   -1.976723791    1.359252514 0
ansatz        = sauccsd
rho          = 10
####################################################

+-------------+
|  Job #   1  |
+-------------+
Basis set = sto-6G

*** Geometry ******************************
  H     1.8185859    1.2505123    0.0000000
  O     0.0000000   -0.1575873    0.0000000
  H    -1.8185859    1.2505123    0.0000000
*******************************************

Symmetry C2v : C2v(Abelian)
E[FCI]    = -75.46331558033867     (Spin = 1   Ms = 0)
E[HF]     = -74.99009251884597    (Spin = 1   Ms = 0)
NBasis = 7

[Molecular Orbitals]
---+-------+------------+------------------
 # |  Sym  |   energy   |     category
---+-------+------------+------------------
 0 |   A1  |   -20.5644 | Frozen Core
 1 |   A1  |    -1.1333 | Frozen Core
 2 |   B2  |    -0.4142 | Active (occupied)
 3 |   B1  |    -0.2535 | Active (occupied)
 4 |   A1  |    -0.2445 | Active (occupied)
 5 |   A1  |     0.0585 | Active (virtual)
 6 |   B1  |     0.0717 | Active (virtual)
---+-------+------------+------------------


   Skipping job since maxiter = 0.

Saved in ./sauccsd_h2o.qkt.
+-------------+
|  Job #   2  |
+-------------+
Basis set = sto-6G

*** Geometry ******************************
  H     1.9767238    1.3592525    0.0000000
  O     0.0000000   -0.1712906    0.0000000
  H    -1.9767238    1.3592525    0.0000000
*******************************************

Symmetry C2v : C2v(Abelian)
E[FCI]    = -75.46035718349654     (Spin = 1   Ms = 0)
E[HF]     = -74.92680637169788    (Spin = 1   Ms = 0)
NBasis = 7

[Molecular Orbitals]
---+-------+------------+------------------
 # |  Sym  |   energy   |     category
---+-------+------------+------------------
 0 |   A1  |   -20.5576 | Frozen Core
 1 |   A1  |    -1.1310 | Frozen Core
 2 |   B2  |    -0.4128 | Active (occupied)
 3 |   B1  |    -0.2298 | Active (occupied)
 4 |   A1  |    -0.2236 | Active (occupied)
 5 |   A1  |     0.0390 | Active (virtual)
 6 |   B1  |     0.0481 | Active (virtual)
---+-------+------------+------------------

Entered VQE driver
Performing VQE for sauccsd
Number of VQE parameters: 27
Initial configuration: |0000111111>
Convergence criteria: ftol = 1E-09, gtol = 1E-05
Derivatives: Analytical
Circuit order: Exp[T1] Exp[T2] |0>
Initial E[sauccsd] = -74.926806371698  <S**2> = +0.000000000000000  rho = 10  
     1: E[sauccsd] = -75.199036098106  <S**2> = +0.000084677397145  Grad = 1.09e+00  CPU Time =    0.14469  (0.01 / step)
     2: E[sauccsd] = -75.337961359057  <S**2> = +0.000037267172776  Grad = 8.39e-01  CPU Time =    0.05823  (0.01 / step)
     3: E[sauccsd] = -75.434439446459  <S**2> = +0.000007373603614  Grad = 2.75e-01  CPU Time =    0.09811  (0.01 / step)
     4: E[sauccsd] = -75.446232300537  <S**2> = +0.000040755379874  Grad = 1.91e-01  CPU Time =    0.05639  (0.01 / step)
     5: E[sauccsd] = -75.452398775061  <S**2> = +0.000061314696414  Grad = 6.68e-02  CPU Time =    0.05615  (0.01 / step)
     6: E[sauccsd] = -75.453642574821  <S**2> = +0.000070321145564  Grad = 4.81e-02  CPU Time =    0.05623  (0.01 / step)
     7: E[sauccsd] = -75.454888424447  <S**2> = +0.000085903448370  Grad = 2.81e-02  CPU Time =    0.05617  (0.01 / step)
     8: E[sauccsd] = -75.454975191375  <S**2> = +0.000082179184104  Grad = 1.37e-02  CPU Time =    0.09721  (0.01 / step)
     9: E[sauccsd] = -75.455009109572  <S**2> = +0.000078174164245  Grad = 5.33e-03  CPU Time =    0.05602  (0.01 / step)
    10: E[sauccsd] = -75.455011107880  <S**2> = +0.000080150583487  Grad = 2.08e-03  CPU Time =    0.05635  (0.01 / step)
    11: E[sauccsd] = -75.455011456436  <S**2> = +0.000079579117659  Grad = 3.86e-04  CPU Time =    0.05573  (0.01 / step)
    12: E[sauccsd] = -75.455011460448  <S**2> = +0.000079541559837  Grad = 3.31e-04  CPU Time =    0.18028  (0.01 / step)
 Final: E[sauccsd] = -75.455011460448  <S**2> = +0.000079541559837  rho = 10 

(sauccsd state)
     Basis             Coef
| 0000111111 > : +0.5780 +0.0000i
| 0011001111 > : -0.3686 +0.0000i
| 0110011011 > : -0.1836 +0.0000i
| 0110100111 > : +0.2583 +0.0000i
| 1001011011 > : +0.2583 +0.0000i
| 1001100111 > : -0.1836 +0.0000i
| 1100110011 > : -0.3516 +0.0000i
| 1111000011 > : +0.4216 +0.0000i


VQE Done: CPU Time =          0.9945

sauccsd (vqe) 
     Basis             Coef
| 0000111111 > : +0.5780 +0.0000i
| 0011001111 > : -0.3686 +0.0000i
| 0110011011 > : -0.1836 +0.0000i
| 0110100111 > : +0.2583 +0.0000i
| 1001011011 > : +0.2583 +0.0000i
| 1001100111 > : -0.1836 +0.0000i
| 1100110011 > : -0.3516 +0.0000i
| 1111000011 > : +0.4216 +0.0000i

 === Computing 1RDM === 
 === Computing 2RDM === 

Dipole moment from 1RDM (in Debye):
x = 0.00000  y = 0.01662  z = 0.00000
| mu | = 0.01662

Dipole moment from relaxed 1RDM (in Debye):
x = 0.00000     y = -0.00198    z = -0.00000
| mu | = 0.00198
Saved in ./sauccsd_h2o.qkt.
Normal termination of quket at 2022-05-25 12:38:16.309464
