///////////////////////////////////////////////////////////////////////////////////
///                                                                             ///
///                                                                             ///
///              QQQ       UUU  UUU    KKK   KK    EEEEEEE    TTTTTTT           ///
///             Q   Q       u    U      K   K       E    E    T  T  T           ///
///            Q     Q      U    U      K  K        E  E         T              ///
///            Q     Q      U    U      KKK         EEEE         T              ///
///            Q QQQ Q      U    U      K  K        E  E         T              ///
///             Q   Q       U    U      K   K       E    E       T              ///
///              QQQ QQ      UUUU      KKK   KK    EEEEEEE      TTT             ///
///                                                                             ///
///                      Quantum Computing Simulator Ver 0.8.1                  ///
///                                                                             ///
///        Copyright 2019-2022                                                  ///
///        The Quket Developers                                                 ///
///        All rights Reserved.                                                 ///
///                                                                             ///
///////////////////////////////////////////////////////////////////////////////////
2022-05-25 10:02:45.118923: 
56 processes x 1 = Total 56 cores

##################### INPUT ########################
basis        = 6-31g
multiplicity = 3
charge       = 0
geometry     
O 0 0 0
n_electrons  = 4
#n_orbitals   = 6
method       = vqe
ansatz       = uccsd
rho          = 1
spin         = 3
maxiter      = 100
####################################################

+-------------+
|  Job #   1  |
+-------------+
Basis set = 6-31g

*** Geometry ******************************
  O     0.0000000    0.0000000    0.0000000
*******************************************

Symmetry SO3 : D2h(Abelian)
E[FCI]    = -74.80943680045307     (Spin = 3   Ms = 2)
E[HF]     = -74.77823421334061    (Spin = 3   Ms = 2)
NBasis = 9

[Molecular Orbitals]
---+-------+------------+------------------
 # |  Sym  |   energy   |     category
---+-------+------------+------------------
 0 |   Ag  |   -20.6744 | Frozen Core
 1 |   Ag  |    -1.2388 | Frozen Core
 2 |  B2u  |    -0.5609 | Active (occupied)
 3 |  B1u  |    -0.2607 | Active (singly-occupied)
 4 |  B3u  |    -0.2607 | Active (singly-occupied)
 5 |  B2u  |     1.1165 | Active (virtual)
 6 |  B1u  |     1.1203 | Active (virtual)
 7 |  B3u  |     1.1203 | Active (virtual)
 8 |   Ag  |     1.2045 | Active (virtual)
---+-------+------------+------------------

Entered VQE driver
Performing VQE for uccsd
Number of VQE parameters: 108
Initial configuration: |00000000010111>
Convergence criteria: ftol = 1E-09, gtol = 1E-05
Derivatives: Analytical
Circuit order: Exp[T1] Exp[T2] |0>
Initial E[uccsd] = -74.778234213341  <S**2> = +2.000000000000000  rho = 1  
     1: E[uccsd] = -74.808359460532  <S**2> = +2.000000222884697  Grad = 8.04e-02  CPU Time =    0.21215  (0.02 / step)
     2: E[uccsd] = -74.809089698053  <S**2> = +2.000001215188326  Grad = 2.81e-02  CPU Time =    0.09005  (0.02 / step)
     3: E[uccsd] = -74.809231082591  <S**2> = +2.000001817160846  Grad = 1.34e-02  CPU Time =    0.08914  (0.02 / step)
     4: E[uccsd] = -74.809264885272  <S**2> = +2.000000857373772  Grad = 2.43e-03  CPU Time =    0.08923  (0.02 / step)
     5: E[uccsd] = -74.809265405338  <S**2> = +2.000000701272267  Grad = 1.27e-03  CPU Time =    0.08912  (0.02 / step)
     6: E[uccsd] = -74.809265559932  <S**2> = +2.000000697823759  Grad = 2.33e-04  CPU Time =    0.08899  (0.02 / step)
     7: E[uccsd] = -74.809265568886  <S**2> = +2.000000724349713  Grad = 1.08e-04  CPU Time =    0.08873  (0.02 / step)
 Final: E[uccsd] = -74.809265568886  <S**2> = +2.000000724349713  rho = 1 

(uccsd state)
       Basis               Coef
| 00000000010111 > : +0.9943 +0.0000i


VQE Done: CPU Time =          0.7862

uccsd (vqe) 
       Basis               Coef
| 00000000010111 > : +0.9943 +0.0000i

 === Computing 1RDM === 
 === Computing 2RDM === 
