///////////////////////////////////////////////////////////////////////////////////
///                                                                             ///
///                                                                             ///
///              QQQ       UUU  UUU    KKK   KK    EEEEEEE    TTTTTTT           ///
///             Q   Q       u    U      K   K       E    E    T  T  T           ///
///            Q     Q      U    U      K  K        E  E         T              ///
///            Q     Q      U    U      KKK         EEEE         T              ///
///            Q QQQ Q      U    U      K  K        E  E         T              ///
///             Q   Q       U    U      K   K       E    E       T              ///
///              QQQ QQ      UUUU      KKK   KK    EEEEEEE      TTT             ///
///                                                                             ///
///                      Quantum Computing Simulator Ver 0.8.1                  ///
///                                                                             ///
///        Copyright 2019-2022                                                  ///
///        The Quket Developers                                                 ///
///        All rights Reserved.                                                 ///
///                                                                             ///
///////////////////////////////////////////////////////////////////////////////////
2022-05-25 10:02:40.012705: 
56 processes x 1 = Total 56 cores

##################### INPUT ########################
basis        = sto-3G
multiplicity = 1
charge       = 0
n_electrons  = 4
n_orbitals   = 4
geometry
H  0  0  0
H  0  0  1.2301
H  1.23001  0  0
H  1.23  0.001  1.23002
maxiter      = 100
method       = vqe
ansatz       = uccsd
rho          = 1
det          = 1111
####################################################

+-------------+
|  Job #   1  |
+-------------+
Basis set = sto-3G

*** Geometry ******************************
  H     0.0000000    0.0000000    0.0000000
  H     0.0000000    0.0000000    1.2301000
  H     1.2300100    0.0000000    0.0000000
  H     1.2300000    0.0010000    1.2300200
*******************************************

Symmetry C1 : C1(Abelian)
E[FCI]    = -1.9695137026429483     (Spin = 1   Ms = 0)
E[HF]     = -1.7792752192944166    (Spin = 1   Ms = 0)
NBasis = 4

[Molecular Orbitals]
---+-------+------------+------------------
 # |  Sym  |   energy   |     category
---+-------+------------+------------------
 0 |   A   |    -0.5698 | Active (occupied)
 1 |   A   |    -0.2021 | Active (occupied)
 2 |   A   |     0.1609 | Active (virtual)
 3 |   A   |     0.5707 | Active (virtual)
---+-------+------------+------------------

Entered VQE driver
Performing VQE for uccsd
Number of VQE parameters: 26
Initial configuration: |00001111>
Convergence criteria: ftol = 1E-09, gtol = 1E-05
Derivatives: Analytical
Circuit order: Exp[T1] Exp[T2] |0>
Initial E[uccsd] = -1.779275219294  <S**2> = +0.000000000000000  rho = 1  
     1: E[uccsd] = -1.899039857957  <S**2> = +0.000001751128063  Grad = 2.36e-01  CPU Time =    0.03894  (0.00 / step)
     2: E[uccsd] = -1.919103430614  <S**2> = +0.000024469093169  Grad = 1.55e-01  CPU Time =    0.00938  (0.00 / step)
     3: E[uccsd] = -1.938067614435  <S**2> = +0.000047478996258  Grad = 1.56e-01  CPU Time =    0.00907  (0.00 / step)
     4: E[uccsd] = -1.952398920146  <S**2> = +0.000372528445575  Grad = 2.05e-01  CPU Time =    0.00889  (0.00 / step)
     5: E[uccsd] = -1.964360277310  <S**2> = +0.001197713863972  Grad = 8.23e-02  CPU Time =    0.00891  (0.00 / step)
     6: E[uccsd] = -1.967112273207  <S**2> = +0.001322619058978  Grad = 3.61e-02  CPU Time =    0.00904  (0.00 / step)
     7: E[uccsd] = -1.967457067796  <S**2> = +0.000459065286246  Grad = 1.41e-02  CPU Time =    0.00890  (0.00 / step)
     8: E[uccsd] = -1.967512893318  <S**2> = +0.000117347403792  Grad = 5.02e-03  CPU Time =    0.00891  (0.00 / step)
     9: E[uccsd] = -1.967525010613  <S**2> = +0.000009207539942  Grad = 2.02e-03  CPU Time =    0.00888  (0.00 / step)
    10: E[uccsd] = -1.967526396766  <S**2> = +0.000000042473614  Grad = 7.75e-04  CPU Time =    0.00903  (0.00 / step)
    11: E[uccsd] = -1.967526521580  <S**2> = +0.000000022520385  Grad = 1.61e-04  CPU Time =    0.00878  (0.00 / step)
    12: E[uccsd] = -1.967526531499  <S**2> = +0.000000001839713  Grad = 5.16e-05  CPU Time =    0.00830  (0.00 / step)
    13: E[uccsd] = -1.967526532440  <S**2> = +0.000000000032535  Grad = 8.14e-06  CPU Time =    0.00884  (0.00 / step)
 Final: E[uccsd] = -1.967526532440  <S**2> = +0.000000000032535  rho = 1 

(uccsd state)
    Basis            Coef
| 00001111 > : +0.7025 +0.0000i
| 00110011 > : -0.6540 +0.0000i
| 01101001 > : -0.1491 +0.0000i
| 10010110 > : -0.1491 +0.0000i


VQE Done: CPU Time =          0.1546

uccsd (vqe) 
    Basis            Coef
| 00001111 > : +0.7025 +0.0000i
| 00110011 > : -0.6540 +0.0000i
| 01101001 > : -0.1491 +0.0000i
| 10010110 > : -0.1491 +0.0000i

 === Computing 1RDM === 
 === Computing 2RDM === 

Dipole moment from 1RDM (in Debye):
x = 0.00001  y = -0.00000  z = 0.00000
| mu | = 0.00001

Dipole moment from relaxed 1RDM (in Debye):
x = 0.00001     y = -0.00000    z = 0.00000
| mu | = 0.00001
Saved in ./uccsd_h4.qkt.
Normal termination of quket at 2022-05-25 10:02:40.785862
