///////////////////////////////////////////////////////////////////////////////////
///                                                                             ///
///                                                                             ///
///              QQQ       UUU  UUU    KKK   KK    EEEEEEE    TTTTTTT           ///
///             Q   Q       u    U      K   K       E    E    T  T  T           ///
///            Q     Q      U    U      K  K        E  E         T              ///
///            Q     Q      U    U      KKK         EEEE         T              ///
///            Q QQQ Q      U    U      K  K        E  E         T              ///
///             Q   Q       U    U      K   K       E    E       T              ///
///              QQQ QQ      UUUU      KKK   KK    EEEEEEE      TTT             ///
///                                                                             ///
///                      Quantum Computing Simulator Ver 0.4 dev                ///
///                                                                             ///
///        Copyright 2019-2021                                                  ///
///        QC Project Team, Ten-no Research Group                               ///
///        All rights Reserved.                                                 ///
///                                                                             ///
///////////////////////////////////////////////////////////////////////////////////
Start at 2021-04-13 13:53:45.238525

*** Geometry **************************
  N     1.0000    0.0000    0.0000
  N     0.0000    0.0000    0.0000
***************************************

E[FCI] = -107.52046127247819
E[HF]  = -107.4195324516821

+-------------+
|  Job #   1  |
+-------------+
16 processes x 1 = Total 16 cores
Performing VQE for uccsd
Number of VQE parameters: 117
Initial configuration: | 000000111111 >
Convergence criteria: ftol = 1E-09, gtol = 1E-05
Theta list = zero
Circuit order: Exp[T1] Exp[T2] |0>
Initial E[uccsd] = -107.419532451682  <S**2> = +0.000000000000000  rho = 1
     1: E[uccsd] = -107.511276958568  <S**2> = +0.000001974870933  CPU Time =  1.53  (0.05 / step)
     2: E[uccsd] = -107.519060899988  <S**2> = +0.000000948715783  CPU Time =  0.51  (0.05 / step)
     3: E[uccsd] = -107.520082631793  <S**2> = +0.000000261870344  CPU Time =  0.52  (0.05 / step)
     4: E[uccsd] = -107.520260355814  <S**2> = +0.000000154859596  CPU Time =  0.52  (0.05 / step)
     5: E[uccsd] = -107.520271810234  <S**2> = +0.000000054223394  CPU Time =  0.52  (0.05 / step)
     6: E[uccsd] = -107.520272089137  <S**2> = +0.000000044793404  CPU Time =  0.52  (0.05 / step)
     7: E[uccsd] = -107.520272133130  <S**2> = +0.000000043273929  CPU Time =  0.52  (0.05 / step)
 Final: E[uccsd] = -107.520272133130  <S**2> = +0.000000043273929  rho = 1

(UCCSD state)
      Basis              Coef
| 000000111111 > : +0.9727 +0.0000i
| 000011110011 > : -0.1155 +0.0000i
| 001100111100 > : -0.1154 +0.0000i


Dipole moment (in Debye):
x = 0.00001  y = -0.00000  z = 0.00000
| mu | = 0.00001

VQE Done: CPU Time =          4.7413

Normal termination of quket at 2021-04-13 13:53:50.544922
