///////////////////////////////////////////////////////////////////////////////////
///                                                                             ///
///                                                                             ///
///              QQQ       UUU  UUU    KKK   KK    EEEEEEE    TTTTTTT           ///
///             Q   Q       u    U      K   K       E    E    T  T  T           ///
///            Q     Q      U    U      K  K        E  E         T              ///
///            Q     Q      U    U      KKK         EEEE         T              ///
///            Q QQQ Q      U    U      K  K        E  E         T              ///
///             Q   Q       U    U      K   K       E    E       T              ///
///              QQQ QQ      UUUU      KKK   KK    EEEEEEE      TTT             ///
///                                                                             ///
///                      Quantum Computing Simulator Ver 0.8.1                  ///
///                                                                             ///
///        Copyright 2019-2022                                                  ///
///        The Quket Developers                                                 ///
///        All rights Reserved.                                                 ///
///                                                                             ///
///////////////////////////////////////////////////////////////////////////////////
2022-05-25 12:39:44.070101: 
16 processes x 2 = Total 32 cores

##################### INPUT ########################
basis        = sto-6G
multiplicity = 1
charge       = 0
n_electrons  = 6
n_orbitals   = 5
geometry
H   1.818585887 1.250512313 0
O   0   -0.157587329    0
H   -1.818585887    1.250512313 0
maxiter      = 0

@@@
maxiter      = 100
pyscf_guess  = read
geometry
H   1.976723791 1.359252514 0
O   0   -0.171290575    0
H   -1.976723791    1.359252514 0
kappa_guess  = read
ansatz       = phf
euler        = 1, 2, 1
####################################################

+-------------+
|  Job #   1  |
+-------------+
Basis set = sto-6G

*** Geometry ******************************
  H     1.8185859    1.2505123    0.0000000
  O     0.0000000   -0.1575873    0.0000000
  H    -1.8185859    1.2505123    0.0000000
*******************************************

Symmetry C2v : C2v(Abelian)
E[FCI]    = -75.46331558033313     (Spin = 1   Ms = 0)
E[HF]     = -74.99009251884588    (Spin = 1   Ms = 0)
NBasis = 7

[Molecular Orbitals]
---+-------+------------+------------------
 # |  Sym  |   energy   |     category
---+-------+------------+------------------
 0 |   A1  |   -20.5644 | Frozen Core
 1 |   A1  |    -1.1333 | Frozen Core
 2 |   B2  |    -0.4142 | Active (occupied)
 3 |   B1  |    -0.2535 | Active (occupied)
 4 |   A1  |    -0.2445 | Active (occupied)
 5 |   A1  |     0.0585 | Active (virtual)
 6 |   B1  |     0.0717 | Active (virtual)
---+-------+------------+------------------


   Skipping job since maxiter = 0.

Saved in ./phf_h2o.qkt.
+-------------+
|  Job #   2  |
+-------------+
Basis set = sto-6G

*** Geometry ******************************
  H     1.9767238    1.3592525    0.0000000
  O     0.0000000   -0.1712906    0.0000000
  H    -1.9767238    1.3592525    0.0000000
*******************************************

Symmetry C2v : C2v(Abelian)
E[FCI]    = -75.4603571834965     (Spin = 1   Ms = 0)
E[HF]     = -74.92680637169782    (Spin = 1   Ms = 0)
TODO: Pauli_list is not supported for ansatz = phf.
Projecting to spin space : s = 0.0    Ms = 0 
             Grid points : (alpha, beta, gamma) = (1, 2, 1)
NBasis = 7

[Molecular Orbitals]
---+-------+------------+------------------
 # |  Sym  |   energy   |     category
---+-------+------------+------------------
 0 |   A1  |   -20.5576 | Frozen Core
 1 |   A1  |    -1.1310 | Frozen Core
 2 |   B2  |    -0.4128 | Active (occupied)
 3 |   B1  |    -0.2298 | Active (occupied)
 4 |   A1  |    -0.2236 | Active (occupied)
 5 |   A1  |     0.0390 | Active (virtual)
 6 |   B1  |     0.0481 | Active (virtual)
---+-------+------------+------------------

Entered VQE driver
Number of parameters: Singles 12    Doubles 0    Total 12
Performing VQE for phf
Number of VQE parameters: 12
Initial configuration: |0000111111>
Convergence criteria: ftol = 1E-09, gtol = 1E-05
Derivatives: Analytical

               0          
    0     -0.0013505  
    1      0.0012088  
    2      0.0000070  
    3     -0.7440344  
    4     -2.3854428  
    5     -0.0000118  
    6      0.0000079  
    7     -0.0000078  
    8     -0.0000024  
    9      0.7312225  
   10      2.4010936  
   11     -0.0000027  

Initial E[phf] = -75.460201185071  <S**2> = -0.000000000000005  rho = 1
     1: E[phf] = -75.460201185072  <S**2> = -0.000000000000003  Grad = 5.18e-05  CPU Time =  0.26  (0.01 / step)
State before projection
     Basis             Coef
| 0000111111 > : +0.2941 +0.0000i
| 0001101111 > : -0.2774 +0.0000i
| 0010011111 > : -0.2688 +0.0000i
| 0011001111 > : -0.2535 +0.0000i
| 0100111011 > : +0.2707 +0.0000i
| 0101101011 > : -0.2553 +0.0000i
| 0110011011 > : -0.2474 +0.0000i
| 0111001011 > : -0.2334 +0.0000i
| 1000110111 > : +0.2638 +0.0000i
| 1001100111 > : -0.2488 +0.0000i
| 1010010111 > : -0.2411 +0.0000i
| 1011000111 > : -0.2274 +0.0000i
| 1100110011 > : -0.2429 +0.0000i
| 1101100011 > : +0.2290 +0.0000i
| 1110010011 > : +0.2220 +0.0000i
| 1111000011 > : +0.2094 +0.0000i

 Final: E[phf] = -75.460201185072  <S**2> = -0.000000000000003  rho = 1
     Basis             Coef
| 0000111111 > : +0.2941 +0.0000i
| 0001101111 > : -0.2774 +0.0000i
| 0010011111 > : -0.2688 +0.0000i
| 0011001111 > : -0.2535 +0.0000i
| 0100111011 > : +0.2707 +0.0000i
| 0101101011 > : -0.2553 +0.0000i
| 0110011011 > : -0.2474 +0.0000i
| 0111001011 > : -0.2334 +0.0000i
| 1000110111 > : +0.2638 +0.0000i
| 1001100111 > : -0.2488 +0.0000i
| 1010010111 > : -0.2411 +0.0000i
| 1011000111 > : -0.2274 +0.0000i
| 1100110011 > : -0.2429 +0.0000i
| 1101100011 > : +0.2290 +0.0000i
| 1110010011 > : +0.2220 +0.0000i
| 1111000011 > : +0.2094 +0.0000i

HUg [ -3.556219487715091 -47.12002197109173 ]
Ug [0.047120531769813 0.624441969561442]

VQE Done: CPU Time =          0.2920

phf (vqe) 
     Basis             Coef
| 0000111111 > : +1.0000 +0.0000i

 === Computing 1RDM === 
 === Computing 2RDM === 

Dipole moment from 1RDM (in Debye):
x = 0.00000  y = 0.39930  z = 0.00000
| mu | = 0.39930

Dipole moment from relaxed 1RDM (in Debye):
x = -0.00000     y = 0.39930    z = -0.00000
| mu | = 0.39930
Saved in ./phf_h2o.qkt.
Normal termination of quket at 2022-05-25 12:39:45.541145
