///////////////////////////////////////////////////////////////////////////////////
///                                                                             ///
///                                                                             ///
///              QQQ       UUU  UUU    KKK   KK    EEEEEEE    TTTTTTT           ///
///             Q   Q       u    U      K   K       E    E    T  T  T           ///
///            Q     Q      U    U      K  K        E  E         T              ///
///            Q     Q      U    U      KKK         EEEE         T              ///
///            Q QQQ Q      U    U      K  K        E  E         T              ///
///             Q   Q       U    U      K   K       E    E       T              ///
///              QQQ QQ      UUUU      KKK   KK    EEEEEEE      TTT             ///
///                                                                             ///
///                      Quantum Computing Simulator Ver 0.8.1                  ///
///                                                                             ///
///        Copyright 2019-2022                                                  ///
///        The Quket Developers                                                 ///
///        All rights Reserved.                                                 ///
///                                                                             ///
///////////////////////////////////////////////////////////////////////////////////
2022-05-25 12:39:50.131428: 
16 processes x 2 = Total 32 cores

##################### INPUT ########################
basis        = sto-6G
method       = vqe
ansatz       = sghf
multiplicity = 1
charge       = 0
n_electrons  = 6
n_orbitals   = 5
geometry
H   1.818585887 1.250512313 0
O   0   -0.157587329    0
H   -1.818585887    1.250512313 0
euler        = 4, 2, 4
maxiter      = 0

@@@
maxiter      = 100
pyscf_guess  = read
geometry
H   1.976723791 1.359252514 0
O   0   -0.171290575    0
H   -1.976723791    1.359252514 0
kappa_guess  = read
spin  = 1
####################################################

+-------------+
|  Job #   1  |
+-------------+
Basis set = sto-6G

*** Geometry ******************************
  H     1.8185859    1.2505123    0.0000000
  O     0.0000000   -0.1575873    0.0000000
  H    -1.8185859    1.2505123    0.0000000
*******************************************

Symmetry C2v : C2v(Abelian)
E[FCI]    = -75.4633155803274     (Spin = 1   Ms = 0)
E[HF]     = -74.99009251884596    (Spin = 1   Ms = 0)
TODO: Pauli_list is not supported for ansatz = sghf.
Projecting to spin space : s = 0.0    Ms = 0 
             Grid points : (alpha, beta, gamma) = (4, 2, 4)
NBasis = 7

[Molecular Orbitals]
---+-------+------------+------------------
 # |  Sym  |   energy   |     category
---+-------+------------+------------------
 0 |   A1  |   -20.5644 | Frozen Core
 1 |   A1  |    -1.1333 | Frozen Core
 2 |   B2  |    -0.4142 | Active (occupied)
 3 |   B1  |    -0.2535 | Active (occupied)
 4 |   A1  |    -0.2445 | Active (occupied)
 5 |   A1  |     0.0585 | Active (virtual)
 6 |   B1  |     0.0717 | Active (virtual)
---+-------+------------+------------------


   Skipping job since maxiter = 0.

Saved in ./sghf_h2o.qkt.
+-------------+
|  Job #   2  |
+-------------+
Basis set = sto-6G

*** Geometry ******************************
  H     1.9767238    1.3592525    0.0000000
  O     0.0000000   -0.1712906    0.0000000
  H    -1.9767238    1.3592525    0.0000000
*******************************************

Symmetry C2v : C2v(Abelian)
E[FCI]    = -75.46035718349647     (Spin = 1   Ms = 0)
E[HF]     = -74.92680637169782    (Spin = 1   Ms = 0)
TODO: Pauli_list is not supported for ansatz = sghf.
Projecting to spin space : s = 0.0    Ms = 0 
             Grid points : (alpha, beta, gamma) = (4, 2, 4)
NBasis = 7

[Molecular Orbitals]
---+-------+------------+------------------
 # |  Sym  |   energy   |     category
---+-------+------------+------------------
 0 |   A1  |   -20.5576 | Frozen Core
 1 |   A1  |    -1.1310 | Frozen Core
 2 |   B2  |    -0.4128 | Active (occupied)
 3 |   B1  |    -0.2298 | Active (occupied)
 4 |   A1  |    -0.2236 | Active (occupied)
 5 |   A1  |     0.0390 | Active (virtual)
 6 |   B1  |     0.0481 | Active (virtual)
---+-------+------------+------------------

Entered VQE driver
Number of parameters: Singles 24    Doubles 0    Total 24
Performing VQE for sghf
Number of VQE parameters: 24
Initial configuration: |0000111111>
Convergence criteria: ftol = 1E-09, gtol = 1E-05
Derivatives: Analytical

               0          
    0     -0.0116845  
    1     -0.0035934  
    2      0.0508962  
    3      0.1931083  
    4      0.7232906  
    5     -0.1530438  
    6      0.0008564  
    7      0.0031070  
    8      0.1773978  
    9     -0.0527678  
   10     -0.1979961  
   11     -0.6973882  
   12      0.0017068  
   13     -0.0176342  
   14     -0.6991711  
   15      0.1642596  
   16     -0.0537360  
   17     -0.2401661  
   18     -0.0019629  
   19      0.0032938  
   20      0.1978989  
   21      0.6969267  
   22     -0.1291096  
   23      0.0530350  

Initial E[sghf] = -75.460321157595  <S**2> = -0.000000000000003  rho = 1
     1: E[sghf] = -75.460321168267  <S**2> = -0.000000000000004  Grad = 1.29e-04  CPU Time =  2.44  (0.17 / step)
State before projection
     Basis             Coef
| 0000111111 > : +0.2924 +0.0000i
| 0001101111 > : -0.2611 +0.0000i
| 0010011111 > : -0.2526 +0.0000i
| 0011001111 > : -0.2419 +0.0000i
| 0100111011 > : +0.2541 +0.0000i
| 0101101011 > : -0.2260 +0.0000i
| 0110011011 > : -0.2288 +0.0000i
| 0111001011 > : -0.2192 +0.0000i
| 1000110111 > : +0.2472 +0.0000i
| 1001100111 > : -0.2301 +0.0000i
| 1010010111 > : -0.2127 +0.0000i
| 1011000111 > : -0.2133 +0.0000i
| 1100110011 > : -0.2317 +0.0000i
| 1101100011 > : +0.2158 +0.0000i
| 1110010011 > : +0.2086 +0.0000i
| 1111000011 > : +0.2084 +0.0000i

 Final: E[sghf] = -75.460321168267  <S**2> = -0.000000000000004  rho = 1
     Basis             Coef
| 0000111111 > : +0.2924 +0.0000i
| 0001101111 > : -0.2611 +0.0000i
| 0010011111 > : -0.2526 +0.0000i
| 0011001111 > : -0.2419 +0.0000i
| 0100111011 > : +0.2541 +0.0000i
| 0101101011 > : -0.2260 +0.0000i
| 0110011011 > : -0.2288 +0.0000i
| 0111001011 > : -0.2192 +0.0000i
| 1000110111 > : +0.2472 +0.0000i
| 1001100111 > : -0.2301 +0.0000i
| 1010010111 > : -0.2127 +0.0000i
| 1011000111 > : -0.2133 +0.0000i
| 1100110011 > : -0.2317 +0.0000i
| 1101100011 > : +0.2158 +0.0000i
| 1110010011 > : +0.2086 +0.0000i
| 1111000011 > : +0.2084 +0.0000i

HUg [ -3.553009693188768 -10.399977483066063 -10.399977483066067  -3.553009693188776 -47.11481795129604  -58.29327272526457  -58.29327272526456  -47.11481795129604   -0.822948391150254  -2.966710961867307  -5.641646589429997  -0.822948391150274 -25.231868435741603 -39.13782159439341  -49.18345185840613  -25.23186843574161   -0.822948391150258  -5.641646589429989  -2.966710961867307  -0.822948391150258 -25.231868435741603 -49.183451858406116 -39.137821594393365 -25.231868435741593  -3.553009693188768 -10.399977483066072 -10.399977483066067  -3.553009693188776 -47.11481795129604  -58.29327272526457  -58.29327272526456  -47.11481795129604 ]
Ug [0.04708792335094  0.137797854016198 0.137797854016198 0.04708792335094  0.624410059364836 0.772491971612232 0.772491971612232 0.624410059364836 0.010903058186642 0.039304498632636 0.074763739674296 0.010903058186642 0.334360904257426 0.518642141364374 0.651824214789865 0.334360904257426 0.010903058186641 0.074763739674296 0.039304498632635 0.010903058186641 0.334360904257426 0.651824214789865 0.518642141364373 0.334360904257425 0.04708792335094  0.137797854016198 0.137797854016198 0.04708792335094  0.624410059364836 0.772491971612232 0.772491971612232 0.624410059364836]

VQE Done: CPU Time =          2.6353

sghf (vqe) 
     Basis             Coef
| 0000111111 > : +1.0000 +0.0000i

 === Computing 1RDM === 
 === Computing 2RDM === 

Dipole moment from 1RDM (in Debye):
x = -0.00000  y = 0.39930  z = 0.00000
| mu | = 0.39930

Dipole moment from relaxed 1RDM (in Debye):
x = -0.00000     y = 0.39930    z = -0.00000
| mu | = 0.39930
Saved in ./sghf_h2o.qkt.
Normal termination of quket at 2022-05-25 12:39:53.961464
