///////////////////////////////////////////////////////////////////////////////////
///                                                                             ///
///                                                                             ///
///              QQQ       UUU  UUU    KKK   KK    EEEEEEE    TTTTTTT           ///
///             Q   Q       u    U      K   K       E    E    T  T  T           ///
///            Q     Q      U    U      K  K        E  E         T              ///
///            Q     Q      U    U      KKK         EEEE         T              ///
///            Q QQQ Q      U    U      K  K        E  E         T              ///
///             Q   Q       U    U      K   K       E    E       T              ///
///              QQQ QQ      UUUU      KKK   KK    EEEEEEE      TTT             ///
///                                                                             ///
///                      Quantum Computing Simulator Ver 0.8.0                  ///
///                                                                             ///
///        Copyright 2019-2022                                                  ///
///        QC Project Team, Ten-no Research Group                               ///
///        All rights Reserved.                                                 ///
///                                                                             ///
///////////////////////////////////////////////////////////////////////////////////
2022-05-12 21:36:21.744449: 
32 processes x 1 = Total 32 cores

##################### INPUT ########################
 basis        = STO-6G
 multiplicity = 1
 charge       = 0
 n_electrons  = 6
 n_orbitals   = 5
 method       = vqe
 ansatz       = adapt
 spinproj = true
 euler = 5,2,1
 adapt_mode = spin
 adapt_max    = 5
 geometry
 O  0.1  0  0
 H 0 -0.757 0.687
 H 0  0.757 0.587
 1rdm         = True
 maxiter      = 100
 opt = true
####################################################

+-------------+
|  Job #   1  |
+-------------+
Basis set = STO-6G

*** Geometry ******************************
  O     0.1000000    0.0000000    0.0000000
  H     0.0000000   -0.7570000    0.6870000
  H     0.0000000    0.7570000    0.5870000
*******************************************

Symmetry Cs : Cs(Abelian)
E[FCI]    = -75.71921531276742     (Spin = 1   Ms = 0)
E[HF]     = -75.67867918653786    (Spin = 1   Ms = 0)
Projecting to spin space : s = 0.0    Ms = 0 
             Grid points : (alpha, beta, gamma) = (5, 2, 1)
NBasis = 7

[Molecular Orbitals]
---+-------+------------+------------------
 # |  Sym  |   energy   |     category
---+-------+------------+------------------
 0 |   A'  |   -20.5152 | Frozen Core
 1 |   A'  |    -1.2644 | Frozen Core
 2 |   A'  |    -0.5931 | Active (occupied)
 3 |   A'  |    -0.4664 | Active (occupied)
 4 |   A"  |    -0.3991 | Active (occupied)
 5 |   A'  |     0.5604 | Active (virtual)
 6 |   A'  |     0.6834 | Active (virtual)
---+-------+------------+------------------

Performing ADAPT-VQE (spin-projection) [spin]
ADAPT Convergence criterion = 1E-01
Initial configuration: | 0000111111 >
VQE Convergence criteria: ftol = 1E-09, gtol = 1E-05
Number of operators in pool: 410
    1:   E[adapt] = -75.691694254762   <S**2> = -0.00000000000000   Grad = 5.11e-01   Fidelity = 0.000000   CPU Time =  0.15   <N> =  6.00000000000000   <Sz> =  0.00000000000000   CNOT = 13
    2:   E[adapt] = -75.696811707285   <S**2> =  0.00000000000000   Grad = 4.02e-01   Fidelity = 0.000000   CPU Time =  0.15   <N> =  6.00000000000000   <Sz> =  0.00000000000000   CNOT = 26
    3:   E[adapt] = -75.707034574857   <S**2> = -0.00000000000000   Grad = 3.56e-01   Fidelity = 0.000000   CPU Time =  0.20   <N> =  6.00000000000001   <Sz> =  0.00000000000000   CNOT = 75
    4:   E[adapt] = -75.710391129804   <S**2> =  0.00000000000000   Grad = 2.72e-01   Fidelity = 0.000000   CPU Time =  0.23   <N> =  6.00000000000000   <Sz> =  0.00000000000000   CNOT = 88
    5:   E[adapt] = -75.713280689864   <S**2> = -0.00000000000000   Grad = 2.30e-01   Fidelity = 0.000000   CPU Time =  0.27   <N> =  6.00000000000001   <Sz> =  0.00000000000000   CNOT = 101
adapt_max = ndim = 0.1

-----------ADAPT-VQE finished----------
number of parameter is  5
Final: E[adapt] = -75.713280689864   <S**2> = -0.000000000000000   Fidelity = 0.000000
     Basis             Coef
| 0000111111 > : +0.9896 +0.0000i


 Done: CPU Time =            1.7898
adapt (vqe) 
     Basis             Coef
| 0000111111 > : +0.9896 +0.0000i

 === Computing 1RDM === 
 === Computing 2RDM === 

Dipole moment from 1RDM (in Debye):
x = -0.26269  y = 0.09036  z = 1.66736
| mu | = 1.69035

Dipole moment from relaxed 1RDM (in Debye):
x = -0.25033     y = -0.12315    z = 1.60273
| mu | = 1.62683

*** Nuclear Gradients *********************
            x            y            z
  O    -0.0063761    0.1228639    0.0325004
  H    -0.0049271   -0.0402737    0.0340460
  H     0.0113032   -0.0825902   -0.0665464
*******************************************

"""""""""""""""""""
     Cycle 0
"""""""""""""""""""
Basis set = STO-6G

*** Geometry ******************************
  O     0.0048289   -0.0579061   -0.0269356
  H    -0.0950335   -0.7443116    0.6545251
  H    -0.1025492    0.7991821    0.6004524
*******************************************

Symmetry Cs : Cs(Abelian)
E[FCI]    = -75.71895570991605     (Spin = 1   Ms = 0)
E[HF]     = -75.67434496863409    (Spin = 1   Ms = 0)
Projecting to spin space : s = 0.0    Ms = 0 
             Grid points : (alpha, beta, gamma) = (5, 2, 1)
Performing ADAPT-VQE (spin-projection) [spin]
ADAPT Convergence criterion = 1E-01
Initial configuration: | 0000111111 >
VQE Convergence criteria: ftol = 1E-09, gtol = 1E-05
Number of operators in pool: 410
    1:   E[adapt] = -75.687241006605   <S**2> =  0.00000000000000   Grad = 5.25e-01   Fidelity = 0.000000   CPU Time =  0.15   <N> =  6.00000000000000   <Sz> =  0.00000000000000   CNOT = 13
    2:   E[adapt] = -75.694048464308   <S**2> =  0.00000000000000   Grad = 4.25e-01   Fidelity = 0.000000   CPU Time =  0.15   <N> =  6.00000000000001   <Sz> =  0.00000000000000   CNOT = 26
    3:   E[adapt] = -75.703474794781   <S**2> = -0.00000000000000   Grad = 3.74e-01   Fidelity = 0.000000   CPU Time =  0.20   <N> =  5.99999999999999   <Sz> =  0.00000000000000   CNOT = 75
    4:   E[adapt] = -75.707234283248   <S**2> = -0.00000000000000   Grad = 3.02e-01   Fidelity = 0.000000   CPU Time =  0.27   <N> =  6.00000000000000   <Sz> =  0.00000000000000   CNOT = 88
    5:   E[adapt] = -75.709778060894   <S**2> = -0.00000000000000   Grad = 2.59e-01   Fidelity = 0.000000   CPU Time =  0.23   <N> =  5.99999999999999   <Sz> =  0.00000000000000   CNOT = 101
adapt_max = ndim = 0.1

-----------ADAPT-VQE finished----------
number of parameter is  5
Final: E[adapt] = -75.709778060894   <S**2> = -0.000000000000000   Fidelity = 0.000000
     Basis             Coef
| 0000111111 > : +0.9890 -0.0000i


 Done: CPU Time =            1.7834
 === Computing 1RDM === 
 === Computing 2RDM === 

*** Nuclear Gradients *********************
            x            y            z
  O    -0.0011933   -0.1322188    0.0163342
  H     0.0095342    0.0670769   -0.0651635
  H    -0.0083410    0.0651420    0.0488292
*******************************************

"""""""""""""""""""
     Cycle 1
"""""""""""""""""""
Basis set = STO-6G

*** Geometry ******************************
  O     0.0050354   -0.0285127   -0.0301925
  H    -0.0971018   -0.7630280    0.6689369
  H    -0.1006873    0.7885052    0.5892975
*******************************************

Symmetry Cs : Cs(Abelian)
E[FCI]    = -75.72309471437993     (Spin = 1   Ms = 0)
E[HF]     = -75.67813963253278    (Spin = 1   Ms = 0)
Projecting to spin space : s = 0.0    Ms = 0 
             Grid points : (alpha, beta, gamma) = (5, 2, 1)
Performing ADAPT-VQE (spin-projection) [spin]
ADAPT Convergence criterion = 1E-01
Initial configuration: | 0000111111 >
VQE Convergence criteria: ftol = 1E-09, gtol = 1E-05
Number of operators in pool: 410
    1:   E[adapt] = -75.693680024359   <S**2> =  0.00000000000000   Grad = 5.28e-01   Fidelity = 0.000000   CPU Time =  0.15   <N> =  6.00000000000000   <Sz> =  0.00000000000000   CNOT = 13
    2:   E[adapt] = -75.708710933265   <S**2> =  0.00000000000000   Grad = 4.03e-01   Fidelity = 0.000000   CPU Time =  0.20   <N> =  6.00000000000000   <Sz> =  0.00000000000000   CNOT = 62
    3:   E[adapt] = -75.713573136761   <S**2> = -0.00000000000000   Grad = 2.87e-01   Fidelity = 0.000000   CPU Time =  0.27   <N> =  6.00000000000000   <Sz> =  0.00000000000000   CNOT = 75
    4:   E[adapt] = -75.717009912502   <S**2> =  0.00000000000000   Grad = 2.36e-01   Fidelity = 0.000000   CPU Time =  0.27   <N> =  6.00000000000000   <Sz> =  0.00000000000000   CNOT = 88
    5:   E[adapt] = -75.720277258291   <S**2> = -0.00000000000000   Grad = 2.05e-01   Fidelity = 0.000000   CPU Time =  0.23   <N> =  6.00000000000000   <Sz> =  0.00000000000000   CNOT = 101
adapt_max = ndim = 0.1

-----------ADAPT-VQE finished----------
number of parameter is  5
Final: E[adapt] = -75.720277258291   <S**2> = -0.000000000000000   Fidelity = 0.000000
     Basis             Coef
| 0000111111 > : +0.9869 -0.0000i


 Done: CPU Time =            1.9170
 === Computing 1RDM === 
 === Computing 2RDM === 

*** Nuclear Gradients *********************
            x            y            z
  O    -0.0015209   -0.0311610    0.0117465
  H     0.0029040    0.0087612   -0.0190771
  H    -0.0013831    0.0223998    0.0073306
*******************************************

"""""""""""""""""""
     Cycle 2
"""""""""""""""""""
Basis set = STO-6G

*** Geometry ******************************
  O     0.0078678   -0.0253597   -0.0484427
  H    -0.0988581   -0.7414154    0.6786968
  H    -0.1017634    0.7637395    0.5977878
*******************************************

Symmetry Cs : Cs(Abelian)
E[FCI]    = -75.72345551373704     (Spin = 1   Ms = 0)
E[HF]     = -75.67717473412118    (Spin = 1   Ms = 0)
Projecting to spin space : s = 0.0    Ms = 0 
             Grid points : (alpha, beta, gamma) = (5, 2, 1)
Performing ADAPT-VQE (spin-projection) [spin]
ADAPT Convergence criterion = 1E-01
Initial configuration: | 0000111111 >
VQE Convergence criteria: ftol = 1E-09, gtol = 1E-05
Number of operators in pool: 410
    1:   E[adapt] = -75.693389336064   <S**2> = -0.00000000000000   Grad = 5.36e-01   Fidelity = 0.000000   CPU Time =  0.15   <N> =  6.00000000000000   <Sz> =  0.00000000000000   CNOT = 13
    2:   E[adapt] = -75.709235569942   <S**2> = -0.00000000000000   Grad = 4.09e-01   Fidelity = 0.000000   CPU Time =  0.20   <N> =  6.00000000000000   <Sz> =  0.00000000000000   CNOT = 62
    3:   E[adapt] = -75.714334618227   <S**2> = -0.00000000000000   Grad = 2.86e-01   Fidelity = 0.000000   CPU Time =  0.27   <N> =  6.00000000000000   <Sz> =  0.00000000000000   CNOT = 75
    4:   E[adapt] = -75.717911886459   <S**2> = -0.00000000000000   Grad = 2.31e-01   Fidelity = 0.000000   CPU Time =  0.27   <N> =  5.99999999999999   <Sz> =  0.00000000000000   CNOT = 88
    5:   E[adapt] = -75.720923342369   <S**2> = -0.00000000000000   Grad = 1.97e-01   Fidelity = 0.000000   CPU Time =  0.23   <N> =  6.00000000000001   <Sz> =  0.00000000000000   CNOT = 101
adapt_max = ndim = 0.1

-----------ADAPT-VQE finished----------
number of parameter is  5
Final: E[adapt] = -75.720923342369   <S**2> = -0.000000000000000   Fidelity = 0.000000
     Basis             Coef
| 0000111111 > : +0.9864 +0.0000i


 Done: CPU Time =            1.8897
 === Computing 1RDM === 
 === Computing 2RDM === 

*** Nuclear Gradients *********************
            x            y            z
  O     0.0003404    0.0008106   -0.0022221
  H    -0.0002406    0.0015777    0.0014282
  H    -0.0000999   -0.0023882    0.0007939
*******************************************

"""""""""""""""""""
     Cycle 3
"""""""""""""""""""
Basis set = STO-6G

*** Geometry ******************************
  O     0.0071942   -0.0248286   -0.0441874
  H    -0.0985313   -0.7478299    0.6770388
  H    -0.1014167    0.7696229    0.5951905
*******************************************

Symmetry Cs : Cs(Abelian)
E[FCI]    = -75.72351395291756     (Spin = 1   Ms = 0)
E[HF]     = -75.67750842406834    (Spin = 1   Ms = 0)
Projecting to spin space : s = 0.0    Ms = 0 
             Grid points : (alpha, beta, gamma) = (5, 2, 1)
Performing ADAPT-VQE (spin-projection) [spin]
ADAPT Convergence criterion = 1E-01
Initial configuration: | 0000111111 >
VQE Convergence criteria: ftol = 1E-09, gtol = 1E-05
Number of operators in pool: 410
    1:   E[adapt] = -75.693582910312   <S**2> = -0.00000000000000   Grad = 5.34e-01   Fidelity = 0.000000   CPU Time =  0.15   <N> =  6.00000000000000   <Sz> =  0.00000000000000   CNOT = 13
    2:   E[adapt] = -75.709279489497   <S**2> = -0.00000000000000   Grad = 4.08e-01   Fidelity = 0.000000   CPU Time =  0.20   <N> =  6.00000000000000   <Sz> =  0.00000000000000   CNOT = 62
    3:   E[adapt] = -75.714322304312   <S**2> =  0.00000000000000   Grad = 2.86e-01   Fidelity = 0.000000   CPU Time =  0.27   <N> =  6.00000000000000   <Sz> =  0.00000000000000   CNOT = 75
    4:   E[adapt] = -75.717874243747   <S**2> = -0.00000000000000   Grad = 2.32e-01   Fidelity = 0.000000   CPU Time =  0.27   <N> =  5.99999999999999   <Sz> =  0.00000000000000   CNOT = 88
    5:   E[adapt] = -75.720948211980   <S**2> = -0.00000000000000   Grad = 1.98e-01   Fidelity = 0.000000   CPU Time =  0.26   <N> =  5.99999999999999   <Sz> =  0.00000000000000   CNOT = 101
adapt_max = ndim = 0.1

-----------ADAPT-VQE finished----------
number of parameter is  5
Final: E[adapt] = -75.720948211980   <S**2> = -0.000000000000000   Fidelity = 0.000000
     Basis             Coef
| 0000111111 > : +0.9865 -0.0000i


 Done: CPU Time =            1.9191
 === Computing 1RDM === 
 === Computing 2RDM === 

*** Nuclear Gradients *********************
            x            y            z
  O    -0.0000879    0.0037393    0.0003132
  H    -0.0002173   -0.0022671    0.0015338
  H     0.0003052   -0.0014722   -0.0018471
*******************************************

"""""""""""""""""""
     Cycle 4
"""""""""""""""""""
Basis set = STO-6G

*** Geometry ******************************
  O     0.0073064   -0.0255047   -0.0448570
  H    -0.0985442   -0.7464479    0.6770299
  H    -0.1015159    0.7689170    0.5958690
*******************************************

Symmetry Cs : Cs(Abelian)
E[FCI]    = -75.72351039071809     (Spin = 1   Ms = 0)
E[HF]     = -75.67746467560629    (Spin = 1   Ms = 0)
Projecting to spin space : s = 0.0    Ms = 0 
             Grid points : (alpha, beta, gamma) = (5, 2, 1)
Performing ADAPT-VQE (spin-projection) [spin]
ADAPT Convergence criterion = 1E-01
Initial configuration: | 0000111111 >
VQE Convergence criteria: ftol = 1E-09, gtol = 1E-05
Number of operators in pool: 410
    1:   E[adapt] = -75.693561675219   <S**2> = -0.00000000000000   Grad = 5.34e-01   Fidelity = 0.000000   CPU Time =  0.15   <N> =  6.00000000000000   <Sz> =  0.00000000000000   CNOT = 13
    2:   E[adapt] = -75.709281647916   <S**2> = -0.00000000000000   Grad = 4.08e-01   Fidelity = 0.000000   CPU Time =  0.20   <N> =  5.99999999999999   <Sz> =  0.00000000000000   CNOT = 62
    3:   E[adapt] = -75.714332576045   <S**2> =  0.00000000000000   Grad = 2.86e-01   Fidelity = 0.000000   CPU Time =  0.27   <N> =  6.00000000000001   <Sz> =  0.00000000000000   CNOT = 75
    4:   E[adapt] = -75.717888716151   <S**2> =  0.00000000000000   Grad = 2.32e-01   Fidelity = 0.000000   CPU Time =  0.27   <N> =  6.00000000000000   <Sz> =  0.00000000000000   CNOT = 88
    5:   E[adapt] = -75.720951650871   <S**2> =  0.00000000000000   Grad = 1.98e-01   Fidelity = 0.000000   CPU Time =  0.23   <N> =  6.00000000000000   <Sz> =  0.00000000000000   CNOT = 101
adapt_max = ndim = 0.1

-----------ADAPT-VQE finished----------
number of parameter is  5
Final: E[adapt] = -75.720951650871   <S**2> = 0.000000000000000   Fidelity = 0.000000
     Basis             Coef
| 0000111111 > : +0.9865 +0.0000i


 Done: CPU Time =            1.8881
 === Computing 1RDM === 
 === Computing 2RDM === 

*** Nuclear Gradients *********************
            x            y            z
  O    -0.0000113   -0.0022436    0.0002204
  H     0.0001651    0.0010129   -0.0011184
  H    -0.0001537    0.0012307    0.0008981
*******************************************

"""""""""""""""""""
     Cycle 5
"""""""""""""""""""
Basis set = STO-6G

*** Geometry ******************************
  O     0.0073380   -0.0252631   -0.0450745
  H    -0.0985785   -0.7463026    0.6772383
  H    -0.1015133    0.7685301    0.5958781
*******************************************

Symmetry Cs : Cs(Abelian)
E[FCI]    = -75.72350938895863     (Spin = 1   Ms = 0)
E[HF]     = -75.67744770012756    (Spin = 1   Ms = 0)
Projecting to spin space : s = 0.0    Ms = 0 
             Grid points : (alpha, beta, gamma) = (5, 2, 1)
Performing ADAPT-VQE (spin-projection) [spin]
ADAPT Convergence criterion = 1E-01
Initial configuration: | 0000111111 >
VQE Convergence criteria: ftol = 1E-09, gtol = 1E-05
Number of operators in pool: 410
    1:   E[adapt] = -75.693552118815   <S**2> =  0.00000000000000   Grad = 5.34e-01   Fidelity = 0.000000   CPU Time =  0.15   <N> =  6.00000000000000   <Sz> =  0.00000000000000   CNOT = 13
    2:   E[adapt] = -75.709280836979   <S**2> =  0.00000000000000   Grad = 4.08e-01   Fidelity = 0.000000   CPU Time =  0.20   <N> =  6.00000000000000   <Sz> =  0.00000000000000   CNOT = 62
    3:   E[adapt] = -75.714334849735   <S**2> =  0.00000000000000   Grad = 2.86e-01   Fidelity = 0.000000   CPU Time =  0.28   <N> =  6.00000000000001   <Sz> =  0.00000000000000   CNOT = 75
    4:   E[adapt] = -75.717892395693   <S**2> = -0.00000000000000   Grad = 2.32e-01   Fidelity = 0.000000   CPU Time =  0.27   <N> =  5.99999999999999   <Sz> =  0.00000000000000   CNOT = 88
    5:   E[adapt] = -75.720952651413   <S**2> = -0.00000000000000   Grad = 1.98e-01   Fidelity = 0.000000   CPU Time =  0.23   <N> =  6.00000000000000   <Sz> =  0.00000000000000   CNOT = 101
adapt_max = ndim = 0.1

-----------ADAPT-VQE finished----------
number of parameter is  5
Final: E[adapt] = -75.720952651413   <S**2> = -0.000000000000000   Fidelity = 0.000000
     Basis             Coef
| 0000111111 > : +0.9864 +0.0000i


 Done: CPU Time =            1.9023
 === Computing 1RDM === 
 === Computing 2RDM === 

*** Nuclear Gradients *********************
            x            y            z
  O     0.0000065    0.0001200   -0.0000492
  H    -0.0000120   -0.0000187    0.0000776
  H     0.0000055   -0.0001014   -0.0000284
*******************************************

Geometry Optimization Converged in 5 cycles

*** Geometry ******************************
  O     0.0073380   -0.0252631   -0.0450745
  H    -0.0985785   -0.7463026    0.6772383
  H    -0.1015133    0.7685301    0.5958781
*******************************************

Saved in ./h2o_spadapt.qkt.
Normal termination of quket at 2022-05-12 21:36:40.785933
