///////////////////////////////////////////////////////////////////////////////////
///                                                                             ///
///                                                                             ///
///              QQQ       UUU  UUU    KKK   KK    EEEEEEE    TTTTTTT           ///
///             Q   Q       u    U      K   K       E    E    T  T  T           ///
///            Q     Q      U    U      K  K        E  E         T              ///
///            Q     Q      U    U      KKK         EEEE         T              ///
///            Q QQQ Q      U    U      K  K        E  E         T              ///
///             Q   Q       U    U      K   K       E    E       T              ///
///              QQQ QQ      UUUU      KKK   KK    EEEEEEE      TTT             ///
///                                                                             ///
///                      Quantum Computing Simulator Ver 0.8.1                  ///
///                                                                             ///
///        Copyright 2019-2022                                                  ///
///        The Quket Developers                                                 ///
///        All rights Reserved.                                                 ///
///                                                                             ///
///////////////////////////////////////////////////////////////////////////////////
2022-05-25 12:39:58.248849: 
16 processes x 2 = Total 32 cores

##################### INPUT ########################
basis        = sto-6g
ansatz       = opt_puccd
multiplicity = 1
charge       = 0
geometry     
N 2. 0 0  
N 0 0 0
n_electrons  = 6
n_orbitals   = 6
theta_guess  = read
rho          = 1
euler        = 0, 2, 0
####################################################

+-------------+
|  Job #   1  |
+-------------+
Basis set = sto-6g

*** Geometry ******************************
  N     2.0000000    0.0000000    0.0000000
  N     0.0000000    0.0000000    0.0000000
*******************************************

Symmetry Dooh : D2h(Abelian)
E[FCI]    = -108.49634100880624     (Spin = 1   Ms = 0)
E[HF]     = -107.92868993668851    (Spin = 1   Ms = 0)
TODO: Pauli_list is not supported for ansatz = opt_puccd.
Projecting to spin space : s = 0.0    Ms = 0 
             Grid points : (alpha, beta, gamma) = (0, 2, 0)
NBasis = 10

[Molecular Orbitals]
---+-------+------------+------------------
 # |  Sym  |   energy   |     category
---+-------+------------+------------------
 0 |   Ag  |   -15.5791 | Frozen Core
 1 |  B1u  |   -15.5790 | Frozen Core
 2 |   Ag  |    -0.9785 | Frozen Core
 3 |  B1u  |    -0.8375 | Frozen Core
 4 |   Ag  |    -0.3243 | Active (occupied)
 5 |  B2u  |    -0.2451 | Active (occupied)
 6 |  B3u  |    -0.2451 | Active (occupied)
 7 |  B2g  |     0.0684 | Active (virtual)
 8 |  B3g  |     0.0684 | Active (virtual)
 9 |  B1u  |     0.2116 | Active (virtual)
---+-------+------------+------------------

Entered VQE driver
Number of parameters: Singles 18    Doubles 99    Total 117
Performing VQE for opt_puccd
Number of VQE parameters: 117
Initial configuration: |000000111111>
Convergence criteria: ftol = 1E-09, gtol = 1E-05
Derivatives: Analytical
Circuit order: Exp[T1] Exp[T2] |0>
Initial E[opt_puccd] = -108.496335887518  <S**2> = -0.000000000000001  rho = 1
     1: E[opt_puccd] = -108.496335911939  <S**2> = -0.000000000000003  Grad = 8.83e-04  CPU Time =  3.95  (0.09 / step)
State before projection
      Basis              Coef
| 000000111111 > : +0.3927 +0.0000i
| 000011001111 > : -0.2798 +0.0000i
| 000011110110 > : -0.1870 +0.0000i
| 000011111001 > : -0.1870 +0.0000i
| 000101101011 > : +0.2441 +0.0000i
| 000110011011 > : +0.1415 +0.0000i
| 000110100111 > : -0.2945 +0.0000i
| 001100110011 > : -0.2796 +0.0000i
| 001111000011 > : +0.2130 +0.0000i
| 010010101101 > : -0.2182 +0.0000i
| 010100111010 > : +0.1367 +0.0000i
| 011110100001 > : +0.1803 +0.0000i
| 110000111100 > : -0.1344 +0.0000i
| 110011001100 > : +0.1168 +0.0000i
| 110110100100 > : +0.1335 +0.0000i
| 111100110000 > : +0.1172 +0.0000i
| 111111000000 > : -0.1099 +0.0000i


----Amplitudes----
1a 3a -> 4a 5a : -0.0126371455
2a 3a -> 4a 5a : 0.0514330845
1a 2a -> 4a 6a : -0.0199269051
2a 3a -> 4a 6a : 0.0197394888
1a 2a -> 5a 6a : 0.0347031855
2a 1b -> 4a 4b : 0.0461759807
1a 2b -> 4a 4b : 0.0493459738
3a 3b -> 4a 4b : 0.1211633122
2a 1b -> 5a 4b : 0.0290654870
3a 1b -> 5a 4b : 0.0250118612
1a 2b -> 5a 4b : 0.0213912517
2a 2b -> 5a 4b : -0.0197062194
3a 2b -> 5a 4b : 0.1152091297
2a 3b -> 5a 4b : -0.0600829911
3a 3b -> 5a 4b : -0.0104084249
1a 1b -> 6a 4b : -0.0160832023
2a 1b -> 6a 4b : 0.0140232927
3a 1b -> 6a 4b : 0.0983478456
1a 2b -> 6a 4b : 0.0345794976
3a 2b -> 6a 4b : -0.0376579397
1a 3b -> 6a 4b : -0.0247201145
3a 3b -> 6a 4b : 0.0248993957
1a 1b -> 4a 5b : -0.0140574026
2a 1b -> 4a 5b : -0.0137803845
3a 1b -> 4a 5b : 0.0145802944
1a 2b -> 4a 5b : -0.0271692675
2a 2b -> 4a 5b : -0.0220710028
3a 2b -> 4a 5b : -0.0187184514
2a 3b -> 4a 5b : 0.0326072020
3a 3b -> 4a 5b : -0.0108354959
3a 1b -> 5a 5b : -0.0124197467
1a 2b -> 5a 5b : 0.0134935591
2a 2b -> 5a 5b : 0.1387886041
3a 2b -> 5a 5b : 0.0185270006
1a 3b -> 5a 5b : -0.0149596283
2a 3b -> 5a 5b : 0.0183351759
2a 1b -> 6a 5b : 0.0391382603
1a 2b -> 6a 5b : -0.0425254846
3a 2b -> 6a 5b : -0.0112920471
2a 3b -> 6a 5b : -0.0225098202
3a 3b -> 6a 5b : -0.0391358336
1a 1b -> 4a 6b : -0.0244711824
3a 1b -> 4a 6b : 0.0202653945
1a 2b -> 4a 6b : 0.0287540388
3a 2b -> 4a 6b : -0.0457659621
1a 3b -> 4a 6b : 0.0443914320
3a 3b -> 4a 6b : 0.0270309788
2a 1b -> 5a 6b : -0.0551201843
3a 1b -> 5a 6b : -0.0231919393
1a 2b -> 5a 6b : 0.0352579324
3a 2b -> 5a 6b : 0.0170691911
1a 3b -> 5a 6b : -0.0313973579
3a 3b -> 5a 6b : -0.0421759026
1a 1b -> 6a 6b : 0.0802593024
3a 1b -> 6a 6b : -0.0200617018
1a 3b -> 6a 6b : -0.0197908065
1b 2b -> 4b 5b :-0.0197549089
2b 3b -> 4b 5b :-0.0494553072
1b 3b -> 4b 6b :-0.0381362177
1b 2b -> 5b 6b :-0.0128877514
1b 3b -> 5b 6b :0.0114398027
------------------
 Final: E[opt_puccd] = -108.496335911939  <S**2> = -0.000000000000003  rho = 1
      Basis              Coef
| 000000111111 > : +0.3927 +0.0000i
| 000011001111 > : -0.2798 +0.0000i
| 000011110110 > : -0.1870 +0.0000i
| 000011111001 > : -0.1870 +0.0000i
| 000101101011 > : +0.2441 +0.0000i
| 000110011011 > : +0.1415 +0.0000i
| 000110100111 > : -0.2945 +0.0000i
| 001100110011 > : -0.2796 +0.0000i
| 001111000011 > : +0.2130 +0.0000i
| 010010101101 > : -0.2182 +0.0000i
| 010100111010 > : +0.1367 +0.0000i
| 011110100001 > : +0.1803 +0.0000i
| 110000111100 > : -0.1344 +0.0000i
| 110011001100 > : +0.1168 +0.0000i
| 110110100100 > : +0.1335 +0.0000i
| 111100110000 > : +0.1172 +0.0000i
| 111111000000 > : -0.1099 +0.0000i


----Amplitudes----
1a 3a -> 4a 5a : -0.0126371455
2a 3a -> 4a 5a : 0.0514330845
1a 2a -> 4a 6a : -0.0199269051
2a 3a -> 4a 6a : 0.0197394888
1a 2a -> 5a 6a : 0.0347031855
2a 1b -> 4a 4b : 0.0461759807
1a 2b -> 4a 4b : 0.0493459738
3a 3b -> 4a 4b : 0.1211633122
2a 1b -> 5a 4b : 0.0290654870
3a 1b -> 5a 4b : 0.0250118612
1a 2b -> 5a 4b : 0.0213912517
2a 2b -> 5a 4b : -0.0197062194
3a 2b -> 5a 4b : 0.1152091297
2a 3b -> 5a 4b : -0.0600829911
3a 3b -> 5a 4b : -0.0104084249
1a 1b -> 6a 4b : -0.0160832023
2a 1b -> 6a 4b : 0.0140232927
3a 1b -> 6a 4b : 0.0983478456
1a 2b -> 6a 4b : 0.0345794976
3a 2b -> 6a 4b : -0.0376579397
1a 3b -> 6a 4b : -0.0247201145
3a 3b -> 6a 4b : 0.0248993957
1a 1b -> 4a 5b : -0.0140574026
2a 1b -> 4a 5b : -0.0137803845
3a 1b -> 4a 5b : 0.0145802944
1a 2b -> 4a 5b : -0.0271692675
2a 2b -> 4a 5b : -0.0220710028
3a 2b -> 4a 5b : -0.0187184514
2a 3b -> 4a 5b : 0.0326072020
3a 3b -> 4a 5b : -0.0108354959
3a 1b -> 5a 5b : -0.0124197467
1a 2b -> 5a 5b : 0.0134935591
2a 2b -> 5a 5b : 0.1387886041
3a 2b -> 5a 5b : 0.0185270006
1a 3b -> 5a 5b : -0.0149596283
2a 3b -> 5a 5b : 0.0183351759
2a 1b -> 6a 5b : 0.0391382603
1a 2b -> 6a 5b : -0.0425254846
3a 2b -> 6a 5b : -0.0112920471
2a 3b -> 6a 5b : -0.0225098202
3a 3b -> 6a 5b : -0.0391358336
1a 1b -> 4a 6b : -0.0244711824
3a 1b -> 4a 6b : 0.0202653945
1a 2b -> 4a 6b : 0.0287540388
3a 2b -> 4a 6b : -0.0457659621
1a 3b -> 4a 6b : 0.0443914320
3a 3b -> 4a 6b : 0.0270309788
2a 1b -> 5a 6b : -0.0551201843
3a 1b -> 5a 6b : -0.0231919393
1a 2b -> 5a 6b : 0.0352579324
3a 2b -> 5a 6b : 0.0170691911
1a 3b -> 5a 6b : -0.0313973579
3a 3b -> 5a 6b : -0.0421759026
1a 1b -> 6a 6b : 0.0802593024
3a 1b -> 6a 6b : -0.0200617018
1a 3b -> 6a 6b : -0.0197908065
1b 2b -> 4b 5b :-0.0197549089
2b 3b -> 4b 5b :-0.0494553072
1b 3b -> 4b 6b :-0.0381362177
1b 2b -> 5b 6b :-0.0128877514
1b 3b -> 5b 6b :0.0114398027
------------------
HUg [-46.99957502579819 -86.61744787722009]
Ug [0.432454817915281 0.79908007015198 ]

VQE Done: CPU Time =          4.1246

opt_puccd (vqe) 
      Basis              Coef
| 000000111111 > : +1.0000 +0.0000i

 === Computing 1RDM === 
 === Computing 2RDM === 

Dipole moment from 1RDM (in Debye):
x = -0.00000  y = -0.00000  z = -0.00000
| mu | = 0.00000

Dipole moment from relaxed 1RDM (in Debye):
x = 0.00000     y = -0.00000    z = 0.00000
| mu | = 0.00000
Saved in ./puccd_n2.qkt.
Normal termination of quket at 2022-05-25 12:40:03.433922
