///////////////////////////////////////////////////////////////////////////////////
///                                                                             ///
///                                                                             ///
///              QQQ       UUU  UUU    KKK   KK    EEEEEEE    TTTTTTT           ///
///             Q   Q       u    U      K   K       E    E    T  T  T           ///
///            Q     Q      U    U      K  K        E  E         T              ///
///            Q     Q      U    U      KKK         EEEE         T              ///
///            Q QQQ Q      U    U      K  K        E  E         T              ///
///             Q   Q       U    U      K   K       E    E       T              ///
///              QQQ QQ      UUUU      KKK   KK    EEEEEEE      TTT             ///
///                                                                             ///
///                      Quantum Computing Simulator Ver 0.8.1                  ///
///                                                                             ///
///        Copyright 2019-2022                                                  ///
///        The Quket Developers                                                 ///
///        All rights Reserved.                                                 ///
///                                                                             ///
///////////////////////////////////////////////////////////////////////////////////
2022-05-25 12:21:24.358525: 
56 processes x 1 = Total 56 cores

##################### INPUT ########################
basis        = sto-3G
multiplicity = 1
charge       = 0
n_electrons  = 6
n_orbitals   = 6
geometry     
  N  1.0 0. 0.
  N  0.0 0. 0.
maxiter      = 100
ansatz       = adapt
adapt_max   = 1000
adapt_eps    = 0.05
adapt_mode = original
SpinProj = True
Euler = 5, 2
comment Spin-projection ADAPT N2 mode original
####################################################

+-------------+
|  Job #   1  |
+-------------+
Basis set = sto-3G

*** Geometry ******************************
  N     1.0000000    0.0000000    0.0000000
  N     0.0000000    0.0000000    0.0000000
*******************************************

Symmetry Dooh : D2h(Abelian)
E[FCI]    = -107.52046127252447     (Spin = 1   Ms = 0)
E[HF]     = -107.41953245168213    (Spin = 1   Ms = 0)
Projecting to spin space : s = 0.0    Ms = 0 
             Grid points : (alpha, beta, gamma) = (5, 2, 0)
NBasis = 10

[Molecular Orbitals]
---+-------+------------+------------------
 # |  Sym  |   energy   |     category
---+-------+------------+------------------
 0 |   Ag  |   -15.5593 | Frozen Core
 1 |  B1u  |   -15.5545 | Frozen Core
 2 |   Ag  |    -1.5401 | Frozen Core
 3 |  B1u  |    -0.7100 | Frozen Core
 4 |  B2u  |    -0.6461 | Active (occupied)
 5 |  B3u  |    -0.6461 | Active (occupied)
 6 |   Ag  |    -0.5650 | Active (occupied)
 7 |  B2g  |     0.3294 | Active (virtual)
 8 |  B3g  |     0.3294 | Active (virtual)
 9 |  B1u  |     1.3855 | Active (virtual)
---+-------+------------+------------------

Performing ADAPT-VQE (spin-projection) [original]
ADAPT Convergence criterion = 5E-02
Initial configuration: | 000000111111 >
VQE Convergence criteria: ftol = 1E-09, gtol = 1E-05
Number of operators in pool: 450
    1:   E[adapt] = -107.447042561269   <S**2> =  0.00000000000000   Grad = 1.51e+00   Fidelity = 0.000000   CPU Time =  0.30   <N> =  6.00000000000000   <Sz> =  0.00000000000000   CNOT = 13
    2:   E[adapt] = -107.474535044054   <S**2> =  0.00000000000000   Grad = 1.23e+00   Fidelity = 0.000000   CPU Time =  0.32   <N> =  6.00000000000000   <Sz> =  0.00000000000000   CNOT = 26
    3:   E[adapt] = -107.500162692703   <S**2> =  0.00000000000000   Grad = 8.81e-01   Fidelity = 0.000000   CPU Time =  0.45   <N> =  6.00000000000001   <Sz> =  0.00000000000000   CNOT = 60
    4:   E[adapt] = -107.502443039806   <S**2> = -0.00000000000000   Grad = 6.97e-01   Fidelity = 0.000000   CPU Time =  0.33   <N> =  6.00000000000000   <Sz> =  0.00000000000000   CNOT = 73
    5:   E[adapt] = -107.508988639034   <S**2> = -0.00000000000000   Grad = 5.90e-01   Fidelity = 0.000000   CPU Time =  0.72   <N> =  6.00000000000000   <Sz> =  0.00000000000000   CNOT = 115
    6:   E[adapt] = -107.514540192499   <S**2> = -0.00000000000000   Grad = 4.51e-01   Fidelity = 0.000000   CPU Time =  0.67   <N> =  6.00000000000002   <Sz> =  0.00000000000000   CNOT = 157
    7:   E[adapt] = -107.515827260855   <S**2> = -0.00000000000000   Grad = 3.18e-01   Fidelity = 0.000000   CPU Time =  0.53   <N> =  5.99999999999997   <Sz> =  0.00000000000000   CNOT = 170
    8:   E[adapt] = -107.517050988224   <S**2> = -0.00000000000000   Grad = 2.87e-01   Fidelity = 0.000000   CPU Time =  0.44   <N> =  6.00000000000002   <Sz> =  0.00000000000000   CNOT = 183
    9:   E[adapt] = -107.517333943445   <S**2> =  0.00000000000000   Grad = 2.55e-01   Fidelity = 0.000000   CPU Time =  0.37   <N> =  6.00000000000000   <Sz> =  0.00000000000000   CNOT = 196
0.25j [X2 X3 X10 Y11] +
0.25j [X2 X3 Y10 X11] +
-0.25j [X2 Y3 X10 X11] +
0.25j [X2 Y3 Y10 Y11] +
-0.25j [Y2 X3 X10 X11] +
0.25j [Y2 X3 Y10 Y11] +
-0.25j [Y2 Y3 X10 Y11] +
-0.25j [Y2 Y3 Y10 X11] was chosen last time and now gradient is 0.0003505888708057115
   10:   E[adapt] = -107.517612430891   <S**2> =  0.00000000000000   Grad = 2.26e-01   Fidelity = 0.000000   CPU Time =  0.38   <N> =  5.99999999999999   <Sz> =  0.00000000000000   CNOT = 209
0.25j [X0 X1 X10 Y11] +
0.25j [X0 X1 Y10 X11] +
-0.25j [X0 Y1 X10 X11] +
0.25j [X0 Y1 Y10 Y11] +
-0.25j [Y0 X1 X10 X11] +
0.25j [Y0 X1 Y10 Y11] +
-0.25j [Y0 Y1 X10 Y11] +
-0.25j [Y0 Y1 Y10 X11] was chosen last time and now gradient is 0.0003360090809906578
   11:   E[adapt] = -107.518439685128   <S**2> = -0.00000000000000   Grad = 1.94e-01   Fidelity = 0.000000   CPU Time =  0.74   <N> =  6.00000000000001   <Sz> =  0.00000000000000   CNOT = 251
[0.125j [X2 Z3 Z4 X5 X6 Z7 Z8 Z9 Z10 Y11] +
0.125j [X2 Z3 Z4 X5 Y6 Z7 Z8 Z9 Z10 X11] +
-0.125j [X2 Z3 Z4 Y5 X6 Z7 Z8 Z9 Z10 X11] +
0.125j [X2 Z3 Z4 Y5 Y6 Z7 Z8 Z9 Z10 Y11] +
-0.125j [Y2 Z3 Z4 X5 X6 Z7 Z8 Z9 Z10 X11] +
0.125j [Y2 Z3 Z4 X5 Y6 Z7 Z8 Z9 Z10 Y11] +
-0.125j [Y2 Z3 Z4 Y5 X6 Z7 Z8 Z9 Z10 Y11] +
-0.125j [Y2 Z3 Z4 Y5 Y6 Z7 Z8 Z9 Z10 X11], 0.125j [X3 X4 X7 Z8 Z9 Y10] +
0.125j [X3 X4 Y7 Z8 Z9 X10] +
-0.125j [X3 Y4 X7 Z8 Z9 X10] +
0.125j [X3 Y4 Y7 Z8 Z9 Y10] +
-0.125j [Y3 X4 X7 Z8 Z9 X10] +
0.125j [Y3 X4 Y7 Z8 Z9 Y10] +
-0.125j [Y3 Y4 X7 Z8 Z9 Y10] +
-0.125j [Y3 Y4 Y7 Z8 Z9 X10]] was chosen last time and now gradient is 0.00019092391731357532
   12:   E[adapt] = -107.519230426254   <S**2> =  0.00000000000000   Grad = 1.57e-01   Fidelity = 0.000000   CPU Time =  0.68   <N> =  6.00000000000001   <Sz> =  0.00000000000000   CNOT = 293
   13:   E[adapt] = -107.519479636381   <S**2> = -0.00000000000000   Grad = 1.12e-01   Fidelity = 0.000000   CPU Time =  0.62   <N> =  6.00000000000000   <Sz> =  0.00000000000000   CNOT = 306
0.25j [X2 X3 X8 Y9] +
0.25j [X2 X3 Y8 X9] +
-0.25j [X2 Y3 X8 X9] +
0.25j [X2 Y3 Y8 Y9] +
-0.25j [Y2 X3 X8 X9] +
0.25j [Y2 X3 Y8 Y9] +
-0.25j [Y2 Y3 X8 Y9] +
-0.25j [Y2 Y3 Y8 X9] was chosen last time and now gradient is 0.00011665587438544958
   14:   E[adapt] = -107.519755808291   <S**2> =  0.00000000000000   Grad = 9.56e-02   Fidelity = 0.000000   CPU Time =  0.63   <N> =  6.00000000000003   <Sz> =  0.00000000000000   CNOT = 319
   15:   E[adapt] = -107.520386372342   <S**2> = -0.00000000000000   Grad = 6.71e-02   Fidelity = 0.000000   CPU Time =  0.82   <N> =  6.00000000000000   <Sz> =  0.00000000000000   CNOT = 353
gradient norm = 1.827007e-03 < 5.000000e-02

-----------ADAPT-VQE finished----------
number of parameter is  15
Final: E[adapt] = -107.520386372342   <S**2> = -0.000000000000000   Fidelity = 0.000000
      Basis              Coef
| 000000111111 > : +0.9727 +0.0000i
| 000011110011 > : -0.1148 +0.0000i
| 001100111100 > : -0.1148 +0.0000i


 Done: CPU Time =            8.9044
adapt (vqe) 
      Basis              Coef
| 000000111111 > : +0.9727 +0.0000i
| 000011110011 > : -0.1148 +0.0000i
| 001100111100 > : -0.1148 +0.0000i

 === Computing 1RDM === 
 === Computing 2RDM === 

Dipole moment from 1RDM (in Debye):
x = -0.00000  y = 0.00000  z = 0.00000
| mu | = 0.00000

Dipole moment from relaxed 1RDM (in Debye):
x = -0.00000     y = -0.00000    z = 0.00000
| mu | = 0.00000
Saved in ./adapt_n2_spinproj.qkt.
Normal termination of quket at 2022-05-25 12:21:34.254641
