///////////////////////////////////////////////////////////////////////////////////
///                                                                             ///
///                                                                             ///
///              QQQ       UUU  UUU    KKK   KK    EEEEEEE    TTTTTTT           ///
///             Q   Q       u    U      K   K       E    E    T  T  T           ///
///            Q     Q      U    U      K  K        E  E         T              ///
///            Q     Q      U    U      KKK         EEEE         T              ///
///            Q QQQ Q      U    U      K  K        E  E         T              ///
///             Q   Q       U    U      K   K       E    E       T              ///
///              QQQ QQ      UUUU      KKK   KK    EEEEEEE      TTT             ///
///                                                                             ///
///                      Quantum Computing Simulator Ver 0.8.1                  ///
///                                                                             ///
///        Copyright 2019-2022                                                  ///
///        The Quket Developers                                                 ///
///        All rights Reserved.                                                 ///
///                                                                             ///
///////////////////////////////////////////////////////////////////////////////////
2022-05-25 10:06:41.044651: 
56 processes x 1 = Total 56 cores

##################### INPUT ########################
basis        = sto-6G
multiplicity = 1
charge       = 0
n_electrons  = 4
n_orbitals   = 4
geometry
H  0  0  0
H  0  0  1.2
H  1.0  0  0
H  1.0  0  1.2
method       = qite
ansatz       = cite
nterm        = 1
db           = 0.2
maxiter      = 1000
det          = 00001111
####################################################

+-------------+
|  Job #   1  |
+-------------+
Basis set = sto-6G

*** Geometry ******************************
  H     0.0000000    0.0000000    0.0000000
  H     0.0000000    0.0000000    1.2000000
  H     1.0000000    0.0000000    0.0000000
  H     1.0000000    0.0000000    1.2000000
*******************************************

Symmetry D2h : D2h(Abelian)
E[FCI]    = -2.0338124221703824     (Spin = 1   Ms = 0)
E[HF]     = -1.939420943305663    (Spin = 1   Ms = 0)
TODO: Pauli_list is not supported for ansatz = cite.
NBasis = 4

[Molecular Orbitals]
---+-------+------------+------------------
 # |  Sym  |   energy   |     category
---+-------+------------+------------------
 0 |   Ag  |    -0.6460 | Active (occupied)
 1 |  B1u  |    -0.2753 | Active (occupied)
 2 |  B3u  |     0.2675 | Active (virtual)
 3 |  B2g  |     0.7165 | Active (virtual)
---+-------+------------+------------------

Enetered QITE driver
Performing QITE for chemical Hamiltonian
Ansatz = cite
Initial configuration: | 00001111 >
Convergence criteria: ftol = 1E-09
ITE
    Basis            Coef
| 00001111 > : +1.0000 +0.0000i

Shift =  -1.9394209433056633
QLanczos =  False
  0.00: E = -1.939420943306  <S**2> = +0.00000000  <N> = 4.00000000  Fidelity = 0.000000  CPU Time =  0.00
  0.20: E = -1.970402587060  <S**2> = +0.00000000  <N> = 4.00000000  Fidelity = 0.000000  CPU Time =  0.00
  0.40: E = -1.989923096539  <S**2> = +0.00000000  <N> = 4.00000000  Fidelity = 0.000000  CPU Time =  0.00
  0.60: E = -2.002447020356  <S**2> = +0.00000000  <N> = 4.00000000  Fidelity = 0.000000  CPU Time =  0.00
  0.80: E = -2.010667922134  <S**2> = -0.00000000  <N> = 4.00000000  Fidelity = 0.000000  CPU Time =  0.00
  1.00: E = -2.016206677272  <S**2> = +0.00000000  <N> = 4.00000000  Fidelity = 0.000000  CPU Time =  0.00
  1.20: E = -2.020044730629  <S**2> = +0.00000000  <N> = 4.00000000  Fidelity = 0.000000  CPU Time =  0.00
  1.40: E = -2.022782899119  <S**2> = -0.00000000  <N> = 4.00000000  Fidelity = 0.000000  CPU Time =  0.00
  1.60: E = -2.024794069765  <S**2> = +0.00000000  <N> = 4.00000000  Fidelity = 0.000000  CPU Time =  0.00
  1.80: E = -2.026313291025  <S**2> = -0.00000000  <N> = 4.00000000  Fidelity = 0.000000  CPU Time =  0.00
  2.00: E = -2.027491252670  <S**2> = -0.00000000  <N> = 4.00000000  Fidelity = 0.000000  CPU Time =  0.00
  2.20: E = -2.028426329137  <S**2> = +0.00000000  <N> = 4.00000000  Fidelity = 0.000000  CPU Time =  0.00
  2.40: E = -2.029183991619  <S**2> = -0.00000000  <N> = 4.00000000  Fidelity = 0.000000  CPU Time =  0.00
  2.60: E = -2.029808709967  <S**2> = +0.00000000  <N> = 4.00000000  Fidelity = 0.000000  CPU Time =  0.00
  2.80: E = -2.030331342439  <S**2> = -0.00000000  <N> = 4.00000000  Fidelity = 0.000000  CPU Time =  0.00
  3.00: E = -2.030773783663  <S**2> = +0.00000000  <N> = 4.00000000  Fidelity = 0.000000  CPU Time =  0.00
  3.20: E = -2.031151926831  <S**2> = -0.00000000  <N> = 4.00000000  Fidelity = 0.000000  CPU Time =  0.00
  3.40: E = -2.031477576845  <S**2> = +0.00000000  <N> = 4.00000000  Fidelity = 0.000000  CPU Time =  0.00
  3.60: E = -2.031759702657  <S**2> = +0.00000000  <N> = 4.00000000  Fidelity = 0.000000  CPU Time =  0.00
  3.80: E = -2.032005268312  <S**2> = +0.00000000  <N> = 4.00000000  Fidelity = 0.000000  CPU Time =  0.00
  4.00: E = -2.032219792179  <S**2> = -0.00000000  <N> = 4.00000000  Fidelity = 0.000000  CPU Time =  0.00
  4.20: E = -2.032407728735  <S**2> = +0.00000000  <N> = 4.00000000  Fidelity = 0.000000  CPU Time =  0.00
  4.40: E = -2.032572733172  <S**2> = +0.00000000  <N> = 4.00000000  Fidelity = 0.000000  CPU Time =  0.00
  4.60: E = -2.032717847748  <S**2> = +0.00000000  <N> = 4.00000000  Fidelity = 0.000000  CPU Time =  0.00
  4.80: E = -2.032845635235  <S**2> = +0.00000000  <N> = 4.00000000  Fidelity = 0.000000  CPU Time =  0.00
  5.00: E = -2.032958276220  <S**2> = +0.00000000  <N> = 4.00000000  Fidelity = 0.000000  CPU Time =  0.00
  5.20: E = -2.033057641362  <S**2> = -0.00000000  <N> = 4.00000000  Fidelity = 0.000000  CPU Time =  0.00
  5.40: E = -2.033145346099  <S**2> = -0.00000000  <N> = 4.00000000  Fidelity = 0.000000  CPU Time =  0.00
  5.60: E = -2.033222792859  <S**2> = +0.00000000  <N> = 4.00000000  Fidelity = 0.000000  CPU Time =  0.00
  5.80: E = -2.033291204256  <S**2> = +0.00000000  <N> = 4.00000000  Fidelity = 0.000000  CPU Time =  0.00
  6.00: E = -2.033351649642  <S**2> = +0.00000000  <N> = 4.00000000  Fidelity = 0.000000  CPU Time =  0.00
  6.20: E = -2.033405066727  <S**2> = -0.00000000  <N> = 4.00000000  Fidelity = 0.000000  CPU Time =  0.00
  6.40: E = -2.033452279423  <S**2> = -0.00000000  <N> = 4.00000000  Fidelity = 0.000000  CPU Time =  0.00
  6.60: E = -2.033494012762  <S**2> = +0.00000000  <N> = 4.00000000  Fidelity = 0.000000  CPU Time =  0.00
  6.80: E = -2.033530905522  <S**2> = +0.00000000  <N> = 4.00000000  Fidelity = 0.000000  CPU Time =  0.00
  7.00: E = -2.033563520997  <S**2> = -0.00000000  <N> = 4.00000000  Fidelity = 0.000000  CPU Time =  0.00
  7.20: E = -2.033592356260  <S**2> = +0.00000000  <N> = 4.00000000  Fidelity = 0.000000  CPU Time =  0.00
  7.40: E = -2.033617850178  <S**2> = +0.00000000  <N> = 4.00000000  Fidelity = 0.000000  CPU Time =  0.00
  7.60: E = -2.033640390380  <S**2> = +0.00000000  <N> = 4.00000000  Fidelity = 0.000000  CPU Time =  0.00
  7.80: E = -2.033660319345  <S**2> = +0.00000000  <N> = 4.00000000  Fidelity = 0.000000  CPU Time =  0.00
  8.00: E = -2.033677939724  <S**2> = +0.00000000  <N> = 4.00000000  Fidelity = 0.000000  CPU Time =  0.00
  8.20: E = -2.033693519016  <S**2> = -0.00000000  <N> = 4.00000000  Fidelity = 0.000000  CPU Time =  0.00
  8.40: E = -2.033707293684  <S**2> = +0.00000000  <N> = 4.00000000  Fidelity = 0.000000  CPU Time =  0.00
  8.60: E = -2.033719472768  <S**2> = -0.00000000  <N> = 4.00000000  Fidelity = 0.000000  CPU Time =  0.00
  8.80: E = -2.033730241082  <S**2> = +0.00000000  <N> = 4.00000000  Fidelity = 0.000000  CPU Time =  0.00
  9.00: E = -2.033739762025  <S**2> = +0.00000000  <N> = 4.00000000  Fidelity = 0.000000  CPU Time =  0.00
  9.20: E = -2.033748180069  <S**2> = +0.00000000  <N> = 4.00000000  Fidelity = 0.000000  CPU Time =  0.00
  9.40: E = -2.033755622954  <S**2> = +0.00000000  <N> = 4.00000000  Fidelity = 0.000000  CPU Time =  0.00
  9.60: E = -2.033762203625  <S**2> = +0.00000000  <N> = 4.00000000  Fidelity = 0.000000  CPU Time =  0.00
  9.80: E = -2.033768021948  <S**2> = -0.00000000  <N> = 4.00000000  Fidelity = 0.000000  CPU Time =  0.00
 10.00: E = -2.033773166224  <S**2> = +0.00000000  <N> = 4.00000000  Fidelity = 0.000000  CPU Time =  0.00
 10.20: E = -2.033777714529  <S**2> = +0.00000000  <N> = 4.00000000  Fidelity = 0.000000  CPU Time =  0.00
 10.40: E = -2.033781735898  <S**2> = -0.00000000  <N> = 4.00000000  Fidelity = 0.000000  CPU Time =  0.00
 10.60: E = -2.033785291368  <S**2> = +0.00000000  <N> = 4.00000000  Fidelity = 0.000000  CPU Time =  0.00
 10.80: E = -2.033788434910  <S**2> = +0.00000000  <N> = 4.00000000  Fidelity = 0.000000  CPU Time =  0.00
 11.00: E = -2.033791214244  <S**2> = +0.00000000  <N> = 4.00000000  Fidelity = 0.000000  CPU Time =  0.00
 11.20: E = -2.033793671562  <S**2> = -0.00000000  <N> = 4.00000000  Fidelity = 0.000000  CPU Time =  0.00
 11.40: E = -2.033795844170  <S**2> = +0.00000000  <N> = 4.00000000  Fidelity = 0.000000  CPU Time =  0.00
 11.60: E = -2.033797765051  <S**2> = -0.00000000  <N> = 4.00000000  Fidelity = 0.000000  CPU Time =  0.00
 11.80: E = -2.033799463370  <S**2> = +0.00000000  <N> = 4.00000000  Fidelity = 0.000000  CPU Time =  0.00
 12.00: E = -2.033800964911  <S**2> = -0.00000000  <N> = 4.00000000  Fidelity = 0.000000  CPU Time =  0.00
 12.20: E = -2.033802292474  <S**2> = +0.00000000  <N> = 4.00000000  Fidelity = 0.000000  CPU Time =  0.00
 12.40: E = -2.033803466215  <S**2> = +0.00000000  <N> = 4.00000000  Fidelity = 0.000000  CPU Time =  0.00
 12.60: E = -2.033804503957  <S**2> = -0.00000000  <N> = 4.00000000  Fidelity = 0.000000  CPU Time =  0.00
 12.80: E = -2.033805421456  <S**2> = +0.00000000  <N> = 4.00000000  Fidelity = 0.000000  CPU Time =  0.00
 13.00: E = -2.033806232645  <S**2> = +0.00000000  <N> = 4.00000000  Fidelity = 0.000000  CPU Time =  0.00
 13.20: E = -2.033806949841  <S**2> = +0.00000000  <N> = 4.00000000  Fidelity = 0.000000  CPU Time =  0.00
 13.40: E = -2.033807583935  <S**2> = +0.00000000  <N> = 4.00000000  Fidelity = 0.000000  CPU Time =  0.00
 13.60: E = -2.033808144556  <S**2> = +0.00000000  <N> = 4.00000000  Fidelity = 0.000000  CPU Time =  0.00
 13.80: E = -2.033808640217  <S**2> = -0.00000000  <N> = 4.00000000  Fidelity = 0.000000  CPU Time =  0.00
 14.00: E = -2.033809078445  <S**2> = +0.00000000  <N> = 4.00000000  Fidelity = 0.000000  CPU Time =  0.00
 14.20: E = -2.033809465894  <S**2> = -0.00000000  <N> = 4.00000000  Fidelity = 0.000000  CPU Time =  0.00
 14.40: E = -2.033809808448  <S**2> = +0.00000000  <N> = 4.00000000  Fidelity = 0.000000  CPU Time =  0.00
 14.60: E = -2.033810111310  <S**2> = -0.00000000  <N> = 4.00000000  Fidelity = 0.000000  CPU Time =  0.00
 14.80: E = -2.033810379078  <S**2> = +0.00000000  <N> = 4.00000000  Fidelity = 0.000000  CPU Time =  0.00
 15.00: E = -2.033810615819  <S**2> = +0.00000000  <N> = 4.00000000  Fidelity = 0.000000  CPU Time =  0.00
 15.20: E = -2.033810825128  <S**2> = +0.00000000  <N> = 4.00000000  Fidelity = 0.000000  CPU Time =  0.00
 15.40: E = -2.033811010184  <S**2> = +0.00000000  <N> = 4.00000000  Fidelity = 0.000000  CPU Time =  0.00
 15.60: E = -2.033811173797  <S**2> = +0.00000000  <N> = 4.00000000  Fidelity = 0.000000  CPU Time =  0.00
 15.80: E = -2.033811318451  <S**2> = -0.00000000  <N> = 4.00000000  Fidelity = 0.000000  CPU Time =  0.00
 16.00: E = -2.033811446344  <S**2> = +0.00000000  <N> = 4.00000000  Fidelity = 0.000000  CPU Time =  0.00
 16.20: E = -2.033811559417  <S**2> = +0.00000000  <N> = 4.00000000  Fidelity = 0.000000  CPU Time =  0.00
 16.40: E = -2.033811659388  <S**2> = -0.00000000  <N> = 4.00000000  Fidelity = 0.000000  CPU Time =  0.00
 16.60: E = -2.033811747775  <S**2> = -0.00000000  <N> = 4.00000000  Fidelity = 0.000000  CPU Time =  0.00
 16.80: E = -2.033811825920  <S**2> = +0.00000000  <N> = 4.00000000  Fidelity = 0.000000  CPU Time =  0.00
 17.00: E = -2.033811895010  <S**2> = -0.00000000  <N> = 4.00000000  Fidelity = 0.000000  CPU Time =  0.00
 17.20: E = -2.033811956095  <S**2> = -0.00000000  <N> = 4.00000000  Fidelity = 0.000000  CPU Time =  0.00
 17.40: E = -2.033812010101  <S**2> = +0.00000000  <N> = 4.00000000  Fidelity = 0.000000  CPU Time =  0.00
 17.60: E = -2.033812057849  <S**2> = +0.00000000  <N> = 4.00000000  Fidelity = 0.000000  CPU Time =  0.00
 17.80: E = -2.033812100065  <S**2> = +0.00000000  <N> = 4.00000000  Fidelity = 0.000000  CPU Time =  0.00
 18.00: E = -2.033812137389  <S**2> = +0.00000000  <N> = 4.00000000  Fidelity = 0.000000  CPU Time =  0.00
 18.20: E = -2.033812170387  <S**2> = +0.00000000  <N> = 4.00000000  Fidelity = 0.000000  CPU Time =  0.00
 18.40: E = -2.033812199563  <S**2> = +0.00000000  <N> = 4.00000000  Fidelity = 0.000000  CPU Time =  0.00
 18.60: E = -2.033812225357  <S**2> = -0.00000000  <N> = 4.00000000  Fidelity = 0.000000  CPU Time =  0.00
 18.80: E = -2.033812248163  <S**2> = +0.00000000  <N> = 4.00000000  Fidelity = 0.000000  CPU Time =  0.00
 19.00: E = -2.033812268326  <S**2> = +0.00000000  <N> = 4.00000000  Fidelity = 0.000000  CPU Time =  0.00
 19.20: E = -2.033812286153  <S**2> = +0.00000000  <N> = 4.00000000  Fidelity = 0.000000  CPU Time =  0.00
 19.40: E = -2.033812301914  <S**2> = -0.00000000  <N> = 4.00000000  Fidelity = 0.000000  CPU Time =  0.00
 19.60: E = -2.033812315848  <S**2> = +0.00000000  <N> = 4.00000000  Fidelity = 0.000000  CPU Time =  0.00
 19.80: E = -2.033812328168  <S**2> = +0.00000000  <N> = 4.00000000  Fidelity = 0.000000  CPU Time =  0.00
 20.00: E = -2.033812339061  <S**2> = +0.00000000  <N> = 4.00000000  Fidelity = 0.000000  CPU Time =  0.00
 20.20: E = -2.033812348691  <S**2> = -0.00000000  <N> = 4.00000000  Fidelity = 0.000000  CPU Time =  0.00
 20.40: E = -2.033812357205  <S**2> = +0.00000000  <N> = 4.00000000  Fidelity = 0.000000  CPU Time =  0.00
 20.60: E = -2.033812364733  <S**2> = -0.00000000  <N> = 4.00000000  Fidelity = 0.000000  CPU Time =  0.00
 20.80: E = -2.033812371389  <S**2> = +0.00000000  <N> = 4.00000000  Fidelity = 0.000000  CPU Time =  0.00
 21.00: E = -2.033812377273  <S**2> = -0.00000000  <N> = 4.00000000  Fidelity = 0.000000  CPU Time =  0.00
 21.20: E = -2.033812382475  <S**2> = +0.00000000  <N> = 4.00000000  Fidelity = 0.000000  CPU Time =  0.00
 21.40: E = -2.033812387075  <S**2> = +0.00000000  <N> = 4.00000000  Fidelity = 0.000000  CPU Time =  0.00
 21.60: E = -2.033812391142  <S**2> = +0.00000000  <N> = 4.00000000  Fidelity = 0.000000  CPU Time =  0.00
 21.80: E = -2.033812394737  <S**2> = +0.00000000  <N> = 4.00000000  Fidelity = 0.000000  CPU Time =  0.00
 22.00: E = -2.033812397916  <S**2> = -0.00000000  <N> = 4.00000000  Fidelity = 0.000000  CPU Time =  0.00
 22.20: E = -2.033812400726  <S**2> = +0.00000000  <N> = 4.00000000  Fidelity = 0.000000  CPU Time =  0.00
 22.40: E = -2.033812403211  <S**2> = +0.00000000  <N> = 4.00000000  Fidelity = 0.000000  CPU Time =  0.00
 22.60: E = -2.033812405408  <S**2> = +0.00000000  <N> = 4.00000000  Fidelity = 0.000000  CPU Time =  0.00
 22.80: E = -2.033812407350  <S**2> = +0.00000000  <N> = 4.00000000  Fidelity = 0.000000  CPU Time =  0.00
 23.00: E = -2.033812409068  <S**2> = -0.00000000  <N> = 4.00000000  Fidelity = 0.000000  CPU Time =  0.00
 23.20: E = -2.033812410586  <S**2> = +0.00000000  <N> = 4.00000000  Fidelity = 0.000000  CPU Time =  0.00
 23.40: E = -2.033812411928  <S**2> = +0.00000000  <N> = 4.00000000  Fidelity = 0.000000  CPU Time =  0.00
 23.60: E = -2.033812413115  <S**2> = +0.00000000  <N> = 4.00000000  Fidelity = 0.000000  CPU Time =  0.00
 23.80: E = -2.033812414164  <S**2> = -0.00000000  <N> = 4.00000000  Fidelity = 0.000000  CPU Time =  0.00
 24.00: E = -2.033812415092  <S**2> = +0.00000000  <N> = 4.00000000  Fidelity = 0.000000  CPU Time =  0.00
CONVERGED at beta=24.00.
 Final: E[cite] = -2.033812415092  <S**2> = +0.000000000000000  
(QITE state)
    Basis            Coef
| 00001111 > : +0.9392 +0.0000i
| 00110011 > : -0.2518 +0.0000i
| 01101001 > : -0.1083 +0.0000i
| 10010110 > : -0.1083 +0.0000i

cite (qite) 
    Basis            Coef
| 00001111 > : +0.9392 +0.0000i
| 00110011 > : -0.2518 +0.0000i
| 01101001 > : -0.1083 +0.0000i
| 10010110 > : -0.1083 +0.0000i

 === Computing 1RDM === 
No relaxed density available for qite

Dipole moment from 1RDM (in Debye):
x = 0.00000  y = 0.00000  z = 0.00000
| mu | = 0.00000
Saved in ./h4_cite.qkt.
Normal termination of quket at 2022-05-25 10:06:41.861793
