///////////////////////////////////////////////////////////////////////////////////
///                                                                             ///
///                                                                             ///
///              QQQ       UUU  UUU    KKK   KK    EEEEEEE    TTTTTTT           ///
///             Q   Q       u    U      K   K       E    E    T  T  T           ///
///            Q     Q      U    U      K  K        E  E         T              ///
///            Q     Q      U    U      KKK         EEEE         T              ///
///            Q QQQ Q      U    U      K  K        E  E         T              ///
///             Q   Q       U    U      K   K       E    E       T              ///
///              QQQ QQ      UUUU      KKK   KK    EEEEEEE      TTT             ///
///                                                                             ///
///                      Quantum Computing Simulator Ver 0.8.1                  ///
///                                                                             ///
///        Copyright 2019-2022                                                  ///
///        The Quket Developers                                                 ///
///        All rights Reserved.                                                 ///
///                                                                             ///
///////////////////////////////////////////////////////////////////////////////////
2022-05-25 10:07:14.466432: 
56 processes x 1 = Total 56 cores

##################### INPUT ########################

basis        = sto-3G
multiplicity = 1
charge       = 0
n_electrons  = 4
n_orbitals   = 4
geometry
H  0  0  0.
H  0  0  1.0
H  1.  0.  0
H  1.  0  1.0
method       = qite
ansatz       = hamiltonian 
msqite        = TRUE
nterm        = 1
db           = .1
maxiter      = 250
det          = 00001111
multi:
00001111   0.5
00011011   0.5
00100111   0.5
00110011   0.5
nroots = 4
symmetry_subgroup = C2h
####################################################

[[[1, 15]], [[1, 27]], [[1, 39]], [[1, 51]]]
+-------------+
|  Job #   1  |
+-------------+
Basis set = sto-3G

*** Geometry ******************************
  H     0.0000000    0.0000000    0.0000000
  H     0.0000000    0.0000000    1.0000000
  H     1.0000000    0.0000000    0.0000000
  H     1.0000000    0.0000000    1.0000000
*******************************************

Symmetry D4h : C2h(Abelian)
E[FCI]    = [-1.915106549511792 -1.764318324716892 -1.708685492498589 -0.932644817001846]     (Spin = 1   Ms = 0)
E[HF]     = -1.6948895907961088    (Spin = 1   Ms = 0)
NBasis = 4

[Molecular Orbitals]
---+-------+------------+------------------
 # |  Sym  |   energy   |     category
---+-------+------------+------------------
 0 |   Ag  |    -0.6940 | Active (occupied)
 1 |   Bu  |    -0.1246 | Active (occupied)
 2 |   Bu  |     0.1476 | Active (virtual)
 3 |   Ag  |     0.8338 | Active (virtual)
---+-------+------------+------------------

Enetered QITE driver
Performing QITE for chemical Hamiltonian
Ansatz = hamiltonian
Initial configuration: | 00001111 >
Convergence criteria: ftol = 1E-09
MSQITE (State-Specific): Pauli operator group size = 54
Timing for preparing nonredundant sigma list: 2.8 sec
    Unique sigma list = 2439
Initial state 0
    Basis            Coef
| 00001111 > : +1.0000 +0.0000i

Initial state 1
    Basis            Coef
| 00011011 > : +1.0000 +0.0000i

Initial state 2
    Basis            Coef
| 00100111 > : +1.0000 +0.0000i

Initial state 3
    Basis            Coef
| 00110011 > : +1.0000 +0.0000i

Shift =  [(-1.694889590796107+0j), (-1.8494438864036846+0j), (-1.8494438864036842+0j), (-1.6920197364377896+0j)]
QLanczos =  False
  0.00
      state0: E = -1.860535381485  <S**2> = +0.00000000  <N> = 4.00000000  Fidelity = 0.000000  CPU Time =  0.02  
      state1: E = -1.838352391323  <S**2> = +1.00000000  <N> = 4.00000000  Fidelity = 0.000000  CPU Time =  0.02  
      state2: E = -1.704638593121  <S**2> = +1.00000000  <N> = 4.00000000  Fidelity = 0.000000  CPU Time =  0.02  
      state3: E = -1.682270734113  <S**2> = +0.00000000  <N> = 4.00000000  Fidelity = 0.000000  CPU Time =  0.02  

  0.10
      state0: E = -1.868650166138  <S**2> = +2.00000000  <N> = 4.00000000  Fidelity = 0.000000  CPU Time =  0.05  
      state1: E = -1.859751489317  <S**2> = +0.00000002  <N> = 4.00000000  Fidelity = 0.000000  CPU Time =  0.05  
      state2: E = -1.706318098579  <S**2> = +0.00000000  <N> = 4.00000000  Fidelity = 0.000000  CPU Time =  0.05  
      state3: E = -1.698643695634  <S**2> = +0.00000000  <N> = 4.00000000  Fidelity = 0.000000  CPU Time =  0.05  

  0.20
      state0: E = -1.875281910891  <S**2> = +1.99975703  <N> = 4.00000000  Fidelity = 0.000000  CPU Time =  0.05  
      state1: E = -1.875122079572  <S**2> = +0.00024319  <N> = 4.00000000  Fidelity = 0.000000  CPU Time =  0.05  
      state2: E = -1.712226738378  <S**2> = +0.00000000  <N> = 4.00000000  Fidelity = 0.000000  CPU Time =  0.05  
      state3: E = -1.706419114333  <S**2> = +0.00000000  <N> = 4.00000000  Fidelity = 0.000000  CPU Time =  0.05  

  0.30
      state0: E = -1.886326987708  <S**2> = +0.00000095  <N> = 4.00000000  Fidelity = 0.000000  CPU Time =  0.05  
      state1: E = -1.880538954676  <S**2> = +1.99999981  <N> = 4.00000000  Fidelity = 0.000000  CPU Time =  0.05  
      state2: E = -1.721856389709  <S**2> = +0.00000000  <N> = 4.00000000  Fidelity = 0.000000  CPU Time =  0.05  
      state3: E = -1.707296690192  <S**2> = +0.00000000  <N> = 4.00000000  Fidelity = 0.000000  CPU Time =  0.05  

  0.40
      state0: E = -1.894434815765  <S**2> = +0.00000142  <N> = 4.00000000  Fidelity = 0.000000  CPU Time =  0.05  
      state1: E = -1.884710647204  <S**2> = +1.99999998  <N> = 4.00000000  Fidelity = 0.000000  CPU Time =  0.05  
      state2: E = -1.729617975204  <S**2> = +0.00000000  <N> = 4.00000000  Fidelity = 0.000000  CPU Time =  0.05  
      state3: E = -1.707737007834  <S**2> = +0.00000000  <N> = 4.00000000  Fidelity = 0.000000  CPU Time =  0.05  

  0.50
      state0: E = -1.900280513565  <S**2> = +0.00000199  <N> = 4.00000000  Fidelity = 0.000000  CPU Time =  0.05  
      state1: E = -1.888020647951  <S**2> = +1.99999999  <N> = 4.00000000  Fidelity = 0.000000  CPU Time =  0.05  
      state2: E = -1.735824474255  <S**2> = +0.00000000  <N> = 4.00000000  Fidelity = 0.000000  CPU Time =  0.05  
      state3: E = -1.708015294887  <S**2> = +0.00000000  <N> = 4.00000000  Fidelity = 0.000000  CPU Time =  0.05  

  0.60
      state0: E = -1.904484439259  <S**2> = +0.00000245  <N> = 4.00000000  Fidelity = 0.000000  CPU Time =  0.05  
      state1: E = -1.890646990589  <S**2> = +1.99999996  <N> = 4.00000000  Fidelity = 0.000000  CPU Time =  0.05  
      state2: E = -1.740823390002  <S**2> = +0.00000000  <N> = 4.00000000  Fidelity = 0.000000  CPU Time =  0.05  
      state3: E = -1.708200614737  <S**2> = +0.00000000  <N> = 4.00000000  Fidelity = 0.000000  CPU Time =  0.05  

  0.70
      state0: E = -1.907502133640  <S**2> = +0.00000277  <N> = 4.00000000  Fidelity = 0.000000  CPU Time =  0.05  
      state1: E = -1.892731120136  <S**2> = +1.99999994  <N> = 4.00000000  Fidelity = 0.000000  CPU Time =  0.05  
      state2: E = -1.744879046916  <S**2> = +0.00000000  <N> = 4.00000000  Fidelity = 0.000000  CPU Time =  0.05  
      state3: E = -1.708327817422  <S**2> = +0.00000000  <N> = 4.00000000  Fidelity = 0.000000  CPU Time =  0.05  

  0.80
      state0: E = -1.909665468978  <S**2> = +0.00000293  <N> = 4.00000000  Fidelity = 0.000000  CPU Time =  0.05  
      state1: E = -1.894385269390  <S**2> = +1.99999992  <N> = 4.00000000  Fidelity = 0.000000  CPU Time =  0.05  
      state2: E = -1.748190044145  <S**2> = +0.00000000  <N> = 4.00000000  Fidelity = 0.000000  CPU Time =  0.05  
      state3: E = -1.708417266999  <S**2> = +0.00000000  <N> = 4.00000000  Fidelity = 0.000000  CPU Time =  0.05  

  0.90
      state0: E = -1.911214869265  <S**2> = +0.00000296  <N> = 4.00000000  Fidelity = 0.000000  CPU Time =  0.05  
      state1: E = -1.895698425770  <S**2> = +1.99999992  <N> = 4.00000000  Fidelity = 0.000000  CPU Time =  0.05  
      state2: E = -1.750907115503  <S**2> = +0.00000000  <N> = 4.00000000  Fidelity = 0.000000  CPU Time =  0.05  
      state3: E = -1.708481514471  <S**2> = +0.00000000  <N> = 4.00000000  Fidelity = 0.000000  CPU Time =  0.05  

  1.00
      state0: E = -1.912323817342  <S**2> = +0.00000288  <N> = 4.00000000  Fidelity = 0.000000  CPU Time =  0.05  
      state1: E = -1.896741120434  <S**2> = +1.99999992  <N> = 4.00000000  Fidelity = 0.000000  CPU Time =  0.05  
      state2: E = -1.753146224728  <S**2> = +0.00000000  <N> = 4.00000000  Fidelity = 0.000000  CPU Time =  0.05  
      state3: E = -1.708528535967  <S**2> = +0.00000000  <N> = 4.00000000  Fidelity = 0.000000  CPU Time =  0.05  

  1.10
      state0: E = -1.913117140264  <S**2> = +0.00000274  <N> = 4.00000000  Fidelity = 0.000000  CPU Time =  0.05  
      state1: E = -1.897569250746  <S**2> = +1.99999993  <N> = 4.00000000  Fidelity = 0.000000  CPU Time =  0.05  
      state2: E = -1.754997781343  <S**2> = +0.00000000  <N> = 4.00000000  Fidelity = 0.000000  CPU Time =  0.05  
      state3: E = -1.708563523524  <S**2> = +0.00000000  <N> = 4.00000000  Fidelity = 0.000000  CPU Time =  0.05  

  1.20
      state0: E = -1.913684475526  <S**2> = +0.00000255  <N> = 4.00000000  Fidelity = 0.000000  CPU Time =  0.05  
      state1: E = -1.898227119828  <S**2> = +1.99999994  <N> = 4.00000000  Fidelity = 0.000000  CPU Time =  0.05  
      state2: E = -1.756533124649  <S**2> = +0.00000000  <N> = 4.00000000  Fidelity = 0.000000  CPU Time =  0.05  
      state3: E = -1.708589932009  <S**2> = +0.00000000  <N> = 4.00000000  Fidelity = 0.000000  CPU Time =  0.05  

  1.30
      state0: E = -1.914090099481  <S**2> = +0.00000233  <N> = 4.00000000  Fidelity = 0.000000  CPU Time =  0.05  
      state1: E = -1.898749847884  <S**2> = +1.99999995  <N> = 4.00000000  Fidelity = 0.000000  CPU Time =  0.05  
      state2: E = -1.757809136849  <S**2> = +0.00000000  <N> = 4.00000000  Fidelity = 0.000000  CPU Time =  0.05  
      state3: E = -1.708610109717  <S**2> = +0.00000000  <N> = 4.00000000  Fidelity = 0.000000  CPU Time =  0.05  

  1.40
      state0: E = -1.914380055942  <S**2> = +0.00000211  <N> = 4.00000000  Fidelity = 0.000000  CPU Time =  0.05  
      state1: E = -1.899165282480  <S**2> = +1.99999997  <N> = 4.00000000  Fidelity = 0.000000  CPU Time =  0.05  
      state2: E = -1.758871575899  <S**2> = +0.00000000  <N> = 4.00000000  Fidelity = 0.000000  CPU Time =  0.05  
      state3: E = -1.708625686103  <S**2> = +0.00000000  <N> = 4.00000000  Fidelity = 0.000000  CPU Time =  0.05  

  1.50
      state0: E = -1.914587304053  <S**2> = +0.00000188  <N> = 4.00000000  Fidelity = 0.000000  CPU Time =  0.05  
      state1: E = -1.899495510778  <S**2> = +1.99999998  <N> = 4.00000000  Fidelity = 0.000000  CPU Time =  0.05  
      state2: E = -1.759757524122  <S**2> = +0.00000000  <N> = 4.00000000  Fidelity = 0.000000  CPU Time =  0.05  
      state3: E = -1.708637814390  <S**2> = +0.00000000  <N> = 4.00000000  Fidelity = 0.000000  CPU Time =  0.05  

  1.60
      state0: E = -1.914735424366  <S**2> = +0.00000167  <N> = 4.00000000  Fidelity = 0.000000  CPU Time =  0.05  
      state1: E = -1.899758056305  <S**2> = +1.99999999  <N> = 4.00000000  Fidelity = 0.000000  CPU Time =  0.05  
      state2: E = -1.760497217593  <S**2> = +0.00000000  <N> = 4.00000000  Fidelity = 0.000000  CPU Time =  0.05  
      state3: E = -1.708647325967  <S**2> = +0.00000000  <N> = 4.00000000  Fidelity = 0.000000  CPU Time =  0.05  

  1.70
      state0: E = -1.914841281195  <S**2> = +0.00000147  <N> = 4.00000000  Fidelity = 0.000000  CPU Time =  0.05  
      state1: E = -1.899966826044  <S**2> = +1.99999999  <N> = 4.00000000  Fidelity = 0.000000  CPU Time =  0.05  
      state2: E = -1.761115434802  <S**2> = +0.00000000  <N> = 4.00000000  Fidelity = 0.000000  CPU Time =  0.05  
      state3: E = -1.708654830375  <S**2> = +0.00000000  <N> = 4.00000000  Fidelity = 0.000000  CPU Time =  0.05  

  1.80
      state0: E = -1.914916932236  <S**2> = +0.00000129  <N> = 4.00000000  Fidelity = 0.000000  CPU Time =  0.05  
      state1: E = -1.900132860049  <S**2> = +2.00000000  <N> = 4.00000000  Fidelity = 0.000000  CPU Time =  0.05  
      state2: E = -1.761632566205  <S**2> = +0.00000000  <N> = 4.00000000  Fidelity = 0.000000  CPU Time =  0.05  
      state3: E = -1.708660781232  <S**2> = +0.00000000  <N> = 4.00000000  Fidelity = 0.000000  CPU Time =  0.05  

  1.90
      state0: E = -1.914970996816  <S**2> = +0.00000112  <N> = 4.00000000  Fidelity = 0.000000  CPU Time =  0.05  
      state1: E = -1.900264924924  <S**2> = +2.00000000  <N> = 4.00000000  Fidelity = 0.000000  CPU Time =  0.05  
      state2: E = -1.762065448743  <S**2> = +0.00000000  <N> = 4.00000000  Fidelity = 0.000000  CPU Time =  0.05  
      state3: E = -1.708665520543  <S**2> = +0.00000000  <N> = 4.00000000  Fidelity = 0.000000  CPU Time =  0.05  

  2.00
      state0: E = -1.915009635467  <S**2> = +0.00000098  <N> = 4.00000000  Fidelity = 0.000000  CPU Time =  0.05  
      state1: E = -1.900369983833  <S**2> = +2.00000000  <N> = 4.00000000  Fidelity = 0.000000  CPU Time =  0.05  
      state2: E = -1.762428024362  <S**2> = +0.00000000  <N> = 4.00000000  Fidelity = 0.000000  CPU Time =  0.05  
      state3: E = -1.708669309047  <S**2> = +0.00000000  <N> = 4.00000000  Fidelity = 0.000000  CPU Time =  0.05  

  2.10
      state0: E = -1.915037250866  <S**2> = +0.00000085  <N> = 4.00000000  Fidelity = 0.000000  CPU Time =  0.05  
      state1: E = -1.900453568877  <S**2> = +2.00000001  <N> = 4.00000000  Fidelity = 0.000000  CPU Time =  0.05  
      state2: E = -1.762731864737  <S**2> = +0.00000000  <N> = 4.00000000  Fidelity = 0.000000  CPU Time =  0.05  
      state3: E = -1.708672347409  <S**2> = +0.00000000  <N> = 4.00000000  Fidelity = 0.000000  CPU Time =  0.05  

  2.20
      state0: E = -1.915056989179  <S**2> = +0.00000073  <N> = 4.00000000  Fidelity = 0.000000  CPU Time =  0.05  
      state1: E = -1.900520076218  <S**2> = +2.00000001  <N> = 4.00000000  Fidelity = 0.000000  CPU Time =  0.05  
      state2: E = -1.762986592847  <S**2> = +0.00000000  <N> = 4.00000000  Fidelity = 0.000000  CPU Time =  0.05  
      state3: E = -1.708674791278  <S**2> = +0.00000000  <N> = 4.00000000  Fidelity = 0.000000  CPU Time =  0.05  

  2.30
      state0: E = -1.915071098544  <S**2> = +0.00000063  <N> = 4.00000000  Fidelity = 0.000000  CPU Time =  0.05  
      state1: E = -1.900573000076  <S**2> = +2.00000001  <N> = 4.00000000  Fidelity = 0.000000  CPU Time =  0.05  
      state2: E = -1.763200224047  <S**2> = +0.00000000  <N> = 4.00000000  Fidelity = 0.000000  CPU Time =  0.05  
      state3: E = -1.708676762192  <S**2> = +0.00000000  <N> = 4.00000000  Fidelity = 0.000000  CPU Time =  0.05  

  2.40
      state0: E = -1.915081185347  <S**2> = +0.00000054  <N> = 4.00000000  Fidelity = 0.000000  CPU Time =  0.05  
      state1: E = -1.900615118316  <S**2> = +2.00000001  <N> = 4.00000000  Fidelity = 0.000000  CPU Time =  0.05  
      state2: E = -1.763379443650  <S**2> = +0.00000000  <N> = 4.00000000  Fidelity = 0.000000  CPU Time =  0.05  
      state3: E = -1.708678355573  <S**2> = +0.00000000  <N> = 4.00000000  Fidelity = 0.000000  CPU Time =  0.05  

  2.50
      state0: E = -1.915088397401  <S**2> = +0.00000047  <N> = 4.00000000  Fidelity = 0.000000  CPU Time =  0.05  
      state1: E = -1.900648639708  <S**2> = +2.00000001  <N> = 4.00000000  Fidelity = 0.000000  CPU Time =  0.05  
      state2: E = -1.763529833936  <S**2> = +0.00000000  <N> = 4.00000000  Fidelity = 0.000000  CPU Time =  0.05  
      state3: E = -1.708679646694  <S**2> = +0.00000000  <N> = 4.00000000  Fidelity = 0.000000  CPU Time =  0.05  

  2.60
      state0: E = -1.915093554853  <S**2> = +0.00000040  <N> = 4.00000000  Fidelity = 0.000000  CPU Time =  0.05  
      state1: E = -1.900675320799  <S**2> = +2.00000001  <N> = 4.00000000  Fidelity = 0.000000  CPU Time =  0.05  
      state2: E = -1.763656060589  <S**2> = +0.00000000  <N> = 4.00000000  Fidelity = 0.000000  CPU Time =  0.05  
      state3: E = -1.708680695169  <S**2> = +0.00000000  <N> = 4.00000000  Fidelity = 0.000000  CPU Time =  0.05  

  2.70
      state0: E = -1.915097243734  <S**2> = +0.00000034  <N> = 4.00000000  Fidelity = 0.000000  CPU Time =  0.05  
      state1: E = -1.900696558709  <S**2> = +2.00000001  <N> = 4.00000000  Fidelity = 0.000000  CPU Time =  0.05  
      state2: E = -1.763762026332  <S**2> = +0.00000000  <N> = 4.00000000  Fidelity = 0.000000  CPU Time =  0.05  
      state3: E = -1.708681548372  <S**2> = +0.00000000  <N> = 4.00000000  Fidelity = 0.000000  CPU Time =  0.05  

  2.80
      state0: E = -1.915099882805  <S**2> = +0.00000029  <N> = 4.00000000  Fidelity = 0.000000  CPU Time =  0.05  
      state1: E = -1.900713464827  <S**2> = +2.00000000  <N> = 4.00000000  Fidelity = 0.000000  CPU Time =  0.05  
      state2: E = -1.763850997923  <S**2> = +0.00000000  <N> = 4.00000000  Fidelity = 0.000000  CPU Time =  0.05  
      state3: E = -1.708682244065  <S**2> = +0.00000000  <N> = 4.00000000  Fidelity = 0.000000  CPU Time =  0.05  

  2.90
      state0: E = -1.915101771314  <S**2> = +0.00000025  <N> = 4.00000000  Fidelity = 0.000000  CPU Time =  0.04  
      state1: E = -1.900726923351  <S**2> = +2.00000000  <N> = 4.00000000  Fidelity = 0.000000  CPU Time =  0.04  
      state2: E = -1.763925711362  <S**2> = +0.00000000  <N> = 4.00000000  Fidelity = 0.000000  CPU Time =  0.04  
      state3: E = -1.708682812432  <S**2> = +0.00000000  <N> = 4.00000000  Fidelity = 0.000000  CPU Time =  0.04  

  3.00
      state0: E = -1.915103123124  <S**2> = +0.00000021  <N> = 4.00000000  Fidelity = 0.000000  CPU Time =  0.05  
      state1: E = -1.900737637807  <S**2> = +2.00000000  <N> = 4.00000000  Fidelity = 0.000000  CPU Time =  0.05  
      state2: E = -1.763988459260  <S**2> = +0.00000000  <N> = 4.00000000  Fidelity = 0.000000  CPU Time =  0.05  
      state3: E = -1.708683277656  <S**2> = +0.00000000  <N> = 4.00000000  Fidelity = 0.000000  CPU Time =  0.05  

  3.10
      state0: E = -1.915104091085  <S**2> = +0.00000018  <N> = 4.00000000  Fidelity = 0.000000  CPU Time =  0.05  
      state1: E = -1.900746168023  <S**2> = +2.00000000  <N> = 4.00000000  Fidelity = 0.000000  CPU Time =  0.05  
      state2: E = -1.764041163497  <S**2> = +0.00000000  <N> = 4.00000000  Fidelity = 0.000000  CPU Time =  0.05  
      state3: E = -1.708683659160  <S**2> = +0.00000000  <N> = 4.00000000  Fidelity = 0.000000  CPU Time =  0.05  

  3.20
      state0: E = -1.915104784456  <S**2> = +0.00000016  <N> = 4.00000000  Fidelity = 0.000000  CPU Time =  0.05  
      state1: E = -1.900752959518  <S**2> = +2.00000000  <N> = 4.00000000  Fidelity = 0.000000  CPU Time =  0.05  
      state2: E = -1.764085435754  <S**2> = +0.00000000  <N> = 4.00000000  Fidelity = 0.000000  CPU Time =  0.05  
      state3: E = -1.708683972573  <S**2> = +0.00000000  <N> = 4.00000000  Fidelity = 0.000000  CPU Time =  0.05  

  3.30
      state0: E = -1.915105281348  <S**2> = +0.00000013  <N> = 4.00000000  Fidelity = 0.000000  CPU Time =  0.04  
      state1: E = -1.900758366869  <S**2> = +2.00000000  <N> = 4.00000000  Fidelity = 0.000000  CPU Time =  0.04  
      state2: E = -1.764122627991  <S**2> = +0.00000000  <N> = 4.00000000  Fidelity = 0.000000  CPU Time =  0.04  
      state3: E = -1.708684230503  <S**2> = +0.00000000  <N> = 4.00000000  Fidelity = 0.000000  CPU Time =  0.04  

  3.40
      state0: E = -1.915105637611  <S**2> = +0.00000011  <N> = 4.00000000  Fidelity = 0.000000  CPU Time =  0.05  
      state1: E = -1.900762672296  <S**2> = +2.00000000  <N> = 4.00000000  Fidelity = 0.000000  CPU Time =  0.05  
      state2: E = -1.764153874606  <S**2> = +0.00000000  <N> = 4.00000000  Fidelity = 0.000000  CPU Time =  0.05  
      state3: E = -1.708684443137  <S**2> = +0.00000000  <N> = 4.00000000  Fidelity = 0.000000  CPU Time =  0.05  

  3.50
      state0: E = -1.915105893185  <S**2> = +0.00000010  <N> = 4.00000000  Fidelity = 0.000000  CPU Time =  0.05  
      state1: E = -1.900766100439  <S**2> = +2.00000000  <N> = 4.00000000  Fidelity = 0.000000  CPU Time =  0.05  
      state2: E = -1.764180127661  <S**2> = +0.00000000  <N> = 4.00000000  Fidelity = 0.000000  CPU Time =  0.05  
      state3: E = -1.708684618723  <S**2> = +0.00000000  <N> = 4.00000000  Fidelity = 0.000000  CPU Time =  0.05  

  3.60
      state0: E = -1.915106076641  <S**2> = +0.00000008  <N> = 4.00000000  Fidelity = 0.000000  CPU Time =  0.06  
      state1: E = -1.900768830120  <S**2> = +2.00000000  <N> = 4.00000000  Fidelity = 0.000000  CPU Time =  0.06  
      state2: E = -1.764202186344  <S**2> = +0.00000000  <N> = 4.00000000  Fidelity = 0.000000  CPU Time =  0.06  
      state3: E = -1.708684763953  <S**2> = +0.00000000  <N> = 4.00000000  Fidelity = 0.000000  CPU Time =  0.06  

  3.70
      state0: E = -1.915106208422  <S**2> = +0.00000007  <N> = 4.00000000  Fidelity = 0.000000  CPU Time =  0.04  
      state1: E = -1.900771003692  <S**2> = +2.00000000  <N> = 4.00000000  Fidelity = 0.000000  CPU Time =  0.04  
      state2: E = -1.764220721630  <S**2> = +0.00000000  <N> = 4.00000000  Fidelity = 0.000000  CPU Time =  0.04  
      state3: E = -1.708684884263  <S**2> = +0.00000000  <N> = 4.00000000  Fidelity = 0.000000  CPU Time =  0.04  

  3.80
      state0: E = -1.915106303156  <S**2> = +0.00000006  <N> = 4.00000000  Fidelity = 0.000000  CPU Time =  0.04  
      state1: E = -1.900772734481  <S**2> = +2.00000000  <N> = 4.00000000  Fidelity = 0.000000  CPU Time =  0.04  
      state2: E = -1.764236296937  <S**2> = +0.00000000  <N> = 4.00000000  Fidelity = 0.000000  CPU Time =  0.04  
      state3: E = -1.708684984084  <S**2> = +0.00000000  <N> = 4.00000000  Fidelity = 0.000000  CPU Time =  0.04  

  3.90
      state0: E = -1.915106371318  <S**2> = +0.00000005  <N> = 4.00000000  Fidelity = 0.000000  CPU Time =  0.04  
      state1: E = -1.900774112711  <S**2> = +2.00000000  <N> = 4.00000000  Fidelity = 0.000000  CPU Time =  0.04  
      state2: E = -1.764249385419  <S**2> = +0.00000000  <N> = 4.00000000  Fidelity = 0.000000  CPU Time =  0.04  
      state3: E = -1.708685067026  <S**2> = +0.00000000  <N> = 4.00000000  Fidelity = 0.000000  CPU Time =  0.04  

  4.00
      state0: E = -1.915106420409  <S**2> = +0.00000004  <N> = 4.00000000  Fidelity = 0.000000  CPU Time =  0.05  
      state1: E = -1.900775210216  <S**2> = +2.00000000  <N> = 4.00000000  Fidelity = 0.000000  CPU Time =  0.05  
      state2: E = -1.764260384478  <S**2> = +0.00000000  <N> = 4.00000000  Fidelity = 0.000000  CPU Time =  0.05  
      state3: E = -1.708685136042  <S**2> = +0.00000000  <N> = 4.00000000  Fidelity = 0.000000  CPU Time =  0.05  

  4.10
      state0: E = -1.915106455804  <S**2> = +0.00000004  <N> = 4.00000000  Fidelity = 0.000000  CPU Time =  0.04  
      state1: E = -1.900776084187  <S**2> = +2.00000000  <N> = 4.00000000  Fidelity = 0.000000  CPU Time =  0.04  
      state2: E = -1.764269627920  <S**2> = +0.00000000  <N> = 4.00000000  Fidelity = 0.000000  CPU Time =  0.04  
      state3: E = -1.708685193548  <S**2> = +0.00000000  <N> = 4.00000000  Fidelity = 0.000000  CPU Time =  0.04  

  4.20
      state0: E = -1.915106481355  <S**2> = +0.00000003  <N> = 4.00000000  Fidelity = 0.000000  CPU Time =  0.05  
      state1: E = -1.900776780161  <S**2> = +2.00000000  <N> = 4.00000000  Fidelity = 0.000000  CPU Time =  0.05  
      state2: E = -1.764277396158  <S**2> = +0.00000000  <N> = 4.00000000  Fidelity = 0.000000  CPU Time =  0.05  
      state3: E = -1.708685241528  <S**2> = +0.00000000  <N> = 4.00000000  Fidelity = 0.000000  CPU Time =  0.05  

  4.30
      state0: E = -1.915106499826  <S**2> = +0.00000003  <N> = 4.00000000  Fidelity = 0.000000  CPU Time =  0.05  
      state1: E = -1.900777334398  <S**2> = +2.00000000  <N> = 4.00000000  Fidelity = 0.000000  CPU Time =  0.05  
      state2: E = -1.764283924768  <S**2> = +0.00000000  <N> = 4.00000000  Fidelity = 0.000000  CPU Time =  0.05  
      state3: E = -1.708685281609  <S**2> = +0.00000000  <N> = 4.00000000  Fidelity = 0.000000  CPU Time =  0.05  

  4.40
      state0: E = -1.915106513199  <S**2> = +0.00000002  <N> = 4.00000000  Fidelity = 0.000000  CPU Time =  0.05  
      state1: E = -1.900777775766  <S**2> = +2.00000000  <N> = 4.00000000  Fidelity = 0.000000  CPU Time =  0.05  
      state2: E = -1.764289411668  <S**2> = +0.00000000  <N> = 4.00000000  Fidelity = 0.000000  CPU Time =  0.05  
      state3: E = -1.708685315132  <S**2> = +0.00000000  <N> = 4.00000000  Fidelity = 0.000000  CPU Time =  0.05  

  4.50
      state0: E = -1.915106522898  <S**2> = +0.00000002  <N> = 4.00000000  Fidelity = 0.000000  CPU Time =  0.04  
      state1: E = -1.900778127255  <S**2> = +2.00000000  <N> = 4.00000000  Fidelity = 0.000000  CPU Time =  0.04  
      state2: E = -1.764294023154  <S**2> = +0.00000000  <N> = 4.00000000  Fidelity = 0.000000  CPU Time =  0.04  
      state3: E = -1.708685343202  <S**2> = +0.00000000  <N> = 4.00000000  Fidelity = 0.000000  CPU Time =  0.04  

  4.60
      state0: E = -1.915106529945  <S**2> = +0.00000002  <N> = 4.00000000  Fidelity = 0.000000  CPU Time =  0.04  
      state1: E = -1.900778407171  <S**2> = +2.00000000  <N> = 4.00000000  Fidelity = 0.000000  CPU Time =  0.04  
      state2: E = -1.764297898954  <S**2> = +0.00000000  <N> = 4.00000000  Fidelity = 0.000000  CPU Time =  0.04  
      state3: E = -1.708685366731  <S**2> = +0.00000000  <N> = 4.00000000  Fidelity = 0.000000  CPU Time =  0.04  

  4.70
      state0: E = -1.915106535077  <S**2> = +0.00000001  <N> = 4.00000000  Fidelity = 0.000000  CPU Time =  0.04  
      state1: E = -1.900778630089  <S**2> = +2.00000000  <N> = 4.00000000  Fidelity = 0.000000  CPU Time =  0.04  
      state2: E = -1.764301156476  <S**2> = +0.00000000  <N> = 4.00000000  Fidelity = 0.000000  CPU Time =  0.04  
      state3: E = -1.708685386474  <S**2> = +0.00000000  <N> = 4.00000000  Fidelity = 0.000000  CPU Time =  0.04  

  4.80
      state0: E = -1.915106538823  <S**2> = +0.00000001  <N> = 4.00000000  Fidelity = 0.000000  CPU Time =  0.04  
      state1: E = -1.900778807617  <S**2> = +2.00000000  <N> = 4.00000000  Fidelity = 0.000000  CPU Time =  0.04  
      state2: E = -1.764303894385  <S**2> = +0.00000000  <N> = 4.00000000  Fidelity = 0.000000  CPU Time =  0.04  
      state3: E = -1.708685403057  <S**2> = +0.00000000  <N> = 4.00000000  Fidelity = 0.000000  CPU Time =  0.04  

  4.90
      state0: E = -1.915106541564  <S**2> = +0.00000001  <N> = 4.00000000  Fidelity = 0.000000  CPU Time =  0.04  
      state1: E = -1.900778948999  <S**2> = +2.00000000  <N> = 4.00000000  Fidelity = 0.000000  CPU Time =  0.04  
      state2: E = -1.764306195588  <S**2> = +0.00000000  <N> = 4.00000000  Fidelity = 0.000000  CPU Time =  0.04  
      state3: E = -1.708685416997  <S**2> = +0.00000000  <N> = 4.00000000  Fidelity = 0.000000  CPU Time =  0.04  

  5.00
      state0: E = -1.915106543576  <S**2> = +0.00000001  <N> = 4.00000000  Fidelity = 0.000000  CPU Time =  0.04  
      state1: E = -1.900779061595  <S**2> = +2.00000000  <N> = 4.00000000  Fidelity = 0.000000  CPU Time =  0.04  
      state2: E = -1.764308129761  <S**2> = +0.00000000  <N> = 4.00000000  Fidelity = 0.000000  CPU Time =  0.04  
      state3: E = -1.708685428727  <S**2> = +0.00000000  <N> = 4.00000000  Fidelity = 0.000000  CPU Time =  0.04  

  5.10
      state0: E = -1.915106545057  <S**2> = +0.00000001  <N> = 4.00000000  Fidelity = 0.000000  CPU Time =  0.04  
      state1: E = -1.900779151266  <S**2> = +2.00000000  <N> = 4.00000000  Fidelity = 0.000000  CPU Time =  0.04  
      state2: E = -1.764309755457  <S**2> = +0.00000000  <N> = 4.00000000  Fidelity = 0.000000  CPU Time =  0.04  
      state3: E = -1.708685438604  <S**2> = +0.00000000  <N> = 4.00000000  Fidelity = 0.000000  CPU Time =  0.04  

  5.20
      state0: E = -1.915106546152  <S**2> = +0.00000001  <N> = 4.00000000  Fidelity = 0.000000  CPU Time =  0.04  
      state1: E = -1.900779222681  <S**2> = +2.00000000  <N> = 4.00000000  Fidelity = 0.000000  CPU Time =  0.04  
      state2: E = -1.764311121884  <S**2> = +0.00000000  <N> = 4.00000000  Fidelity = 0.000000  CPU Time =  0.04  
      state3: E = -1.708685446928  <S**2> = +0.00000000  <N> = 4.00000000  Fidelity = 0.000000  CPU Time =  0.04  

  5.30
      state0: E = -1.915106546964  <S**2> = +0.00000001  <N> = 4.00000000  Fidelity = 0.000000  CPU Time =  0.04  
      state1: E = -1.900779279556  <S**2> = +2.00000000  <N> = 4.00000000  Fidelity = 0.000000  CPU Time =  0.04  
      state2: E = -1.764312270400  <S**2> = +0.00000000  <N> = 4.00000000  Fidelity = 0.000000  CPU Time =  0.04  
      state3: E = -1.708685453948  <S**2> = +0.00000000  <N> = 4.00000000  Fidelity = 0.000000  CPU Time =  0.04  

  5.40
      state0: E = -1.915106547569  <S**2> = +0.00000000  <N> = 4.00000000  Fidelity = 0.000000  CPU Time =  0.04  
      state1: E = -1.900779324852  <S**2> = +2.00000000  <N> = 4.00000000  Fidelity = 0.000000  CPU Time =  0.04  
      state2: E = -1.764313235762  <S**2> = +0.00000000  <N> = 4.00000000  Fidelity = 0.000000  CPU Time =  0.04  
      state3: E = -1.708685459872  <S**2> = +0.00000000  <N> = 4.00000000  Fidelity = 0.000000  CPU Time =  0.04  

  5.50
      state0: E = -1.915106548021  <S**2> = +0.00000000  <N> = 4.00000000  Fidelity = 0.000000  CPU Time =  0.05  
      state1: E = -1.900779360927  <S**2> = +2.00000000  <N> = 4.00000000  Fidelity = 0.000000  CPU Time =  0.05  
      state2: E = -1.764314047183  <S**2> = +0.00000000  <N> = 4.00000000  Fidelity = 0.000000  CPU Time =  0.05  
      state3: E = -1.708685464874  <S**2> = +0.00000000  <N> = 4.00000000  Fidelity = 0.000000  CPU Time =  0.05  

  5.60
      state0: E = -1.915106548361  <S**2> = +0.00000000  <N> = 4.00000000  Fidelity = 0.000000  CPU Time =  0.05  
      state1: E = -1.900779389658  <S**2> = +2.00000000  <N> = 4.00000000  Fidelity = 0.000000  CPU Time =  0.05  
      state2: E = -1.764314729213  <S**2> = +0.00000000  <N> = 4.00000000  Fidelity = 0.000000  CPU Time =  0.05  
      state3: E = -1.708685469100  <S**2> = +0.00000000  <N> = 4.00000000  Fidelity = 0.000000  CPU Time =  0.05  

  5.70
      state0: E = -1.915106548618  <S**2> = +0.00000000  <N> = 4.00000000  Fidelity = 0.000000  CPU Time =  0.04  
      state1: E = -1.900779412540  <S**2> = +2.00000000  <N> = 4.00000000  Fidelity = 0.000000  CPU Time =  0.04  
      state2: E = -1.764315302489  <S**2> = +0.00000000  <N> = 4.00000000  Fidelity = 0.000000  CPU Time =  0.04  
      state3: E = -1.708685472672  <S**2> = +0.00000000  <N> = 4.00000000  Fidelity = 0.000000  CPU Time =  0.04  

  5.80
      state0: E = -1.915106548814  <S**2> = +0.00000000  <N> = 4.00000000  Fidelity = 0.000000  CPU Time =  0.04  
      state1: E = -1.900779430765  <S**2> = +2.00000000  <N> = 4.00000000  Fidelity = 0.000000  CPU Time =  0.04  
      state2: E = -1.764315784353  <S**2> = +0.00000000  <N> = 4.00000000  Fidelity = 0.000000  CPU Time =  0.04  
      state3: E = -1.708685475694  <S**2> = +0.00000000  <N> = 4.00000000  Fidelity = 0.000000  CPU Time =  0.04  

  5.90
      state0: E = -1.915106548963  <S**2> = +0.00000000  <N> = 4.00000000  Fidelity = 0.000000  CPU Time =  0.04  
      state1: E = -1.900779445279  <S**2> = +2.00000000  <N> = 4.00000000  Fidelity = 0.000000  CPU Time =  0.04  
      state2: E = -1.764316189385  <S**2> = +0.00000000  <N> = 4.00000000  Fidelity = 0.000000  CPU Time =  0.04  
      state3: E = -1.708685478250  <S**2> = +0.00000000  <N> = 4.00000000  Fidelity = 0.000000  CPU Time =  0.04  

  6.00
      state0: E = -1.915106549078  <S**2> = +0.00000000  <N> = 4.00000000  Fidelity = 0.000000  CPU Time =  0.04  
      state1: E = -1.900779456839  <S**2> = +2.00000000  <N> = 4.00000000  Fidelity = 0.000000  CPU Time =  0.04  
      state2: E = -1.764316529834  <S**2> = +0.00000000  <N> = 4.00000000  Fidelity = 0.000000  CPU Time =  0.04  
      state3: E = -1.708685480415  <S**2> = +0.00000000  <N> = 4.00000000  Fidelity = 0.000000  CPU Time =  0.04  

  6.10
      state0: E = -1.915106549166  <S**2> = +0.00000000  <N> = 4.00000000  Fidelity = 0.000000  CPU Time =  0.04  
      state1: E = -1.900779466045  <S**2> = +2.00000000  <N> = 4.00000000  Fidelity = 0.000000  CPU Time =  0.04  
      state2: E = -1.764316816001  <S**2> = +0.00000000  <N> = 4.00000000  Fidelity = 0.000000  CPU Time =  0.04  
      state3: E = -1.708685482248  <S**2> = +0.00000000  <N> = 4.00000000  Fidelity = 0.000000  CPU Time =  0.04  

  6.20
      state0: E = -1.915106549235  <S**2> = +0.00000000  <N> = 4.00000000  Fidelity = 0.000000  CPU Time =  0.04  
      state1: E = -1.900779473378  <S**2> = +2.00000000  <N> = 4.00000000  Fidelity = 0.000000  CPU Time =  0.04  
      state2: E = -1.764317056541  <S**2> = +0.00000000  <N> = 4.00000000  Fidelity = 0.000000  CPU Time =  0.04  
      state3: E = -1.708685483801  <S**2> = +0.00000000  <N> = 4.00000000  Fidelity = 0.000000  CPU Time =  0.04  

  6.30
      state0: E = -1.915106549289  <S**2> = +0.00000000  <N> = 4.00000000  Fidelity = 0.000000  CPU Time =  0.04  
      state1: E = -1.900779479218  <S**2> = +2.00000000  <N> = 4.00000000  Fidelity = 0.000000  CPU Time =  0.04  
      state2: E = -1.764317258729  <S**2> = +0.00000000  <N> = 4.00000000  Fidelity = 0.000000  CPU Time =  0.04  
      state3: E = -1.708685485116  <S**2> = +0.00000000  <N> = 4.00000000  Fidelity = 0.000000  CPU Time =  0.04  

  6.40
      state0: E = -1.915106549332  <S**2> = +0.00000000  <N> = 4.00000000  Fidelity = 0.000000  CPU Time =  0.04  
      state1: E = -1.900779483869  <S**2> = +2.00000000  <N> = 4.00000000  Fidelity = 0.000000  CPU Time =  0.04  
      state2: E = -1.764317428680  <S**2> = +0.00000000  <N> = 4.00000000  Fidelity = 0.000000  CPU Time =  0.04  
      state3: E = -1.708685486232  <S**2> = +0.00000000  <N> = 4.00000000  Fidelity = 0.000000  CPU Time =  0.04  

  6.50
      state0: E = -1.915106549365  <S**2> = +0.00000000  <N> = 4.00000000  Fidelity = 0.000000  CPU Time =  0.04  
      state1: E = -1.900779487574  <S**2> = +2.00000000  <N> = 4.00000000  Fidelity = 0.000000  CPU Time =  0.04  
      state2: E = -1.764317571535  <S**2> = +0.00000000  <N> = 4.00000000  Fidelity = 0.000000  CPU Time =  0.04  
      state3: E = -1.708685487178  <S**2> = +0.00000000  <N> = 4.00000000  Fidelity = 0.000000  CPU Time =  0.04  

  6.60
      state0: E = -1.915106549392  <S**2> = +0.00000000  <N> = 4.00000000  Fidelity = 0.000000  CPU Time =  0.04  
      state1: E = -1.900779490524  <S**2> = +2.00000000  <N> = 4.00000000  Fidelity = 0.000000  CPU Time =  0.04  
      state2: E = -1.764317691614  <S**2> = +0.00000000  <N> = 4.00000000  Fidelity = 0.000000  CPU Time =  0.04  
      state3: E = -1.708685487980  <S**2> = +0.00000000  <N> = 4.00000000  Fidelity = 0.000000  CPU Time =  0.04  

  6.70
      state0: E = -1.915106549414  <S**2> = +0.00000000  <N> = 4.00000000  Fidelity = 0.000000  CPU Time =  0.04  
      state1: E = -1.900779492874  <S**2> = +2.00000000  <N> = 4.00000000  Fidelity = 0.000000  CPU Time =  0.04  
      state2: E = -1.764317792548  <S**2> = +0.00000000  <N> = 4.00000000  Fidelity = 0.000000  CPU Time =  0.04  
      state3: E = -1.708685488661  <S**2> = +0.00000000  <N> = 4.00000000  Fidelity = 0.000000  CPU Time =  0.04  

  6.80
      state0: E = -1.915106549431  <S**2> = +0.00000000  <N> = 4.00000000  Fidelity = 0.000000  CPU Time =  0.04  
      state1: E = -1.900779494746  <S**2> = +2.00000000  <N> = 4.00000000  Fidelity = 0.000000  CPU Time =  0.04  
      state2: E = -1.764317877390  <S**2> = +0.00000000  <N> = 4.00000000  Fidelity = 0.000000  CPU Time =  0.04  
      state3: E = -1.708685489239  <S**2> = +0.00000000  <N> = 4.00000000  Fidelity = 0.000000  CPU Time =  0.04  

  6.90
      state0: E = -1.915106549445  <S**2> = +0.00000000  <N> = 4.00000000  Fidelity = 0.000000  CPU Time =  0.04  
      state1: E = -1.900779496237  <S**2> = +2.00000000  <N> = 4.00000000  Fidelity = 0.000000  CPU Time =  0.04  
      state2: E = -1.764317948706  <S**2> = +0.00000000  <N> = 4.00000000  Fidelity = 0.000000  CPU Time =  0.04  
      state3: E = -1.708685489729  <S**2> = +0.00000000  <N> = 4.00000000  Fidelity = 0.000000  CPU Time =  0.04  

  7.00
      state0: E = -1.915106549456  <S**2> = +0.00000000  <N> = 4.00000000  Fidelity = 0.000000  CPU Time =  0.04  
      state1: E = -1.900779497424  <S**2> = +2.00000000  <N> = 4.00000000  Fidelity = 0.000000  CPU Time =  0.04  
      state2: E = -1.764318008652  <S**2> = +0.00000000  <N> = 4.00000000  Fidelity = 0.000000  CPU Time =  0.04  
      state3: E = -1.708685490146  <S**2> = +0.00000000  <N> = 4.00000000  Fidelity = 0.000000  CPU Time =  0.04  

  7.10
      state0: E = -1.915106549466  <S**2> = +0.00000000  <N> = 4.00000000  Fidelity = 0.000000  CPU Time =  0.04  
      state1: E = -1.900779498370  <S**2> = +2.00000000  <N> = 4.00000000  Fidelity = 0.000000  CPU Time =  0.04  
      state2: E = -1.764318059040  <S**2> = +0.00000000  <N> = 4.00000000  Fidelity = 0.000000  CPU Time =  0.04  
      state3: E = -1.708685490499  <S**2> = +0.00000000  <N> = 4.00000000  Fidelity = 0.000000  CPU Time =  0.04  

  7.20
      state0: E = -1.915106549473  <S**2> = +0.00000000  <N> = 4.00000000  Fidelity = 0.000000  CPU Time =  0.04  
      state1: E = -1.900779499123  <S**2> = +2.00000000  <N> = 4.00000000  Fidelity = 0.000000  CPU Time =  0.04  
      state2: E = -1.764318101396  <S**2> = -0.00000000  <N> = 4.00000000  Fidelity = 0.000000  CPU Time =  0.04  
      state3: E = -1.708685490799  <S**2> = +0.00000000  <N> = 4.00000000  Fidelity = 0.000000  CPU Time =  0.04  

  7.30
      state0: E = -1.915106549480  <S**2> = +0.00000000  <N> = 4.00000000  Fidelity = 0.000000  CPU Time =  0.04  
      state1: E = -1.900779499723  <S**2> = +2.00000000  <N> = 4.00000000  Fidelity = 0.000000  CPU Time =  0.04  
      state2: E = -1.764318136998  <S**2> = +0.00000000  <N> = 4.00000000  Fidelity = 0.000000  CPU Time =  0.04  
      state3: E = -1.708685491054  <S**2> = +0.00000000  <N> = 4.00000000  Fidelity = 0.000000  CPU Time =  0.04  

  7.40
      state0: E = -1.915106549485  <S**2> = +0.00000000  <N> = 4.00000000  Fidelity = 0.000000  CPU Time =  0.04  
      state1: E = -1.900779500201  <S**2> = +2.00000000  <N> = 4.00000000  Fidelity = 0.000000  CPU Time =  0.04  
      state2: E = -1.764318166925  <S**2> = -0.00000000  <N> = 4.00000000  Fidelity = 0.000000  CPU Time =  0.04  
      state3: E = -1.708685491271  <S**2> = +0.00000000  <N> = 4.00000000  Fidelity = 0.000000  CPU Time =  0.04  

  7.50
      state0: E = -1.915106549489  <S**2> = +0.00000000  <N> = 4.00000000  Fidelity = 0.000000  CPU Time =  0.04  
      state1: E = -1.900779500581  <S**2> = +2.00000000  <N> = 4.00000000  Fidelity = 0.000000  CPU Time =  0.04  
      state2: E = -1.764318192081  <S**2> = +0.00000000  <N> = 4.00000000  Fidelity = 0.000000  CPU Time =  0.04  
      state3: E = -1.708685491455  <S**2> = +0.00000000  <N> = 4.00000000  Fidelity = 0.000000  CPU Time =  0.04  

  7.60
      state0: E = -1.915106549493  <S**2> = +0.00000000  <N> = 4.00000000  Fidelity = 0.000000  CPU Time =  0.04  
      state1: E = -1.900779500884  <S**2> = +2.00000000  <N> = 4.00000000  Fidelity = 0.000000  CPU Time =  0.04  
      state2: E = -1.764318213226  <S**2> = -0.00000000  <N> = 4.00000000  Fidelity = 0.000000  CPU Time =  0.04  
      state3: E = -1.708685491611  <S**2> = +0.00000000  <N> = 4.00000000  Fidelity = 0.000000  CPU Time =  0.04  

  7.70
      state0: E = -1.915106549496  <S**2> = +0.00000000  <N> = 4.00000000  Fidelity = 0.000000  CPU Time =  0.04  
      state1: E = -1.900779501126  <S**2> = +2.00000000  <N> = 4.00000000  Fidelity = 0.000000  CPU Time =  0.04  
      state2: E = -1.764318231000  <S**2> = +0.00000000  <N> = 4.00000000  Fidelity = 0.000000  CPU Time =  0.04  
      state3: E = -1.708685491744  <S**2> = +0.00000000  <N> = 4.00000000  Fidelity = 0.000000  CPU Time =  0.04  

  7.80
      state0: E = -1.915106549498  <S**2> = +0.00000000  <N> = 4.00000000  Fidelity = 0.000000  CPU Time =  0.04  
      state1: E = -1.900779501318  <S**2> = +2.00000000  <N> = 4.00000000  Fidelity = 0.000000  CPU Time =  0.04  
      state2: E = -1.764318245940  <S**2> = +0.00000000  <N> = 4.00000000  Fidelity = 0.000000  CPU Time =  0.04  
      state3: E = -1.708685491857  <S**2> = +0.00000000  <N> = 4.00000000  Fidelity = 0.000000  CPU Time =  0.04  

  7.90
      state0: E = -1.915106549501  <S**2> = +0.00000000  <N> = 4.00000000  Fidelity = 0.000000  CPU Time =  0.04  
      state1: E = -1.900779501471  <S**2> = +2.00000000  <N> = 4.00000000  Fidelity = 0.000000  CPU Time =  0.04  
      state2: E = -1.764318258499  <S**2> = +0.00000000  <N> = 4.00000000  Fidelity = 0.000000  CPU Time =  0.04  
      state3: E = -1.708685491953  <S**2> = +0.00000000  <N> = 4.00000000  Fidelity = 0.000000  CPU Time =  0.04  

  8.00
      state0: E = -1.915106549502  <S**2> = +0.00000000  <N> = 4.00000000  Fidelity = 0.000000  CPU Time =  0.04  
      state1: E = -1.900779501593  <S**2> = +2.00000000  <N> = 4.00000000  Fidelity = 0.000000  CPU Time =  0.04  
      state2: E = -1.764318269056  <S**2> = +0.00000000  <N> = 4.00000000  Fidelity = 0.000000  CPU Time =  0.04  
      state3: E = -1.708685492035  <S**2> = -0.00000000  <N> = 4.00000000  Fidelity = 0.000000  CPU Time =  0.04  

  8.10
      state0: E = -1.915106549504  <S**2> = +0.00000000  <N> = 4.00000000  Fidelity = 0.000000  CPU Time =  0.04  
      state1: E = -1.900779501691  <S**2> = +2.00000000  <N> = 4.00000000  Fidelity = 0.000000  CPU Time =  0.04  
      state2: E = -1.764318277929  <S**2> = +0.00000000  <N> = 4.00000000  Fidelity = 0.000000  CPU Time =  0.04  
      state3: E = -1.708685492104  <S**2> = +0.00000000  <N> = 4.00000000  Fidelity = 0.000000  CPU Time =  0.04  

  8.20
      state0: E = -1.915106549505  <S**2> = +0.00000000  <N> = 4.00000000  Fidelity = 0.000000  CPU Time =  0.04  
      state1: E = -1.900779501768  <S**2> = +2.00000000  <N> = 4.00000000  Fidelity = 0.000000  CPU Time =  0.04  
      state2: E = -1.764318285388  <S**2> = +0.00000000  <N> = 4.00000000  Fidelity = 0.000000  CPU Time =  0.04  
      state3: E = -1.708685492163  <S**2> = +0.00000000  <N> = 4.00000000  Fidelity = 0.000000  CPU Time =  0.04  

  8.30
      state0: E = -1.915106549506  <S**2> = +0.00000000  <N> = 4.00000000  Fidelity = 0.000000  CPU Time =  0.04  
      state1: E = -1.900779501830  <S**2> = +2.00000000  <N> = 4.00000000  Fidelity = 0.000000  CPU Time =  0.04  
      state2: E = -1.764318291658  <S**2> = -0.00000000  <N> = 4.00000000  Fidelity = 0.000000  CPU Time =  0.04  
      state3: E = -1.708685492213  <S**2> = +0.00000000  <N> = 4.00000000  Fidelity = 0.000000  CPU Time =  0.04  

  8.40
      state0: E = -1.915106549507  <S**2> = +0.00000000  <N> = 4.00000000  Fidelity = 0.000000  CPU Time =  0.04  
      state1: E = -1.900779501879  <S**2> = +2.00000000  <N> = 4.00000000  Fidelity = 0.000000  CPU Time =  0.04  
      state2: E = -1.764318296928  <S**2> = -0.00000000  <N> = 4.00000000  Fidelity = 0.000000  CPU Time =  0.04  
      state3: E = -1.708685492256  <S**2> = -0.00000000  <N> = 4.00000000  Fidelity = 0.000000  CPU Time =  0.04  

  8.50
      state0: E = -1.915106549508  <S**2> = +0.00000000  <N> = 4.00000000  Fidelity = 0.000000  CPU Time =  0.04  
      state1: E = -1.900779501918  <S**2> = +2.00000000  <N> = 4.00000000  Fidelity = 0.000000  CPU Time =  0.04  
      state2: E = -1.764318301358  <S**2> = -0.00000000  <N> = 4.00000000  Fidelity = 0.000000  CPU Time =  0.04  
      state3: E = -1.708685492292  <S**2> = +0.00000000  <N> = 4.00000000  Fidelity = 0.000000  CPU Time =  0.04  

  8.60
      state0: E = -1.915106549508  <S**2> = +0.00000000  <N> = 4.00000000  Fidelity = 0.000000  CPU Time =  0.04  
      state1: E = -1.900779501949  <S**2> = +2.00000000  <N> = 4.00000000  Fidelity = 0.000000  CPU Time =  0.04  
      state2: E = -1.764318305082  <S**2> = +0.00000000  <N> = 4.00000000  Fidelity = 0.000000  CPU Time =  0.04  
      state3: E = -1.708685492323  <S**2> = +0.00000000  <N> = 4.00000000  Fidelity = 0.000000  CPU Time =  0.04  

CONVERGED at beta=8.60.
Final:  
      E[0-MSQITE] = -1.915106549508  (<S**2> = +0.00000)  
      E[1-MSQITE] = -1.900779501949  (<S**2> = +2.00000)  
      E[2-MSQITE] = -1.764318305082  (<S**2> = +0.00000)  
      E[3-MSQITE] = -1.708685492323  (<S**2> = +0.00000)  
------------------------------------
QITE Basis   0
    Basis            Coef
| 00001111 > : +0.9801 +0.0000i
| 00111100 > : -0.1402 +0.0000i
| 11000011 > : -0.1237 +0.0000i

QITE Basis   1
    Basis            Coef
| 00011011 > : +0.9783 +0.0000i
| 10011001 > : +0.1255 +0.0000i

QITE Basis   2
    Basis            Coef
| 00100111 > : +0.9783 +0.0000i
| 01100110 > : -0.1255 +0.0000i

QITE Basis   3
    Basis            Coef
| 00110011 > : +0.9771 +0.0000i
| 00111100 > : -0.1399 +0.0000i
| 11000011 > : -0.1234 +0.0000i


Coefficients:

               0              1              2              3          

    0      0.0000017     -0.0000000      0.7078289     -0.7063840  
    1      0.7070815      0.7071320     -0.0000000      0.0000016  
    2     -0.7071320      0.7070815      0.0000000     -0.0000016  
    3     -0.0000016      0.0000000      0.7063840      0.7078288  

------------------------------------


###############################################
#               MSQITE   states               #
###############################################
State        : 0
E            : -1.91510655
<S**2>       : +0.00000
Superposition:
    Basis            Coef
| 00011011 > : +0.6896 +0.0000i
| 00100111 > : -0.6896 +0.0000i
| 01101001 > : -0.1214 +0.0000i
| 10010110 > : -0.1214 +0.0000i


State        : 1
E            : -1.90077950
<S**2>       : +2.00000
Superposition:
    Basis            Coef
| 00011011 > : +0.6940 +0.0000i
| 00100111 > : +0.6940 +0.0000i
| 01100110 > : -0.1043 +0.0000i
| 10011001 > : +0.1043 +0.0000i


State        : 2
E            : -1.76431831
<S**2>       : +0.00000
Superposition:
    Basis            Coef
| 00001111 > : +0.6795 +0.0000i
| 00110011 > : +0.6759 +0.0000i
| 00111100 > : -0.1981 +0.0000i
| 11000011 > : -0.1747 +0.0000i


State        : 3
E            : -1.70868549
<S**2>       : +0.00000
Superposition:
    Basis            Coef
| 00001111 > : -0.7067 +0.0000i
| 00110011 > : +0.7059 +0.0000i

###############################################
hamiltonian (qite) 
    Basis            Coef
| 00001111 > : +0.9801 +0.0000i
| 00111100 > : -0.1402 +0.0000i
| 11000011 > : -0.1237 +0.0000i

 === Computing 1RDM === 
No relaxed density available for qite

Dipole moment from 1RDM (in Debye):
x = -0.00000  y = 0.00000  z = -0.00000
| mu | = 0.00000
Saved in ./msqite_h4.qkt.
Normal termination of quket at 2022-05-25 10:07:27.227653
